{"/Users/chimin/Documents/script/jira-etl-dashboard/src/hooks/useKpiCalculations.ts": {"path":"/Users/chimin/Documents/script/jira-etl-dashboard/src/hooks/useKpiCalculations.ts","statementMap":{"0":{"start":{"line":59,"column":8},"end":{"line":59,"column":61}},"1":{"start":{"line":59,"column":44},"end":{"line":59,"column":61}},"2":{"start":{"line":60,"column":8},"end":{"line":60,"column":79}},"3":{"start":{"line":60,"column":53},"end":{"line":60,"column":79}},"4":{"start":{"line":61,"column":8},"end":{"line":61,"column":77}},"5":{"start":{"line":61,"column":52},"end":{"line":61,"column":77}},"6":{"start":{"line":62,"column":8},"end":{"line":62,"column":67}},"7":{"start":{"line":62,"column":47},"end":{"line":62,"column":67}},"8":{"start":{"line":63,"column":8},"end":{"line":63,"column":85}},"9":{"start":{"line":63,"column":56},"end":{"line":63,"column":85}},"10":{"start":{"line":64,"column":8},"end":{"line":64,"column":83}},"11":{"start":{"line":64,"column":55},"end":{"line":64,"column":83}},"12":{"start":{"line":66,"column":8},"end":{"line":66,"column":77}},"13":{"start":{"line":66,"column":52},"end":{"line":66,"column":77}},"14":{"start":{"line":67,"column":8},"end":{"line":67,"column":57}},"15":{"start":{"line":67,"column":42},"end":{"line":67,"column":57}},"16":{"start":{"line":68,"column":8},"end":{"line":68,"column":53}},"17":{"start":{"line":68,"column":40},"end":{"line":68,"column":53}},"18":{"start":{"line":69,"column":8},"end":{"line":69,"column":78}},"19":{"start":{"line":69,"column":46},"end":{"line":69,"column":78}},"20":{"start":{"line":72,"column":25},"end":{"line":72,"column":65}},"21":{"start":{"line":73,"column":25},"end":{"line":73,"column":78}},"22":{"start":{"line":74,"column":8},"end":{"line":74,"column":57}},"23":{"start":{"line":75,"column":8},"end":{"line":75,"column":64}},"24":{"start":{"line":80,"column":8},"end":{"line":126,"column":96}},"25":{"start":{"line":81,"column":4},"end":{"line":124,"column":null}},"26":{"start":{"line":83,"column":25},"end":{"line":83,"column":46}},"27":{"start":{"line":84,"column":24},"end":{"line":84,"column":67}},"28":{"start":{"line":84,"column":41},"end":{"line":84,"column":59}},"29":{"start":{"line":86,"column":23},"end":{"line":101,"column":8}},"30":{"start":{"line":103,"column":6},"end":{"line":103,"column":null}},"31":{"start":{"line":105,"column":6},"end":{"line":107,"column":null}},"32":{"start":{"line":106,"column":8},"end":{"line":106,"column":null}},"33":{"start":{"line":107,"column":8},"end":{"line":107,"column":null}},"34":{"start":{"line":110,"column":41},"end":{"line":110,"column":62}},"35":{"start":{"line":112,"column":6},"end":{"line":114,"column":null}},"36":{"start":{"line":113,"column":8},"end":{"line":113,"column":null}},"37":{"start":{"line":114,"column":8},"end":{"line":114,"column":null}},"38":{"start":{"line":117,"column":6},"end":{"line":117,"column":null}},"39":{"start":{"line":119,"column":6},"end":{"line":122,"column":null}},"40":{"start":{"line":120,"column":8},"end":{"line":120,"column":null}},"41":{"start":{"line":122,"column":8},"end":{"line":122,"column":null}},"42":{"start":{"line":124,"column":6},"end":{"line":124,"column":null}},"43":{"start":{"line":134,"column":4},"end":{"line":143,"column":4}},"44":{"start":{"line":148,"column":2},"end":{"line":152,"column":null}},"45":{"start":{"line":149,"column":4},"end":{"line":150,"column":null}},"46":{"start":{"line":150,"column":6},"end":{"line":150,"column":null}},"47":{"start":{"line":157,"column":8},"end":{"line":199,"column":105}},"48":{"start":{"line":158,"column":25},"end":{"line":158,"column":null}},"49":{"start":{"line":161,"column":4},"end":{"line":163,"column":null}},"50":{"start":{"line":162,"column":6},"end":{"line":162,"column":null}},"51":{"start":{"line":163,"column":6},"end":{"line":163,"column":null}},"52":{"start":{"line":166,"column":4},"end":{"line":166,"column":null}},"53":{"start":{"line":167,"column":4},"end":{"line":167,"column":null}},"54":{"start":{"line":168,"column":4},"end":{"line":168,"column":null}},"55":{"start":{"line":170,"column":4},"end":{"line":197,"column":null}},"56":{"start":{"line":171,"column":6},"end":{"line":192,"column":null}},"57":{"start":{"line":173,"column":8},"end":{"line":173,"column":null}},"58":{"start":{"line":174,"column":23},"end":{"line":174,"column":51}},"59":{"start":{"line":175,"column":29},"end":{"line":175,"column":null}},"60":{"start":{"line":178,"column":8},"end":{"line":187,"column":null}},"61":{"start":{"line":179,"column":10},"end":{"line":179,"column":null}},"62":{"start":{"line":182,"column":32},"end":{"line":182,"column":null}},"63":{"start":{"line":183,"column":22},"end":{"line":184,"column":null}},"64":{"start":{"line":184,"column":58},"end":{"line":184,"column":64}},"65":{"start":{"line":186,"column":10},"end":{"line":186,"column":null}},"66":{"start":{"line":187,"column":10},"end":{"line":187,"column":null}},"67":{"start":{"line":191,"column":8},"end":{"line":191,"column":null}},"68":{"start":{"line":192,"column":8},"end":{"line":192,"column":null}},"69":{"start":{"line":195,"column":6},"end":{"line":195,"column":null}},"70":{"start":{"line":196,"column":6},"end":{"line":196,"column":null}},"71":{"start":{"line":197,"column":6},"end":{"line":197,"column":null}},"72":{"start":{"line":204,"column":8},"end":{"line":206,"column":8}},"73":{"start":{"line":205,"column":4},"end":{"line":205,"column":null}},"74":{"start":{"line":211,"column":2},"end":{"line":234,"column":null}},"75":{"start":{"line":213,"column":4},"end":{"line":218,"column":null}},"76":{"start":{"line":214,"column":6},"end":{"line":216,"column":null}},"77":{"start":{"line":215,"column":8},"end":{"line":215,"column":null}},"78":{"start":{"line":216,"column":8},"end":{"line":216,"column":null}},"79":{"start":{"line":218,"column":6},"end":{"line":218,"column":null}},"80":{"start":{"line":222,"column":4},"end":{"line":226,"column":null}},"81":{"start":{"line":223,"column":6},"end":{"line":224,"column":null}},"82":{"start":{"line":224,"column":8},"end":{"line":224,"column":null}},"83":{"start":{"line":228,"column":4},"end":{"line":231,"column":null}},"84":{"start":{"line":229,"column":6},"end":{"line":231,"column":null}},"85":{"start":{"line":230,"column":8},"end":{"line":230,"column":null}},"86":{"start":{"line":231,"column":8},"end":{"line":231,"column":null}},"87":{"start":{"line":243,"column":2},"end":{"line":252,"column":null}},"88":{"start":{"line":244,"column":4},"end":{"line":250,"column":null}},"89":{"start":{"line":245,"column":6},"end":{"line":246,"column":null}},"90":{"start":{"line":246,"column":8},"end":{"line":246,"column":null}},"91":{"start":{"line":250,"column":6},"end":{"line":250,"column":null}},"92":{"start":{"line":255,"column":8},"end":{"line":268,"column":27}},"93":{"start":{"line":256,"column":44},"end":{"line":256,"column":46}},"94":{"start":{"line":257,"column":4},"end":{"line":265,"column":null}},"95":{"start":{"line":258,"column":6},"end":{"line":260,"column":null}},"96":{"start":{"line":259,"column":8},"end":{"line":259,"column":null}},"97":{"start":{"line":263,"column":6},"end":{"line":265,"column":null}},"98":{"start":{"line":264,"column":8},"end":{"line":264,"column":null}},"99":{"start":{"line":267,"column":4},"end":{"line":267,"column":null}},"100":{"start":{"line":270,"column":24},"end":{"line":270,"column":null}},"101":{"start":{"line":272,"column":2},"end":{"line":280,"column":null}}},"fnMap":{"0":{"name":"useKpiCalculations","decl":{"start":{"line":52,"column":16},"end":{"line":52,"column":null}},"loc":{"start":{"line":57,"column":28},"end":{"line":280,"column":null}},"line":57},"1":{"name":"(anonymous_1)","decl":{"start":{"line":59,"column":21},"end":{"line":59,"column":34}},"loc":{"start":{"line":59,"column":44},"end":{"line":59,"column":61}},"line":59},"2":{"name":"(anonymous_2)","decl":{"start":{"line":60,"column":30},"end":{"line":60,"column":43}},"loc":{"start":{"line":60,"column":53},"end":{"line":60,"column":79}},"line":60},"3":{"name":"(anonymous_3)","decl":{"start":{"line":61,"column":29},"end":{"line":61,"column":42}},"loc":{"start":{"line":61,"column":52},"end":{"line":61,"column":77}},"line":61},"4":{"name":"(anonymous_4)","decl":{"start":{"line":62,"column":24},"end":{"line":62,"column":37}},"loc":{"start":{"line":62,"column":47},"end":{"line":62,"column":67}},"line":62},"5":{"name":"(anonymous_5)","decl":{"start":{"line":63,"column":33},"end":{"line":63,"column":46}},"loc":{"start":{"line":63,"column":56},"end":{"line":63,"column":85}},"line":63},"6":{"name":"(anonymous_6)","decl":{"start":{"line":64,"column":32},"end":{"line":64,"column":45}},"loc":{"start":{"line":64,"column":55},"end":{"line":64,"column":83}},"line":64},"7":{"name":"(anonymous_7)","decl":{"start":{"line":66,"column":29},"end":{"line":66,"column":42}},"loc":{"start":{"line":66,"column":52},"end":{"line":66,"column":77}},"line":66},"8":{"name":"(anonymous_8)","decl":{"start":{"line":67,"column":19},"end":{"line":67,"column":32}},"loc":{"start":{"line":67,"column":42},"end":{"line":67,"column":57}},"line":67},"9":{"name":"(anonymous_9)","decl":{"start":{"line":68,"column":17},"end":{"line":68,"column":30}},"loc":{"start":{"line":68,"column":40},"end":{"line":68,"column":53}},"line":68},"10":{"name":"(anonymous_10)","decl":{"start":{"line":69,"column":23},"end":{"line":69,"column":36}},"loc":{"start":{"line":69,"column":46},"end":{"line":69,"column":78}},"line":69},"11":{"name":"(anonymous_11)","decl":{"start":{"line":80,"column":43},"end":{"line":80,"column":81}},"loc":{"start":{"line":80,"column":81},"end":{"line":126,"column":6}},"line":80},"12":{"name":"(anonymous_12)","decl":{"start":{"line":84,"column":24},"end":{"line":84,"column":41}},"loc":{"start":{"line":84,"column":41},"end":{"line":84,"column":59}},"line":84},"13":{"name":"(anonymous_13)","decl":{"start":{"line":148,"column":2},"end":{"line":148,"column":18}},"loc":{"start":{"line":148,"column":18},"end":{"line":152,"column":6}},"line":148},"14":{"name":"(anonymous_14)","decl":{"start":{"line":157,"column":41},"end":{"line":157,"column":48}},"loc":{"start":{"line":157,"column":70},"end":{"line":199,"column":6}},"line":157},"15":{"name":"(anonymous_15)","decl":{"start":{"line":184,"column":42},"end":{"line":184,"column":47}},"loc":{"start":{"line":184,"column":58},"end":{"line":184,"column":64}},"line":184},"16":{"name":"(anonymous_16)","decl":{"start":{"line":204,"column":28},"end":{"line":204,"column":41}},"loc":{"start":{"line":204,"column":62},"end":{"line":206,"column":7}},"line":204},"17":{"name":"(anonymous_17)","decl":{"start":{"line":211,"column":2},"end":{"line":211,"column":18}},"loc":{"start":{"line":211,"column":18},"end":{"line":234,"column":6}},"line":211},"18":{"name":"(anonymous_18)","decl":{"start":{"line":222,"column":33},"end":{"line":222,"column":51}},"loc":{"start":{"line":222,"column":51},"end":{"line":226,"column":13}},"line":222},"19":{"name":"(anonymous_19)","decl":{"start":{"line":228,"column":4},"end":{"line":228,"column":17}},"loc":{"start":{"line":228,"column":17},"end":{"line":231,"column":null}},"line":228},"20":{"name":"(anonymous_20)","decl":{"start":{"line":243,"column":2},"end":{"line":243,"column":18}},"loc":{"start":{"line":243,"column":18},"end":{"line":252,"column":7}},"line":243},"21":{"name":"(anonymous_21)","decl":{"start":{"line":244,"column":4},"end":{"line":244,"column":17}},"loc":{"start":{"line":244,"column":17},"end":{"line":250,"column":null}},"line":244},"22":{"name":"(anonymous_22)","decl":{"start":{"line":255,"column":61},"end":{"line":255,"column":75}},"loc":{"start":{"line":255,"column":75},"end":{"line":268,"column":6}},"line":255},"23":{"name":"(anonymous_23)","decl":{"start":{"line":258,"column":26},"end":{"line":258,"column":35}},"loc":{"start":{"line":258,"column":50},"end":{"line":260,"column":null}},"line":258},"24":{"name":"(anonymous_24)","decl":{"start":{"line":263,"column":42},"end":{"line":263,"column":51}},"loc":{"start":{"line":263,"column":68},"end":{"line":265,"column":null}},"line":263}},"branchMap":{"0":{"loc":{"start":{"line":97,"column":25},"end":{"line":97,"column":44}},"type":"binary-expr","locations":[{"start":{"line":97,"column":25},"end":{"line":97,"column":42}},{"start":{"line":97,"column":42},"end":{"line":97,"column":44}}],"line":97},"1":{"loc":{"start":{"line":98,"column":18},"end":{"line":98,"column":null}},"type":"binary-expr","locations":[{"start":{"line":98,"column":18},"end":{"line":98,"column":34}},{"start":{"line":98,"column":34},"end":{"line":98,"column":null}}],"line":98},"2":{"loc":{"start":{"line":105,"column":6},"end":{"line":107,"column":null}},"type":"if","locations":[{"start":{"line":105,"column":6},"end":{"line":107,"column":null}},{"start":{},"end":{}}],"line":105},"3":{"loc":{"start":{"line":112,"column":6},"end":{"line":114,"column":null}},"type":"if","locations":[{"start":{"line":112,"column":6},"end":{"line":114,"column":null}},{"start":{},"end":{}}],"line":112},"4":{"loc":{"start":{"line":112,"column":10},"end":{"line":112,"column":42}},"type":"binary-expr","locations":[{"start":{"line":112,"column":10},"end":{"line":112,"column":27}},{"start":{"line":112,"column":27},"end":{"line":112,"column":42}}],"line":112},"5":{"loc":{"start":{"line":119,"column":6},"end":{"line":122,"column":null}},"type":"if","locations":[{"start":{"line":119,"column":6},"end":{"line":122,"column":null}},{"start":{"line":121,"column":13},"end":{"line":122,"column":null}}],"line":119},"6":{"loc":{"start":{"line":119,"column":10},"end":{"line":119,"column":65}},"type":"binary-expr","locations":[{"start":{"line":119,"column":10},"end":{"line":119,"column":36}},{"start":{"line":119,"column":36},"end":{"line":119,"column":65}}],"line":119},"7":{"loc":{"start":{"line":132,"column":10},"end":{"line":132,"column":27}},"type":"default-arg","locations":[{"start":{"line":132,"column":25},"end":{"line":132,"column":27}}],"line":132},"8":{"loc":{"start":{"line":149,"column":4},"end":{"line":150,"column":null}},"type":"if","locations":[{"start":{"line":149,"column":4},"end":{"line":150,"column":null}},{"start":{},"end":{}}],"line":149},"9":{"loc":{"start":{"line":158,"column":25},"end":{"line":158,"column":null}},"type":"binary-expr","locations":[{"start":{"line":158,"column":25},"end":{"line":158,"column":37}},{"start":{"line":158,"column":37},"end":{"line":158,"column":null}}],"line":158},"10":{"loc":{"start":{"line":161,"column":4},"end":{"line":163,"column":null}},"type":"if","locations":[{"start":{"line":161,"column":4},"end":{"line":163,"column":null}},{"start":{},"end":{}}],"line":161},"11":{"loc":{"start":{"line":171,"column":6},"end":{"line":192,"column":null}},"type":"if","locations":[{"start":{"line":171,"column":6},"end":{"line":192,"column":null}},{"start":{"line":189,"column":13},"end":{"line":192,"column":null}}],"line":171},"12":{"loc":{"start":{"line":178,"column":8},"end":{"line":187,"column":null}},"type":"if","locations":[{"start":{"line":178,"column":8},"end":{"line":187,"column":null}},{"start":{"line":180,"column":15},"end":{"line":187,"column":null}}],"line":178},"13":{"loc":{"start":{"line":213,"column":4},"end":{"line":218,"column":null}},"type":"if","locations":[{"start":{"line":213,"column":4},"end":{"line":218,"column":null}},{"start":{},"end":{}}],"line":213},"14":{"loc":{"start":{"line":213,"column":8},"end":{"line":213,"column":57}},"type":"binary-expr","locations":[{"start":{"line":213,"column":8},"end":{"line":213,"column":40}},{"start":{"line":213,"column":40},"end":{"line":213,"column":57}}],"line":213},"15":{"loc":{"start":{"line":214,"column":6},"end":{"line":216,"column":null}},"type":"if","locations":[{"start":{"line":214,"column":6},"end":{"line":216,"column":null}},{"start":{},"end":{}}],"line":214},"16":{"loc":{"start":{"line":223,"column":6},"end":{"line":224,"column":null}},"type":"if","locations":[{"start":{"line":223,"column":6},"end":{"line":224,"column":null}},{"start":{},"end":{}}],"line":223},"17":{"loc":{"start":{"line":229,"column":6},"end":{"line":231,"column":null}},"type":"if","locations":[{"start":{"line":229,"column":6},"end":{"line":231,"column":null}},{"start":{},"end":{}}],"line":229},"18":{"loc":{"start":{"line":245,"column":6},"end":{"line":246,"column":null}},"type":"if","locations":[{"start":{"line":245,"column":6},"end":{"line":246,"column":null}},{"start":{},"end":{}}],"line":245},"19":{"loc":{"start":{"line":257,"column":4},"end":{"line":265,"column":null}},"type":"if","locations":[{"start":{"line":257,"column":4},"end":{"line":265,"column":null}},{"start":{"line":261,"column":11},"end":{"line":265,"column":null}}],"line":257},"20":{"loc":{"start":{"line":270,"column":24},"end":{"line":270,"column":null}},"type":"binary-expr","locations":[{"start":{"line":270,"column":24},"end":{"line":270,"column":42}},{"start":{"line":270,"column":42},"end":{"line":270,"column":null}}],"line":270}},"s":{"0":61,"1":61,"2":61,"3":61,"4":61,"5":61,"6":61,"7":61,"8":61,"9":61,"10":61,"11":61,"12":61,"13":61,"14":61,"15":61,"16":61,"17":61,"18":61,"19":61,"20":61,"21":61,"22":61,"23":61,"24":61,"25":47,"26":47,"27":47,"28":0,"29":47,"30":45,"31":45,"32":1,"33":1,"34":40,"35":40,"36":40,"37":40,"38":0,"39":6,"40":0,"41":6,"42":6,"43":61,"44":61,"45":61,"46":0,"47":61,"48":13,"49":13,"50":1,"51":1,"52":12,"53":12,"54":12,"55":12,"56":12,"57":5,"58":5,"59":5,"60":5,"61":0,"62":5,"63":5,"64":0,"65":5,"66":5,"67":7,"68":7,"69":12,"70":12,"71":12,"72":61,"73":3,"74":61,"75":61,"76":61,"77":0,"78":0,"79":61,"80":0,"81":0,"82":0,"83":0,"84":0,"85":0,"86":0,"87":61,"88":32,"89":32,"90":0,"91":32,"92":61,"93":61,"94":61,"95":0,"96":0,"97":61,"98":0,"99":61,"100":61,"101":61},"f":{"0":61,"1":61,"2":61,"3":61,"4":61,"5":61,"6":61,"7":61,"8":61,"9":61,"10":61,"11":47,"12":0,"13":61,"14":13,"15":0,"16":3,"17":61,"18":0,"19":0,"20":32,"21":32,"22":61,"23":0,"24":0},"b":{"0":[47,37],"1":[47,0],"2":[1,44],"3":[40,0],"4":[40,0],"5":[0,6],"6":[6,6],"7":[61],"8":[0,61],"9":[13,8],"10":[1,12],"11":[5,7],"12":[0,5],"13":[61,0],"14":[61,0],"15":[0,61],"16":[0,0],"17":[0,0],"18":[0,32],"19":[0,61],"20":[61,28]},"meta":{"lastBranch":21,"lastFunction":25,"lastStatement":102,"seen":{"f:52:16:52:Infinity":0,"s:59:8:59:61":0,"f:59:21:59:34":1,"s:59:44:59:61":1,"s:60:8:60:79":2,"f:60:30:60:43":2,"s:60:53:60:79":3,"s:61:8:61:77":4,"f:61:29:61:42":3,"s:61:52:61:77":5,"s:62:8:62:67":6,"f:62:24:62:37":4,"s:62:47:62:67":7,"s:63:8:63:85":8,"f:63:33:63:46":5,"s:63:56:63:85":9,"s:64:8:64:83":10,"f:64:32:64:45":6,"s:64:55:64:83":11,"s:66:8:66:77":12,"f:66:29:66:42":7,"s:66:52:66:77":13,"s:67:8:67:57":14,"f:67:19:67:32":8,"s:67:42:67:57":15,"s:68:8:68:53":16,"f:68:17:68:30":9,"s:68:40:68:53":17,"s:69:8:69:78":18,"f:69:23:69:36":10,"s:69:46:69:78":19,"s:72:25:72:65":20,"s:73:25:73:78":21,"s:74:8:74:57":22,"s:75:8:75:64":23,"s:80:8:126:96":24,"f:80:43:80:81":11,"s:81:4:124:Infinity":25,"s:83:25:83:46":26,"s:84:24:84:67":27,"f:84:24:84:41":12,"s:84:41:84:59":28,"s:86:23:101:8":29,"b:97:25:97:42:97:42:97:44":0,"b:98:18:98:34:98:34:98:Infinity":1,"s:103:6:103:Infinity":30,"b:105:6:107:Infinity:undefined:undefined:undefined:undefined":2,"s:105:6:107:Infinity":31,"s:106:8:106:Infinity":32,"s:107:8:107:Infinity":33,"s:110:41:110:62":34,"b:112:6:114:Infinity:undefined:undefined:undefined:undefined":3,"s:112:6:114:Infinity":35,"b:112:10:112:27:112:27:112:42":4,"s:113:8:113:Infinity":36,"s:114:8:114:Infinity":37,"s:117:6:117:Infinity":38,"b:119:6:122:Infinity:121:13:122:Infinity":5,"s:119:6:122:Infinity":39,"b:119:10:119:36:119:36:119:65":6,"s:120:8:120:Infinity":40,"s:122:8:122:Infinity":41,"s:124:6:124:Infinity":42,"s:134:4:143:4":43,"b:132:25:132:27":7,"s:148:2:152:Infinity":44,"f:148:2:148:18":13,"b:149:4:150:Infinity:undefined:undefined:undefined:undefined":8,"s:149:4:150:Infinity":45,"s:150:6:150:Infinity":46,"s:157:8:199:105":47,"f:157:41:157:48":14,"s:158:25:158:Infinity":48,"b:158:25:158:37:158:37:158:Infinity":9,"b:161:4:163:Infinity:undefined:undefined:undefined:undefined":10,"s:161:4:163:Infinity":49,"s:162:6:162:Infinity":50,"s:163:6:163:Infinity":51,"s:166:4:166:Infinity":52,"s:167:4:167:Infinity":53,"s:168:4:168:Infinity":54,"s:170:4:197:Infinity":55,"b:171:6:192:Infinity:189:13:192:Infinity":11,"s:171:6:192:Infinity":56,"s:173:8:173:Infinity":57,"s:174:23:174:51":58,"s:175:29:175:Infinity":59,"b:178:8:187:Infinity:180:15:187:Infinity":12,"s:178:8:187:Infinity":60,"s:179:10:179:Infinity":61,"s:182:32:182:Infinity":62,"s:183:22:184:Infinity":63,"f:184:42:184:47":15,"s:184:58:184:64":64,"s:186:10:186:Infinity":65,"s:187:10:187:Infinity":66,"s:191:8:191:Infinity":67,"s:192:8:192:Infinity":68,"s:195:6:195:Infinity":69,"s:196:6:196:Infinity":70,"s:197:6:197:Infinity":71,"s:204:8:206:8":72,"f:204:28:204:41":16,"s:205:4:205:Infinity":73,"s:211:2:234:Infinity":74,"f:211:2:211:18":17,"b:213:4:218:Infinity:undefined:undefined:undefined:undefined":13,"s:213:4:218:Infinity":75,"b:213:8:213:40:213:40:213:57":14,"b:214:6:216:Infinity:undefined:undefined:undefined:undefined":15,"s:214:6:216:Infinity":76,"s:215:8:215:Infinity":77,"s:216:8:216:Infinity":78,"s:218:6:218:Infinity":79,"s:222:4:226:Infinity":80,"f:222:33:222:51":18,"b:223:6:224:Infinity:undefined:undefined:undefined:undefined":16,"s:223:6:224:Infinity":81,"s:224:8:224:Infinity":82,"s:228:4:231:Infinity":83,"f:228:4:228:17":19,"b:229:6:231:Infinity:undefined:undefined:undefined:undefined":17,"s:229:6:231:Infinity":84,"s:230:8:230:Infinity":85,"s:231:8:231:Infinity":86,"s:243:2:252:Infinity":87,"f:243:2:243:18":20,"s:244:4:250:Infinity":88,"f:244:4:244:17":21,"b:245:6:246:Infinity:undefined:undefined:undefined:undefined":18,"s:245:6:246:Infinity":89,"s:246:8:246:Infinity":90,"s:250:6:250:Infinity":91,"s:255:8:268:27":92,"f:255:61:255:75":22,"s:256:44:256:46":93,"b:257:4:265:Infinity:261:11:265:Infinity":19,"s:257:4:265:Infinity":94,"s:258:6:260:Infinity":95,"f:258:26:258:35":23,"s:259:8:259:Infinity":96,"s:263:6:265:Infinity":97,"f:263:42:263:51":24,"s:264:8:264:Infinity":98,"s:267:4:267:Infinity":99,"s:270:24:270:Infinity":100,"b:270:24:270:42:270:42:270:Infinity":20,"s:272:2:280:Infinity":101}}}
}
