{"/Users/chimin/Documents/script/jira-etl-dashboard/src/components/dashboard/JqlAutocomplete.tsx": {"path":"/Users/chimin/Documents/script/jira-etl-dashboard/src/components/dashboard/JqlAutocomplete.tsx","statementMap":{"0":{"start":{"line":1,"column":0},"end":{"line":1,"column":null}},"1":{"start":{"line":37,"column":13},"end":{"line":247,"column":null}},"2":{"start":{"line":44,"column":15},"end":{"line":44,"column":41}},"3":{"start":{"line":45,"column":21},"end":{"line":45,"column":53}},"4":{"start":{"line":46,"column":25},"end":{"line":46,"column":57}},"5":{"start":{"line":47,"column":8},"end":{"line":47,"column":49}},"6":{"start":{"line":50,"column":2},"end":{"line":50,"column":null}},"7":{"start":{"line":50,"column":33},"end":{"line":50,"column":51}},"8":{"start":{"line":52,"column":2},"end":{"line":54,"column":null}},"9":{"start":{"line":53,"column":4},"end":{"line":53,"column":null}},"10":{"start":{"line":56,"column":8},"end":{"line":69,"column":8}},"11":{"start":{"line":56,"column":45},"end":{"line":69,"column":5}},"12":{"start":{"line":71,"column":8},"end":{"line":80,"column":8}},"13":{"start":{"line":71,"column":48},"end":{"line":80,"column":5}},"14":{"start":{"line":83,"column":8},"end":{"line":87,"column":null}},"15":{"start":{"line":84,"column":25},"end":{"line":84,"column":60}},"16":{"start":{"line":86,"column":18},"end":{"line":86,"column":48}},"17":{"start":{"line":87,"column":4},"end":{"line":87,"column":null}},"18":{"start":{"line":90,"column":22},"end":{"line":90,"column":38}},"19":{"start":{"line":92,"column":8},"end":{"line":155,"column":87}},"20":{"start":{"line":93,"column":4},"end":{"line":93,"column":null}},"21":{"start":{"line":93,"column":31},"end":{"line":93,"column":null}},"22":{"start":{"line":95,"column":22},"end":{"line":95,"column":47}},"23":{"start":{"line":98,"column":25},"end":{"line":98,"column":67}},"24":{"start":{"line":99,"column":18},"end":{"line":99,"column":43}},"25":{"start":{"line":100,"column":21},"end":{"line":100,"column":59}},"26":{"start":{"line":101,"column":27},"end":{"line":101,"column":65}},"27":{"start":{"line":102,"column":26},"end":{"line":102,"column":64}},"28":{"start":{"line":110,"column":31},"end":{"line":110,"column":null}},"29":{"start":{"line":111,"column":4},"end":{"line":114,"column":null}},"30":{"start":{"line":112,"column":6},"end":{"line":112,"column":null}},"31":{"start":{"line":113,"column":11},"end":{"line":114,"column":null}},"32":{"start":{"line":114,"column":6},"end":{"line":114,"column":null}},"33":{"start":{"line":119,"column":4},"end":{"line":124,"column":null}},"34":{"start":{"line":120,"column":28},"end":{"line":120,"column":92}},"35":{"start":{"line":121,"column":6},"end":{"line":121,"column":null}},"36":{"start":{"line":123,"column":6},"end":{"line":124,"column":null}},"37":{"start":{"line":124,"column":8},"end":{"line":124,"column":null}},"38":{"start":{"line":128,"column":4},"end":{"line":144,"column":null}},"39":{"start":{"line":129,"column":40},"end":{"line":129,"column":42}},"40":{"start":{"line":132,"column":6},"end":{"line":133,"column":null}},"41":{"start":{"line":133,"column":8},"end":{"line":133,"column":null}},"42":{"start":{"line":136,"column":6},"end":{"line":142,"column":null}},"43":{"start":{"line":136,"column":30},"end":{"line":136,"column":null}},"44":{"start":{"line":136,"column":81},"end":{"line":136,"column":146}},"45":{"start":{"line":137,"column":11},"end":{"line":142,"column":null}},"46":{"start":{"line":137,"column":37},"end":{"line":137,"column":null}},"47":{"start":{"line":137,"column":90},"end":{"line":137,"column":157}},"48":{"start":{"line":138,"column":11},"end":{"line":142,"column":null}},"49":{"start":{"line":138,"column":36},"end":{"line":138,"column":null}},"50":{"start":{"line":138,"column":88},"end":{"line":138,"column":154}},"51":{"start":{"line":139,"column":11},"end":{"line":142,"column":null}},"52":{"start":{"line":139,"column":38},"end":{"line":139,"column":null}},"53":{"start":{"line":139,"column":92},"end":{"line":139,"column":161}},"54":{"start":{"line":140,"column":11},"end":{"line":142,"column":null}},"55":{"start":{"line":140,"column":37},"end":{"line":140,"column":null}},"56":{"start":{"line":140,"column":90},"end":{"line":140,"column":157}},"57":{"start":{"line":141,"column":11},"end":{"line":142,"column":null}},"58":{"start":{"line":141,"column":56},"end":{"line":141,"column":null}},"59":{"start":{"line":141,"column":106},"end":{"line":141,"column":170}},"60":{"start":{"line":142,"column":11},"end":{"line":142,"column":null}},"61":{"start":{"line":142,"column":64},"end":{"line":142,"column":null}},"62":{"start":{"line":142,"column":118},"end":{"line":142,"column":186}},"63":{"start":{"line":144,"column":6},"end":{"line":144,"column":null}},"64":{"start":{"line":144,"column":37},"end":{"line":144,"column":78}},"65":{"start":{"line":148,"column":27},"end":{"line":148,"column":88}},"66":{"start":{"line":148,"column":46},"end":{"line":148,"column":87}},"67":{"start":{"line":149,"column":30},"end":{"line":149,"column":94}},"68":{"start":{"line":149,"column":52},"end":{"line":149,"column":93}},"69":{"start":{"line":151,"column":4},"end":{"line":154,"column":null}},"70":{"start":{"line":152,"column":34},"end":{"line":152,"column":64}},"71":{"start":{"line":153,"column":37},"end":{"line":153,"column":70}},"72":{"start":{"line":157,"column":8},"end":{"line":177,"column":null}},"73":{"start":{"line":158,"column":29},"end":{"line":158,"column":64}},"74":{"start":{"line":159,"column":28},"end":{"line":159,"column":60}},"75":{"start":{"line":162,"column":27},"end":{"line":162,"column":60}},"76":{"start":{"line":163,"column":19},"end":{"line":163,"column":93}},"77":{"start":{"line":165,"column":21},"end":{"line":165,"column":76}},"78":{"start":{"line":166,"column":4},"end":{"line":166,"column":null}},"79":{"start":{"line":167,"column":4},"end":{"line":167,"column":null}},"80":{"start":{"line":168,"column":4},"end":{"line":168,"column":null}},"81":{"start":{"line":171,"column":25},"end":{"line":171,"column":null}},"82":{"start":{"line":172,"column":4},"end":{"line":177,"column":null}},"83":{"start":{"line":173,"column":6},"end":{"line":175,"column":null}},"84":{"start":{"line":174,"column":8},"end":{"line":174,"column":null}},"85":{"start":{"line":175,"column":8},"end":{"line":175,"column":null}},"86":{"start":{"line":180,"column":2},"end":{"line":245,"column":null}},"87":{"start":{"line":191,"column":16},"end":{"line":191,"column":null}},"88":{"start":{"line":192,"column":16},"end":{"line":192,"column":null}},"89":{"start":{"line":193,"column":16},"end":{"line":193,"column":null}},"90":{"start":{"line":194,"column":16},"end":{"line":194,"column":null}},"91":{"start":{"line":194,"column":27},"end":{"line":194,"column":null}},"92":{"start":{"line":196,"column":30},"end":{"line":196,"column":99}},"93":{"start":{"line":197,"column":30},"end":{"line":197,"column":99}},"94":{"start":{"line":198,"column":30},"end":{"line":198,"column":99}},"95":{"start":{"line":200,"column":16},"end":{"line":200,"column":null}},"96":{"start":{"line":200,"column":40},"end":{"line":200,"column":null}},"97":{"start":{"line":209,"column":34},"end":{"line":209,"column":52}},"98":{"start":{"line":215,"column":44},"end":{"line":215,"column":92}},"99":{"start":{"line":215,"column":68},"end":{"line":215,"column":92}},"100":{"start":{"line":216,"column":16},"end":{"line":216,"column":null}},"101":{"start":{"line":216,"column":54},"end":{"line":216,"column":null}},"102":{"start":{"line":218,"column":16},"end":{"line":238,"column":null}},"103":{"start":{"line":221,"column":22},"end":{"line":236,"column":null}},"104":{"start":{"line":223,"column":40},"end":{"line":223,"column":61}},"105":{"start":{"line":249,"column":0},"end":{"line":249,"column":null}}},"fnMap":{"0":{"name":"(anonymous_0)","decl":{"start":{"line":37,"column":31},"end":{"line":37,"column":83}},"loc":{"start":{"line":43,"column":11},"end":{"line":247,"column":null}},"line":43},"1":{"name":"(anonymous_1)","decl":{"start":{"line":50,"column":22},"end":{"line":50,"column":33}},"loc":{"start":{"line":50,"column":33},"end":{"line":50,"column":51}},"line":50},"2":{"name":"(anonymous_2)","decl":{"start":{"line":52,"column":2},"end":{"line":52,"column":18}},"loc":{"start":{"line":52,"column":18},"end":{"line":54,"column":6}},"line":52},"3":{"name":"(anonymous_3)","decl":{"start":{"line":56,"column":31},"end":{"line":56,"column":45}},"loc":{"start":{"line":56,"column":45},"end":{"line":69,"column":5}},"line":56},"4":{"name":"(anonymous_4)","decl":{"start":{"line":71,"column":34},"end":{"line":71,"column":48}},"loc":{"start":{"line":71,"column":48},"end":{"line":80,"column":5}},"line":71},"5":{"name":"(anonymous_5)","decl":{"start":{"line":83,"column":8},"end":{"line":83,"column":31}},"loc":{"start":{"line":83,"column":31},"end":{"line":87,"column":null}},"line":83},"6":{"name":"(anonymous_6)","decl":{"start":{"line":92,"column":22},"end":{"line":92,"column":36}},"loc":{"start":{"line":92,"column":36},"end":{"line":155,"column":6}},"line":92},"7":{"name":"(anonymous_7)","decl":{"start":{"line":136,"column":71},"end":{"line":136,"column":75}},"loc":{"start":{"line":136,"column":81},"end":{"line":136,"column":146}},"line":136},"8":{"name":"(anonymous_8)","decl":{"start":{"line":137,"column":80},"end":{"line":137,"column":84}},"loc":{"start":{"line":137,"column":90},"end":{"line":137,"column":157}},"line":137},"9":{"name":"(anonymous_9)","decl":{"start":{"line":138,"column":78},"end":{"line":138,"column":82}},"loc":{"start":{"line":138,"column":88},"end":{"line":138,"column":154}},"line":138},"10":{"name":"(anonymous_10)","decl":{"start":{"line":139,"column":82},"end":{"line":139,"column":86}},"loc":{"start":{"line":139,"column":92},"end":{"line":139,"column":161}},"line":139},"11":{"name":"(anonymous_11)","decl":{"start":{"line":140,"column":80},"end":{"line":140,"column":84}},"loc":{"start":{"line":140,"column":90},"end":{"line":140,"column":157}},"line":140},"12":{"name":"(anonymous_12)","decl":{"start":{"line":141,"column":96},"end":{"line":141,"column":100}},"loc":{"start":{"line":141,"column":106},"end":{"line":141,"column":170}},"line":141},"13":{"name":"(anonymous_13)","decl":{"start":{"line":142,"column":108},"end":{"line":142,"column":112}},"loc":{"start":{"line":142,"column":118},"end":{"line":142,"column":186}},"line":142},"14":{"name":"(anonymous_14)","decl":{"start":{"line":144,"column":25},"end":{"line":144,"column":32}},"loc":{"start":{"line":144,"column":37},"end":{"line":144,"column":78}},"line":144},"15":{"name":"(anonymous_15)","decl":{"start":{"line":148,"column":34},"end":{"line":148,"column":41}},"loc":{"start":{"line":148,"column":46},"end":{"line":148,"column":87}},"line":148},"16":{"name":"(anonymous_16)","decl":{"start":{"line":149,"column":40},"end":{"line":149,"column":47}},"loc":{"start":{"line":149,"column":52},"end":{"line":149,"column":93}},"line":149},"17":{"name":"(anonymous_17)","decl":{"start":{"line":152,"column":24},"end":{"line":152,"column":28}},"loc":{"start":{"line":152,"column":34},"end":{"line":152,"column":64}},"line":152},"18":{"name":"(anonymous_18)","decl":{"start":{"line":153,"column":27},"end":{"line":153,"column":31}},"loc":{"start":{"line":153,"column":37},"end":{"line":153,"column":70}},"line":153},"19":{"name":"(anonymous_19)","decl":{"start":{"line":157,"column":8},"end":{"line":157,"column":24}},"loc":{"start":{"line":157,"column":47},"end":{"line":177,"column":null}},"line":157},"20":{"name":"(anonymous_20)","decl":{"start":{"line":172,"column":4},"end":{"line":172,"column":21}},"loc":{"start":{"line":172,"column":21},"end":{"line":177,"column":9}},"line":172},"21":{"name":"(anonymous_21)","decl":{"start":{"line":190,"column":14},"end":{"line":190,"column":25}},"loc":{"start":{"line":190,"column":31},"end":{"line":194,"column":null}},"line":190},"22":{"name":"(anonymous_22)","decl":{"start":{"line":196,"column":14},"end":{"line":196,"column":24}},"loc":{"start":{"line":196,"column":30},"end":{"line":196,"column":99}},"line":196},"23":{"name":"(anonymous_23)","decl":{"start":{"line":197,"column":14},"end":{"line":197,"column":24}},"loc":{"start":{"line":197,"column":30},"end":{"line":197,"column":99}},"line":197},"24":{"name":"(anonymous_24)","decl":{"start":{"line":198,"column":14},"end":{"line":198,"column":24}},"loc":{"start":{"line":198,"column":30},"end":{"line":198,"column":99}},"line":198},"25":{"name":"(anonymous_25)","decl":{"start":{"line":199,"column":14},"end":{"line":199,"column":26}},"loc":{"start":{"line":199,"column":32},"end":{"line":200,"column":null}},"line":199},"26":{"name":"(anonymous_26)","decl":{"start":{"line":209,"column":10},"end":{"line":209,"column":28}},"loc":{"start":{"line":209,"column":34},"end":{"line":209,"column":52}},"line":209},"27":{"name":"(anonymous_27)","decl":{"start":{"line":214,"column":98},"end":{"line":214,"column":102}},"loc":{"start":{"line":214,"column":114},"end":{"line":240,"column":null}},"line":214},"28":{"name":"(anonymous_28)","decl":{"start":{"line":215,"column":56},"end":{"line":215,"column":63}},"loc":{"start":{"line":215,"column":68},"end":{"line":215,"column":92}},"line":215},"29":{"name":"(anonymous_29)","decl":{"start":{"line":220,"column":41},"end":{"line":220,"column":46}},"loc":{"start":{"line":221,"column":22},"end":{"line":236,"column":null}},"line":221},"30":{"name":"(anonymous_30)","decl":{"start":{"line":223,"column":24},"end":{"line":223,"column":40}},"loc":{"start":{"line":223,"column":40},"end":{"line":223,"column":61}},"line":223}},"branchMap":{"0":{"loc":{"start":{"line":40,"column":2},"end":{"line":40,"column":null}},"type":"default-arg","locations":[{"start":{"line":40,"column":16},"end":{"line":40,"column":null}}],"line":40},"1":{"loc":{"start":{"line":42,"column":2},"end":{"line":42,"column":null}},"type":"default-arg","locations":[{"start":{"line":42,"column":14},"end":{"line":42,"column":null}}],"line":42},"2":{"loc":{"start":{"line":87,"column":11},"end":{"line":87,"column":null}},"type":"cond-expr","locations":[{"start":{"line":87,"column":19},"end":{"line":87,"column":30}},{"start":{"line":87,"column":30},"end":{"line":87,"column":null}}],"line":87},"3":{"loc":{"start":{"line":93,"column":4},"end":{"line":93,"column":null}},"type":"if","locations":[{"start":{"line":93,"column":4},"end":{"line":93,"column":null}},{"start":{},"end":{}}],"line":93},"4":{"loc":{"start":{"line":93,"column":8},"end":{"line":93,"column":31}},"type":"binary-expr","locations":[{"start":{"line":93,"column":8},"end":{"line":93,"column":24}},{"start":{"line":93,"column":24},"end":{"line":93,"column":31}}],"line":93},"5":{"loc":{"start":{"line":111,"column":4},"end":{"line":114,"column":null}},"type":"if","locations":[{"start":{"line":111,"column":4},"end":{"line":114,"column":null}},{"start":{"line":113,"column":11},"end":{"line":114,"column":null}}],"line":111},"6":{"loc":{"start":{"line":111,"column":4},"end":{"line":111,"column":84}},"type":"binary-expr","locations":[{"start":{"line":111,"column":9},"end":{"line":111,"column":36}},{"start":{"line":111,"column":36},"end":{"line":111,"column":58}},{"start":{"line":111,"column":58},"end":{"line":111,"column":84}}],"line":111},"7":{"loc":{"start":{"line":112,"column":14},"end":{"line":112,"column":null}},"type":"binary-expr","locations":[{"start":{"line":112,"column":14},"end":{"line":112,"column":31}},{"start":{"line":112,"column":31},"end":{"line":112,"column":null}}],"line":112},"8":{"loc":{"start":{"line":113,"column":11},"end":{"line":114,"column":null}},"type":"if","locations":[{"start":{"line":113,"column":11},"end":{"line":114,"column":null}},{"start":{},"end":{}}],"line":113},"9":{"loc":{"start":{"line":113,"column":15},"end":{"line":113,"column":81}},"type":"binary-expr","locations":[{"start":{"line":113,"column":15},"end":{"line":113,"column":27}},{"start":{"line":113,"column":27},"end":{"line":113,"column":81}}],"line":113},"10":{"loc":{"start":{"line":114,"column":14},"end":{"line":114,"column":null}},"type":"binary-expr","locations":[{"start":{"line":114,"column":14},"end":{"line":114,"column":52}},{"start":{"line":114,"column":56},"end":{"line":114,"column":null}}],"line":114},"11":{"loc":{"start":{"line":119,"column":4},"end":{"line":124,"column":null}},"type":"if","locations":[{"start":{"line":119,"column":4},"end":{"line":124,"column":null}},{"start":{},"end":{}}],"line":119},"12":{"loc":{"start":{"line":119,"column":8},"end":{"line":119,"column":64}},"type":"binary-expr","locations":[{"start":{"line":119,"column":8},"end":{"line":119,"column":18}},{"start":{"line":119,"column":18},"end":{"line":119,"column":64}}],"line":119},"13":{"loc":{"start":{"line":121,"column":14},"end":{"line":121,"column":null}},"type":"binary-expr","locations":[{"start":{"line":121,"column":14},"end":{"line":121,"column":68}},{"start":{"line":121,"column":72},"end":{"line":121,"column":null}}],"line":121},"14":{"loc":{"start":{"line":123,"column":6},"end":{"line":124,"column":null}},"type":"if","locations":[{"start":{"line":123,"column":6},"end":{"line":124,"column":null}},{"start":{},"end":{}}],"line":123},"15":{"loc":{"start":{"line":124,"column":16},"end":{"line":124,"column":null}},"type":"binary-expr","locations":[{"start":{"line":124,"column":16},"end":{"line":124,"column":70}},{"start":{"line":124,"column":74},"end":{"line":124,"column":null}}],"line":124},"16":{"loc":{"start":{"line":128,"column":4},"end":{"line":144,"column":null}},"type":"if","locations":[{"start":{"line":128,"column":4},"end":{"line":144,"column":null}},{"start":{},"end":{}}],"line":128},"17":{"loc":{"start":{"line":132,"column":6},"end":{"line":133,"column":null}},"type":"if","locations":[{"start":{"line":132,"column":6},"end":{"line":133,"column":null}},{"start":{},"end":{}}],"line":132},"18":{"loc":{"start":{"line":136,"column":6},"end":{"line":142,"column":null}},"type":"if","locations":[{"start":{"line":136,"column":6},"end":{"line":142,"column":null}},{"start":{"line":137,"column":11},"end":{"line":142,"column":null}}],"line":136},"19":{"loc":{"start":{"line":137,"column":11},"end":{"line":142,"column":null}},"type":"if","locations":[{"start":{"line":137,"column":11},"end":{"line":142,"column":null}},{"start":{"line":138,"column":11},"end":{"line":142,"column":null}}],"line":137},"20":{"loc":{"start":{"line":138,"column":11},"end":{"line":142,"column":null}},"type":"if","locations":[{"start":{"line":138,"column":11},"end":{"line":142,"column":null}},{"start":{"line":139,"column":11},"end":{"line":142,"column":null}}],"line":138},"21":{"loc":{"start":{"line":139,"column":11},"end":{"line":142,"column":null}},"type":"if","locations":[{"start":{"line":139,"column":11},"end":{"line":142,"column":null}},{"start":{"line":140,"column":11},"end":{"line":142,"column":null}}],"line":139},"22":{"loc":{"start":{"line":140,"column":11},"end":{"line":142,"column":null}},"type":"if","locations":[{"start":{"line":140,"column":11},"end":{"line":142,"column":null}},{"start":{"line":141,"column":11},"end":{"line":142,"column":null}}],"line":140},"23":{"loc":{"start":{"line":141,"column":11},"end":{"line":142,"column":null}},"type":"if","locations":[{"start":{"line":141,"column":11},"end":{"line":142,"column":null}},{"start":{"line":142,"column":11},"end":{"line":142,"column":null}}],"line":141},"24":{"loc":{"start":{"line":141,"column":15},"end":{"line":141,"column":56}},"type":"binary-expr","locations":[{"start":{"line":141,"column":15},"end":{"line":141,"column":36}},{"start":{"line":141,"column":36},"end":{"line":141,"column":56}}],"line":141},"25":{"loc":{"start":{"line":142,"column":11},"end":{"line":142,"column":null}},"type":"if","locations":[{"start":{"line":142,"column":11},"end":{"line":142,"column":null}},{"start":{},"end":{}}],"line":142},"26":{"loc":{"start":{"line":142,"column":15},"end":{"line":142,"column":64}},"type":"binary-expr","locations":[{"start":{"line":142,"column":15},"end":{"line":142,"column":40}},{"start":{"line":142,"column":40},"end":{"line":142,"column":64}}],"line":142},"27":{"loc":{"start":{"line":163,"column":19},"end":{"line":163,"column":93}},"type":"cond-expr","locations":[{"start":{"line":163,"column":43},"end":{"line":163,"column":48}},{"start":{"line":163,"column":48},"end":{"line":163,"column":93}}],"line":163},"28":{"loc":{"start":{"line":173,"column":6},"end":{"line":175,"column":null}},"type":"if","locations":[{"start":{"line":173,"column":6},"end":{"line":175,"column":null}},{"start":{},"end":{}}],"line":173},"29":{"loc":{"start":{"line":182,"column":21},"end":{"line":182,"column":53}},"type":"binary-expr","locations":[{"start":{"line":182,"column":21},"end":{"line":182,"column":29}},{"start":{"line":182,"column":29},"end":{"line":182,"column":53}}],"line":182},"30":{"loc":{"start":{"line":193,"column":34},"end":{"line":193,"column":63}},"type":"binary-expr","locations":[{"start":{"line":193,"column":34},"end":{"line":193,"column":61}},{"start":{"line":193,"column":61},"end":{"line":193,"column":63}}],"line":193},"31":{"loc":{"start":{"line":194,"column":16},"end":{"line":194,"column":null}},"type":"if","locations":[{"start":{"line":194,"column":16},"end":{"line":194,"column":null}},{"start":{},"end":{}}],"line":194},"32":{"loc":{"start":{"line":196,"column":49},"end":{"line":196,"column":99}},"type":"binary-expr","locations":[{"start":{"line":196,"column":49},"end":{"line":196,"column":97}},{"start":{"line":196,"column":97},"end":{"line":196,"column":99}}],"line":196},"33":{"loc":{"start":{"line":197,"column":49},"end":{"line":197,"column":99}},"type":"binary-expr","locations":[{"start":{"line":197,"column":49},"end":{"line":197,"column":97}},{"start":{"line":197,"column":97},"end":{"line":197,"column":99}}],"line":197},"34":{"loc":{"start":{"line":198,"column":49},"end":{"line":198,"column":99}},"type":"binary-expr","locations":[{"start":{"line":198,"column":49},"end":{"line":198,"column":97}},{"start":{"line":198,"column":97},"end":{"line":198,"column":99}}],"line":198},"35":{"loc":{"start":{"line":200,"column":16},"end":{"line":200,"column":null}},"type":"if","locations":[{"start":{"line":200,"column":16},"end":{"line":200,"column":null}},{"start":{},"end":{}}],"line":200},"36":{"loc":{"start":{"line":216,"column":16},"end":{"line":216,"column":null}},"type":"if","locations":[{"start":{"line":216,"column":16},"end":{"line":216,"column":null}},{"start":{},"end":{}}],"line":216},"37":{"loc":{"start":{"line":233,"column":25},"end":{"line":233,"column":null}},"type":"cond-expr","locations":[{"start":{"line":233,"column":46},"end":{"line":233,"column":55}},{"start":{"line":233,"column":55},"end":{"line":233,"column":null}}],"line":233},"38":{"loc":{"start":{"line":235,"column":25},"end":{"line":235,"column":null}},"type":"binary-expr","locations":[{"start":{"line":235,"column":25},"end":{"line":235,"column":50}},{"start":{"line":235,"column":50},"end":{"line":235,"column":67}},{"start":{"line":235,"column":67},"end":{"line":235,"column":null}}],"line":235}},"s":{"0":1,"1":1,"2":0,"3":0,"4":0,"5":0,"6":0,"7":0,"8":0,"9":0,"10":0,"11":0,"12":0,"13":0,"14":0,"15":0,"16":0,"17":0,"18":0,"19":0,"20":0,"21":0,"22":0,"23":0,"24":0,"25":0,"26":0,"27":0,"28":0,"29":0,"30":0,"31":0,"32":0,"33":0,"34":0,"35":0,"36":0,"37":0,"38":0,"39":0,"40":0,"41":0,"42":0,"43":0,"44":0,"45":0,"46":0,"47":0,"48":0,"49":0,"50":0,"51":0,"52":0,"53":0,"54":0,"55":0,"56":0,"57":0,"58":0,"59":0,"60":0,"61":0,"62":0,"63":0,"64":0,"65":0,"66":0,"67":0,"68":0,"69":0,"70":0,"71":0,"72":0,"73":0,"74":0,"75":0,"76":0,"77":0,"78":0,"79":0,"80":0,"81":0,"82":0,"83":0,"84":0,"85":0,"86":0,"87":0,"88":0,"89":0,"90":0,"91":0,"92":0,"93":0,"94":0,"95":0,"96":0,"97":0,"98":0,"99":0,"100":0,"101":0,"102":0,"103":0,"104":0,"105":1},"f":{"0":0,"1":0,"2":0,"3":0,"4":0,"5":0,"6":0,"7":0,"8":0,"9":0,"10":0,"11":0,"12":0,"13":0,"14":0,"15":0,"16":0,"17":0,"18":0,"19":0,"20":0,"21":0,"22":0,"23":0,"24":0,"25":0,"26":0,"27":0,"28":0,"29":0,"30":0},"b":{"0":[0],"1":[0],"2":[0,0],"3":[0,0],"4":[0,0],"5":[0,0],"6":[0,0,0],"7":[0,0],"8":[0,0],"9":[0,0],"10":[0,0],"11":[0,0],"12":[0,0],"13":[0,0],"14":[0,0],"15":[0,0],"16":[0,0],"17":[0,0],"18":[0,0],"19":[0,0],"20":[0,0],"21":[0,0],"22":[0,0],"23":[0,0],"24":[0,0],"25":[0,0],"26":[0,0],"27":[0,0],"28":[0,0],"29":[0,0],"30":[0,0],"31":[0,0],"32":[0,0],"33":[0,0],"34":[0,0],"35":[0,0],"36":[0,0],"37":[0,0],"38":[0,0,0]},"meta":{"lastBranch":39,"lastFunction":31,"lastStatement":106,"seen":{"s:1:0:1:Infinity":0,"s:37:13:247:Infinity":1,"f:37:31:37:83":0,"b:40:16:40:Infinity":0,"b:42:14:42:Infinity":1,"s:44:15:44:41":2,"s:45:21:45:53":3,"s:46:25:46:57":4,"s:47:8:47:49":5,"s:50:2:50:Infinity":6,"f:50:22:50:33":1,"s:50:33:50:51":7,"s:52:2:54:Infinity":8,"f:52:2:52:18":2,"s:53:4:53:Infinity":9,"s:56:8:69:8":10,"f:56:31:56:45":3,"s:56:45:69:5":11,"s:71:8:80:8":12,"f:71:34:71:48":4,"s:71:48:80:5":13,"s:83:8:87:Infinity":14,"f:83:8:83:31":5,"s:84:25:84:60":15,"s:86:18:86:48":16,"s:87:4:87:Infinity":17,"b:87:19:87:30:87:30:87:Infinity":2,"s:90:22:90:38":18,"s:92:8:155:87":19,"f:92:22:92:36":6,"b:93:4:93:Infinity:undefined:undefined:undefined:undefined":3,"s:93:4:93:Infinity":20,"b:93:8:93:24:93:24:93:31":4,"s:93:31:93:Infinity":21,"s:95:22:95:47":22,"s:98:25:98:67":23,"s:99:18:99:43":24,"s:100:21:100:59":25,"s:101:27:101:65":26,"s:102:26:102:64":27,"s:110:31:110:Infinity":28,"b:111:4:114:Infinity:113:11:114:Infinity":5,"s:111:4:114:Infinity":29,"b:111:9:111:36:111:36:111:58:111:58:111:84":6,"s:112:6:112:Infinity":30,"b:112:14:112:31:112:31:112:Infinity":7,"b:113:11:114:Infinity:undefined:undefined:undefined:undefined":8,"s:113:11:114:Infinity":31,"b:113:15:113:27:113:27:113:81":9,"s:114:6:114:Infinity":32,"b:114:14:114:52:114:56:114:Infinity":10,"b:119:4:124:Infinity:undefined:undefined:undefined:undefined":11,"s:119:4:124:Infinity":33,"b:119:8:119:18:119:18:119:64":12,"s:120:28:120:92":34,"s:121:6:121:Infinity":35,"b:121:14:121:68:121:72:121:Infinity":13,"b:123:6:124:Infinity:undefined:undefined:undefined:undefined":14,"s:123:6:124:Infinity":36,"s:124:8:124:Infinity":37,"b:124:16:124:70:124:74:124:Infinity":15,"b:128:4:144:Infinity:undefined:undefined:undefined:undefined":16,"s:128:4:144:Infinity":38,"s:129:40:129:42":39,"b:132:6:133:Infinity:undefined:undefined:undefined:undefined":17,"s:132:6:133:Infinity":40,"s:133:8:133:Infinity":41,"b:136:6:142:Infinity:137:11:142:Infinity":18,"s:136:6:142:Infinity":42,"s:136:30:136:Infinity":43,"f:136:71:136:75":7,"s:136:81:136:146":44,"b:137:11:142:Infinity:138:11:142:Infinity":19,"s:137:11:142:Infinity":45,"s:137:37:137:Infinity":46,"f:137:80:137:84":8,"s:137:90:137:157":47,"b:138:11:142:Infinity:139:11:142:Infinity":20,"s:138:11:142:Infinity":48,"s:138:36:138:Infinity":49,"f:138:78:138:82":9,"s:138:88:138:154":50,"b:139:11:142:Infinity:140:11:142:Infinity":21,"s:139:11:142:Infinity":51,"s:139:38:139:Infinity":52,"f:139:82:139:86":10,"s:139:92:139:161":53,"b:140:11:142:Infinity:141:11:142:Infinity":22,"s:140:11:142:Infinity":54,"s:140:37:140:Infinity":55,"f:140:80:140:84":11,"s:140:90:140:157":56,"b:141:11:142:Infinity:142:11:142:Infinity":23,"s:141:11:142:Infinity":57,"b:141:15:141:36:141:36:141:56":24,"s:141:56:141:Infinity":58,"f:141:96:141:100":12,"s:141:106:141:170":59,"b:142:11:142:Infinity:undefined:undefined:undefined:undefined":25,"s:142:11:142:Infinity":60,"b:142:15:142:40:142:40:142:64":26,"s:142:64:142:Infinity":61,"f:142:108:142:112":13,"s:142:118:142:186":62,"s:144:6:144:Infinity":63,"f:144:25:144:32":14,"s:144:37:144:78":64,"s:148:27:148:88":65,"f:148:34:148:41":15,"s:148:46:148:87":66,"s:149:30:149:94":67,"f:149:40:149:47":16,"s:149:52:149:93":68,"s:151:4:154:Infinity":69,"f:152:24:152:28":17,"s:152:34:152:64":70,"f:153:27:153:31":18,"s:153:37:153:70":71,"s:157:8:177:Infinity":72,"f:157:8:157:24":19,"s:158:29:158:64":73,"s:159:28:159:60":74,"s:162:27:162:60":75,"s:163:19:163:93":76,"b:163:43:163:48:163:48:163:93":27,"s:165:21:165:76":77,"s:166:4:166:Infinity":78,"s:167:4:167:Infinity":79,"s:168:4:168:Infinity":80,"s:171:25:171:Infinity":81,"s:172:4:177:Infinity":82,"f:172:4:172:21":20,"b:173:6:175:Infinity:undefined:undefined:undefined:undefined":28,"s:173:6:175:Infinity":83,"s:174:8:174:Infinity":84,"s:175:8:175:Infinity":85,"s:180:2:245:Infinity":86,"b:182:21:182:29:182:29:182:53":29,"f:190:14:190:25":21,"s:191:16:191:Infinity":87,"s:192:16:192:Infinity":88,"s:193:16:193:Infinity":89,"b:193:34:193:61:193:61:193:63":30,"b:194:16:194:Infinity:undefined:undefined:undefined:undefined":31,"s:194:16:194:Infinity":90,"s:194:27:194:Infinity":91,"f:196:14:196:24":22,"s:196:30:196:99":92,"b:196:49:196:97:196:97:196:99":32,"f:197:14:197:24":23,"s:197:30:197:99":93,"b:197:49:197:97:197:97:197:99":33,"f:198:14:198:24":24,"s:198:30:198:99":94,"b:198:49:198:97:198:97:198:99":34,"f:199:14:199:26":25,"b:200:16:200:Infinity:undefined:undefined:undefined:undefined":35,"s:200:16:200:Infinity":95,"s:200:40:200:Infinity":96,"f:209:10:209:28":26,"s:209:34:209:52":97,"f:214:98:214:102":27,"s:215:44:215:92":98,"f:215:56:215:63":28,"s:215:68:215:92":99,"b:216:16:216:Infinity:undefined:undefined:undefined:undefined":36,"s:216:16:216:Infinity":100,"s:216:54:216:Infinity":101,"s:218:16:238:Infinity":102,"f:220:41:220:46":29,"s:221:22:236:Infinity":103,"f:223:24:223:40":30,"s:223:40:223:61":104,"b:233:46:233:55:233:55:233:Infinity":37,"b:235:25:235:50:235:50:235:67:235:67:235:Infinity":38,"s:249:0:249:Infinity":105}}}
,"/Users/chimin/Documents/script/jira-etl-dashboard/src/components/dashboard/KpiDashboard.tsx": {"path":"/Users/chimin/Documents/script/jira-etl-dashboard/src/components/dashboard/KpiDashboard.tsx","statementMap":{"0":{"start":{"line":1,"column":0},"end":{"line":1,"column":null}},"1":{"start":{"line":100,"column":18},"end":{"line":101,"column":19}},"2":{"start":{"line":103,"column":8},"end":{"line":103,"column":38}},"3":{"start":{"line":103,"column":24},"end":{"line":103,"column":38}},"4":{"start":{"line":104,"column":8},"end":{"line":104,"column":36}},"5":{"start":{"line":105,"column":8},"end":{"line":105,"column":44}},"6":{"start":{"line":108,"column":32},"end":{"line":108,"column":74}},"7":{"start":{"line":109,"column":34},"end":{"line":109,"column":78}},"8":{"start":{"line":110,"column":36},"end":{"line":110,"column":82}},"9":{"start":{"line":111,"column":35},"end":{"line":111,"column":80}},"10":{"start":{"line":112,"column":37},"end":{"line":112,"column":84}},"11":{"start":{"line":113,"column":33},"end":{"line":113,"column":76}},"12":{"start":{"line":114,"column":29},"end":{"line":114,"column":76}},"13":{"start":{"line":118,"column":46},"end":{"line":140,"column":43}},"14":{"start":{"line":119,"column":21},"end":{"line":119,"column":null}},"15":{"start":{"line":120,"column":20},"end":{"line":120,"column":null}},"16":{"start":{"line":121,"column":21},"end":{"line":121,"column":null}},"17":{"start":{"line":122,"column":19},"end":{"line":122,"column":null}},"18":{"start":{"line":123,"column":22},"end":{"line":123,"column":null}},"19":{"start":{"line":125,"column":20},"end":{"line":125,"column":null}},"20":{"start":{"line":126,"column":21},"end":{"line":126,"column":58}},"21":{"start":{"line":128,"column":24},"end":{"line":128,"column":null}},"22":{"start":{"line":130,"column":31},"end":{"line":130,"column":null}},"23":{"start":{"line":131,"column":34},"end":{"line":131,"column":null}},"24":{"start":{"line":133,"column":24},"end":{"line":133,"column":null}},"25":{"start":{"line":135,"column":4},"end":{"line":139,"column":null}},"26":{"start":{"line":143,"column":24},"end":{"line":143,"column":68}},"27":{"start":{"line":144,"column":22},"end":{"line":144,"column":69}},"28":{"start":{"line":145,"column":23},"end":{"line":145,"column":71}},"29":{"start":{"line":148,"column":25},"end":{"line":148,"column":95}},"30":{"start":{"line":150,"column":24},"end":{"line":150,"column":75}},"31":{"start":{"line":151,"column":25},"end":{"line":151,"column":58}},"32":{"start":{"line":152,"column":19},"end":{"line":152,"column":68}},"33":{"start":{"line":154,"column":8},"end":{"line":154,"column":52}},"34":{"start":{"line":158,"column":2},"end":{"line":166,"column":null}},"35":{"start":{"line":159,"column":4},"end":{"line":159,"column":null}},"36":{"start":{"line":162,"column":16},"end":{"line":162,"column":null}},"37":{"start":{"line":163,"column":4},"end":{"line":164,"column":null}},"38":{"start":{"line":164,"column":6},"end":{"line":164,"column":null}},"39":{"start":{"line":168,"column":8},"end":{"line":170,"column":null}},"40":{"start":{"line":169,"column":4},"end":{"line":169,"column":null}},"41":{"start":{"line":170,"column":4},"end":{"line":170,"column":null}},"42":{"start":{"line":173,"column":8},"end":{"line":173,"column":37}},"43":{"start":{"line":176,"column":2},"end":{"line":246,"column":null}},"44":{"start":{"line":177,"column":4},"end":{"line":179,"column":null}},"45":{"start":{"line":178,"column":6},"end":{"line":178,"column":null}},"46":{"start":{"line":179,"column":6},"end":{"line":179,"column":null}},"47":{"start":{"line":182,"column":24},"end":{"line":192,"column":null}},"48":{"start":{"line":194,"column":4},"end":{"line":229,"column":null}},"49":{"start":{"line":195,"column":24},"end":{"line":195,"column":51}},"50":{"start":{"line":198,"column":25},"end":{"line":198,"column":82}},"51":{"start":{"line":199,"column":6},"end":{"line":199,"column":null}},"52":{"start":{"line":202,"column":6},"end":{"line":226,"column":null}},"53":{"start":{"line":203,"column":26},"end":{"line":203,"column":null}},"54":{"start":{"line":204,"column":26},"end":{"line":224,"column":16}},"55":{"start":{"line":205,"column":10},"end":{"line":222,"column":null}},"56":{"start":{"line":206,"column":24},"end":{"line":213,"column":14}},"57":{"start":{"line":214,"column":25},"end":{"line":214,"column":41}},"58":{"start":{"line":217,"column":12},"end":{"line":219,"column":null}},"59":{"start":{"line":218,"column":14},"end":{"line":218,"column":null}},"60":{"start":{"line":219,"column":14},"end":{"line":219,"column":null}},"61":{"start":{"line":222,"column":12},"end":{"line":222,"column":null}},"62":{"start":{"line":226,"column":8},"end":{"line":226,"column":null}},"63":{"start":{"line":226,"column":21},"end":{"line":226,"column":44}},"64":{"start":{"line":229,"column":6},"end":{"line":229,"column":null}},"65":{"start":{"line":248,"column":8},"end":{"line":260,"column":null}},"66":{"start":{"line":249,"column":4},"end":{"line":251,"column":null}},"67":{"start":{"line":250,"column":6},"end":{"line":250,"column":null}},"68":{"start":{"line":250,"column":33},"end":{"line":250,"column":57}},"69":{"start":{"line":251,"column":6},"end":{"line":251,"column":null}},"70":{"start":{"line":253,"column":4},"end":{"line":260,"column":null}},"71":{"start":{"line":254,"column":22},"end":{"line":254,"column":37}},"72":{"start":{"line":255,"column":6},"end":{"line":258,"column":null}},"73":{"start":{"line":256,"column":8},"end":{"line":256,"column":null}},"74":{"start":{"line":256,"column":53},"end":{"line":256,"column":67}},"75":{"start":{"line":258,"column":8},"end":{"line":258,"column":null}},"76":{"start":{"line":263,"column":8},"end":{"line":266,"column":null}},"77":{"start":{"line":264,"column":4},"end":{"line":264,"column":null}},"78":{"start":{"line":265,"column":4},"end":{"line":265,"column":null}},"79":{"start":{"line":266,"column":4},"end":{"line":266,"column":null}},"80":{"start":{"line":269,"column":8},"end":{"line":277,"column":null}},"81":{"start":{"line":270,"column":4},"end":{"line":277,"column":null}},"82":{"start":{"line":271,"column":22},"end":{"line":271,"column":33}},"83":{"start":{"line":272,"column":6},"end":{"line":274,"column":null}},"84":{"start":{"line":273,"column":8},"end":{"line":273,"column":null}},"85":{"start":{"line":273,"column":48},"end":{"line":273,"column":60}},"86":{"start":{"line":274,"column":8},"end":{"line":274,"column":null}},"87":{"start":{"line":274,"column":39},"end":{"line":274,"column":null}},"88":{"start":{"line":276,"column":6},"end":{"line":276,"column":null}},"89":{"start":{"line":280,"column":8},"end":{"line":287,"column":null}},"90":{"start":{"line":281,"column":4},"end":{"line":287,"column":null}},"91":{"start":{"line":282,"column":19},"end":{"line":282,"column":32}},"92":{"start":{"line":283,"column":18},"end":{"line":283,"column":null}},"93":{"start":{"line":284,"column":6},"end":{"line":285,"column":null}},"94":{"start":{"line":284,"column":25},"end":{"line":284,"column":null}},"95":{"start":{"line":285,"column":11},"end":{"line":285,"column":null}},"96":{"start":{"line":286,"column":6},"end":{"line":286,"column":null}},"97":{"start":{"line":290,"column":8},"end":{"line":292,"column":null}},"98":{"start":{"line":291,"column":15},"end":{"line":291,"column":null}},"99":{"start":{"line":292,"column":4},"end":{"line":292,"column":null}},"100":{"start":{"line":295,"column":8},"end":{"line":296,"column":null}},"101":{"start":{"line":296,"column":4},"end":{"line":296,"column":null}},"102":{"start":{"line":296,"column":33},"end":{"line":296,"column":45}},"103":{"start":{"line":299,"column":8},"end":{"line":300,"column":null}},"104":{"start":{"line":300,"column":4},"end":{"line":300,"column":null}},"105":{"start":{"line":300,"column":30},"end":{"line":300,"column":58}},"106":{"start":{"line":303,"column":8},"end":{"line":311,"column":null}},"107":{"start":{"line":304,"column":18},"end":{"line":304,"column":52}},"108":{"start":{"line":304,"column":40},"end":{"line":304,"column":52}},"109":{"start":{"line":305,"column":4},"end":{"line":305,"column":null}},"110":{"start":{"line":305,"column":22},"end":{"line":305,"column":null}},"111":{"start":{"line":306,"column":22},"end":{"line":306,"column":33}},"112":{"start":{"line":307,"column":24},"end":{"line":307,"column":null}},"113":{"start":{"line":308,"column":4},"end":{"line":308,"column":null}},"114":{"start":{"line":308,"column":57},"end":{"line":308,"column":null}},"115":{"start":{"line":309,"column":4},"end":{"line":309,"column":null}},"116":{"start":{"line":310,"column":4},"end":{"line":310,"column":null}},"117":{"start":{"line":311,"column":4},"end":{"line":311,"column":null}},"118":{"start":{"line":314,"column":8},"end":{"line":316,"column":null}},"119":{"start":{"line":315,"column":4},"end":{"line":315,"column":null}},"120":{"start":{"line":316,"column":4},"end":{"line":316,"column":null}},"121":{"start":{"line":319,"column":66},"end":{"line":350,"column":4}},"122":{"start":{"line":322,"column":6},"end":{"line":322,"column":null}},"123":{"start":{"line":322,"column":31},"end":{"line":322,"column":null}},"124":{"start":{"line":323,"column":18},"end":{"line":336,"column":8}},"125":{"start":{"line":337,"column":19},"end":{"line":337,"column":35}},"126":{"start":{"line":338,"column":6},"end":{"line":338,"column":null}},"127":{"start":{"line":338,"column":25},"end":{"line":338,"column":null}},"128":{"start":{"line":339,"column":6},"end":{"line":346,"column":null}},"129":{"start":{"line":339,"column":53},"end":{"line":346,"column":9}},"130":{"start":{"line":341,"column":46},"end":{"line":345,"column":null}},"131":{"start":{"line":352,"column":2},"end":{"line":356,"column":null}},"132":{"start":{"line":353,"column":4},"end":{"line":354,"column":null}},"133":{"start":{"line":354,"column":6},"end":{"line":354,"column":null}},"134":{"start":{"line":360,"column":8},"end":{"line":514,"column":188}},"135":{"start":{"line":361,"column":4},"end":{"line":361,"column":null}},"136":{"start":{"line":361,"column":59},"end":{"line":361,"column":null}},"137":{"start":{"line":364,"column":4},"end":{"line":364,"column":null}},"138":{"start":{"line":364,"column":46},"end":{"line":364,"column":59}},"139":{"start":{"line":364,"column":61},"end":{"line":364,"column":78}},"140":{"start":{"line":364,"column":78},"end":{"line":364,"column":90}},"141":{"start":{"line":366,"column":4},"end":{"line":512,"column":null}},"142":{"start":{"line":372,"column":27},"end":{"line":372,"column":null}},"143":{"start":{"line":374,"column":6},"end":{"line":395,"column":null}},"144":{"start":{"line":375,"column":8},"end":{"line":395,"column":null}},"145":{"start":{"line":376,"column":10},"end":{"line":393,"column":null}},"146":{"start":{"line":377,"column":12},"end":{"line":393,"column":null}},"147":{"start":{"line":378,"column":31},"end":{"line":378,"column":null}},"148":{"start":{"line":379,"column":36},"end":{"line":379,"column":null}},"149":{"start":{"line":380,"column":14},"end":{"line":384,"column":null}},"150":{"start":{"line":381,"column":16},"end":{"line":384,"column":null}},"151":{"start":{"line":382,"column":18},"end":{"line":382,"column":null}},"152":{"start":{"line":382,"column":61},"end":{"line":382,"column":108}},"153":{"start":{"line":384,"column":18},"end":{"line":384,"column":null}},"154":{"start":{"line":387,"column":33},"end":{"line":387,"column":83}},"155":{"start":{"line":389,"column":14},"end":{"line":392,"column":null}},"156":{"start":{"line":390,"column":31},"end":{"line":390,"column":46}},"157":{"start":{"line":391,"column":16},"end":{"line":391,"column":null}},"158":{"start":{"line":398,"column":6},"end":{"line":460,"column":null}},"159":{"start":{"line":399,"column":22},"end":{"line":399,"column":44}},"160":{"start":{"line":400,"column":20},"end":{"line":400,"column":null}},"161":{"start":{"line":401,"column":23},"end":{"line":401,"column":null}},"162":{"start":{"line":402,"column":20},"end":{"line":402,"column":null}},"163":{"start":{"line":405,"column":25},"end":{"line":412,"column":null}},"164":{"start":{"line":414,"column":8},"end":{"line":420,"column":null}},"165":{"start":{"line":415,"column":24},"end":{"line":415,"column":50}},"166":{"start":{"line":416,"column":10},"end":{"line":420,"column":null}},"167":{"start":{"line":417,"column":12},"end":{"line":417,"column":null}},"168":{"start":{"line":418,"column":12},"end":{"line":418,"column":null}},"169":{"start":{"line":419,"column":12},"end":{"line":419,"column":null}},"170":{"start":{"line":420,"column":12},"end":{"line":420,"column":null}},"171":{"start":{"line":424,"column":8},"end":{"line":460,"column":null}},"172":{"start":{"line":425,"column":10},"end":{"line":453,"column":null}},"173":{"start":{"line":427,"column":29},"end":{"line":427,"column":null}},"174":{"start":{"line":428,"column":34},"end":{"line":428,"column":null}},"175":{"start":{"line":429,"column":12},"end":{"line":433,"column":null}},"176":{"start":{"line":430,"column":14},"end":{"line":433,"column":null}},"177":{"start":{"line":431,"column":16},"end":{"line":431,"column":null}},"178":{"start":{"line":431,"column":59},"end":{"line":431,"column":106}},"179":{"start":{"line":433,"column":16},"end":{"line":433,"column":null}},"180":{"start":{"line":436,"column":31},"end":{"line":436,"column":81}},"181":{"start":{"line":438,"column":12},"end":{"line":451,"column":null}},"182":{"start":{"line":439,"column":35},"end":{"line":439,"column":null}},"183":{"start":{"line":440,"column":35},"end":{"line":440,"column":null}},"184":{"start":{"line":441,"column":35},"end":{"line":441,"column":null}},"185":{"start":{"line":442,"column":35},"end":{"line":442,"column":null}},"186":{"start":{"line":444,"column":31},"end":{"line":444,"column":110}},"187":{"start":{"line":444,"column":57},"end":{"line":444,"column":109}},"188":{"start":{"line":445,"column":16},"end":{"line":445,"column":null}},"189":{"start":{"line":445,"column":40},"end":{"line":445,"column":84}},"190":{"start":{"line":448,"column":31},"end":{"line":448,"column":110}},"191":{"start":{"line":448,"column":57},"end":{"line":448,"column":109}},"192":{"start":{"line":449,"column":16},"end":{"line":449,"column":null}},"193":{"start":{"line":449,"column":41},"end":{"line":449,"column":85}},"194":{"start":{"line":451,"column":23},"end":{"line":451,"column":null}},"195":{"start":{"line":456,"column":29},"end":{"line":456,"column":48}},"196":{"start":{"line":457,"column":10},"end":{"line":460,"column":null}},"197":{"start":{"line":458,"column":25},"end":{"line":458,"column":157}},"198":{"start":{"line":459,"column":12},"end":{"line":459,"column":null}},"199":{"start":{"line":464,"column":18},"end":{"line":478,"column":8}},"200":{"start":{"line":480,"column":19},"end":{"line":480,"column":35}},"201":{"start":{"line":481,"column":6},"end":{"line":481,"column":null}},"202":{"start":{"line":481,"column":25},"end":{"line":481,"column":null}},"203":{"start":{"line":483,"column":22},"end":{"line":490,"column":9}},"204":{"start":{"line":483,"column":62},"end":{"line":490,"column":9}},"205":{"start":{"line":485,"column":46},"end":{"line":489,"column":null}},"206":{"start":{"line":493,"column":24},"end":{"line":493,"column":75}},"207":{"start":{"line":494,"column":6},"end":{"line":506,"column":null}},"208":{"start":{"line":507,"column":6},"end":{"line":507,"column":null}},"209":{"start":{"line":509,"column":6},"end":{"line":509,"column":null}},"210":{"start":{"line":510,"column":6},"end":{"line":510,"column":null}},"211":{"start":{"line":512,"column":6},"end":{"line":512,"column":null}},"212":{"start":{"line":512,"column":48},"end":{"line":512,"column":61}},"213":{"start":{"line":512,"column":63},"end":{"line":512,"column":83}},"214":{"start":{"line":512,"column":83},"end":{"line":512,"column":95}},"215":{"start":{"line":517,"column":2},"end":{"line":543,"column":null}},"216":{"start":{"line":518,"column":4},"end":{"line":518,"column":null}},"217":{"start":{"line":518,"column":67},"end":{"line":518,"column":null}},"218":{"start":{"line":520,"column":4},"end":{"line":539,"column":null}},"219":{"start":{"line":521,"column":18},"end":{"line":521,"column":null}},"220":{"start":{"line":522,"column":6},"end":{"line":522,"column":null}},"221":{"start":{"line":522,"column":16},"end":{"line":522,"column":null}},"222":{"start":{"line":524,"column":40},"end":{"line":526,"column":77}},"223":{"start":{"line":529,"column":8},"end":{"line":534,"column":null}},"224":{"start":{"line":536,"column":6},"end":{"line":537,"column":null}},"225":{"start":{"line":537,"column":8},"end":{"line":537,"column":null}},"226":{"start":{"line":546,"column":8},"end":{"line":546,"column":60}},"227":{"start":{"line":548,"column":2},"end":{"line":613,"column":null}},"228":{"start":{"line":549,"column":10},"end":{"line":592,"column":null}},"229":{"start":{"line":550,"column":18},"end":{"line":550,"column":null}},"230":{"start":{"line":553,"column":6},"end":{"line":555,"column":null}},"231":{"start":{"line":554,"column":8},"end":{"line":554,"column":null}},"232":{"start":{"line":555,"column":8},"end":{"line":555,"column":null}},"233":{"start":{"line":558,"column":28},"end":{"line":558,"column":43}},"234":{"start":{"line":559,"column":31},"end":{"line":559,"column":61}},"235":{"start":{"line":563,"column":28},"end":{"line":564,"column":85}},"236":{"start":{"line":564,"column":50},"end":{"line":564,"column":84}},"237":{"start":{"line":568,"column":6},"end":{"line":571,"column":null}},"238":{"start":{"line":569,"column":31},"end":{"line":569,"column":90}},"239":{"start":{"line":569,"column":54},"end":{"line":569,"column":89}},"240":{"start":{"line":570,"column":33},"end":{"line":570,"column":104}},"241":{"start":{"line":570,"column":54},"end":{"line":570,"column":103}},"242":{"start":{"line":571,"column":8},"end":{"line":571,"column":null}},"243":{"start":{"line":571,"column":50},"end":{"line":571,"column":null}},"244":{"start":{"line":574,"column":6},"end":{"line":574,"column":null}},"245":{"start":{"line":577,"column":6},"end":{"line":582,"column":null}},"246":{"start":{"line":578,"column":8},"end":{"line":578,"column":null}},"247":{"start":{"line":578,"column":35},"end":{"line":578,"column":null}},"248":{"start":{"line":580,"column":32},"end":{"line":580,"column":94}},"249":{"start":{"line":580,"column":57},"end":{"line":580,"column":93}},"250":{"start":{"line":581,"column":8},"end":{"line":582,"column":null}},"251":{"start":{"line":582,"column":10},"end":{"line":582,"column":null}},"252":{"start":{"line":587,"column":6},"end":{"line":592,"column":null}},"253":{"start":{"line":588,"column":8},"end":{"line":588,"column":null}},"254":{"start":{"line":588,"column":31},"end":{"line":588,"column":null}},"255":{"start":{"line":590,"column":31},"end":{"line":590,"column":106}},"256":{"start":{"line":590,"column":54},"end":{"line":590,"column":105}},"257":{"start":{"line":591,"column":8},"end":{"line":592,"column":null}},"258":{"start":{"line":592,"column":10},"end":{"line":592,"column":null}},"259":{"start":{"line":598,"column":4},"end":{"line":598,"column":null}},"260":{"start":{"line":600,"column":10},"end":{"line":606,"column":null}},"261":{"start":{"line":601,"column":6},"end":{"line":606,"column":null}},"262":{"start":{"line":602,"column":8},"end":{"line":602,"column":null}},"263":{"start":{"line":604,"column":20},"end":{"line":604,"column":62}},"264":{"start":{"line":605,"column":8},"end":{"line":606,"column":null}},"265":{"start":{"line":606,"column":10},"end":{"line":606,"column":null}},"266":{"start":{"line":611,"column":4},"end":{"line":611,"column":null}},"267":{"start":{"line":612,"column":4},"end":{"line":612,"column":null}},"268":{"start":{"line":612,"column":17},"end":{"line":612,"column":75}},"269":{"start":{"line":615,"column":8},"end":{"line":637,"column":null}},"270":{"start":{"line":616,"column":29},"end":{"line":616,"column":70}},"271":{"start":{"line":617,"column":4},"end":{"line":626,"column":null}},"272":{"start":{"line":618,"column":6},"end":{"line":625,"column":null}},"273":{"start":{"line":619,"column":8},"end":{"line":624,"column":null}},"274":{"start":{"line":628,"column":23},"end":{"line":628,"column":71}},"275":{"start":{"line":628,"column":48},"end":{"line":628,"column":59}},"276":{"start":{"line":629,"column":17},"end":{"line":629,"column":76}},"277":{"start":{"line":630,"column":16},"end":{"line":630,"column":41}},"278":{"start":{"line":631,"column":17},"end":{"line":631,"column":44}},"279":{"start":{"line":632,"column":4},"end":{"line":632,"column":null}},"280":{"start":{"line":633,"column":4},"end":{"line":633,"column":null}},"281":{"start":{"line":634,"column":4},"end":{"line":634,"column":null}},"282":{"start":{"line":635,"column":4},"end":{"line":635,"column":null}},"283":{"start":{"line":636,"column":4},"end":{"line":636,"column":null}},"284":{"start":{"line":637,"column":4},"end":{"line":637,"column":null}},"285":{"start":{"line":640,"column":2},"end":{"line":649,"column":null}},"286":{"start":{"line":642,"column":4},"end":{"line":643,"column":null}},"287":{"start":{"line":643,"column":6},"end":{"line":643,"column":null}},"288":{"start":{"line":646,"column":4},"end":{"line":647,"column":null}},"289":{"start":{"line":647,"column":6},"end":{"line":647,"column":null}},"290":{"start":{"line":652,"column":2},"end":{"line":679,"column":null}},"291":{"start":{"line":653,"column":10},"end":{"line":674,"column":null}},"292":{"start":{"line":655,"column":6},"end":{"line":659,"column":null}},"293":{"start":{"line":656,"column":8},"end":{"line":657,"column":null}},"294":{"start":{"line":657,"column":10},"end":{"line":657,"column":null}},"295":{"start":{"line":659,"column":8},"end":{"line":659,"column":null}},"296":{"start":{"line":662,"column":6},"end":{"line":666,"column":null}},"297":{"start":{"line":663,"column":8},"end":{"line":663,"column":null}},"298":{"start":{"line":664,"column":8},"end":{"line":664,"column":null}},"299":{"start":{"line":665,"column":8},"end":{"line":665,"column":null}},"300":{"start":{"line":666,"column":8},"end":{"line":666,"column":null}},"301":{"start":{"line":669,"column":6},"end":{"line":674,"column":null}},"302":{"start":{"line":670,"column":8},"end":{"line":670,"column":null}},"303":{"start":{"line":671,"column":8},"end":{"line":671,"column":null}},"304":{"start":{"line":672,"column":8},"end":{"line":674,"column":null}},"305":{"start":{"line":673,"column":10},"end":{"line":673,"column":null}},"306":{"start":{"line":677,"column":4},"end":{"line":677,"column":null}},"307":{"start":{"line":678,"column":4},"end":{"line":678,"column":null}},"308":{"start":{"line":678,"column":17},"end":{"line":678,"column":69}},"309":{"start":{"line":681,"column":8},"end":{"line":696,"column":38}},"310":{"start":{"line":682,"column":16},"end":{"line":682,"column":null}},"311":{"start":{"line":683,"column":4},"end":{"line":683,"column":null}},"312":{"start":{"line":683,"column":22},"end":{"line":683,"column":null}},"313":{"start":{"line":685,"column":24},"end":{"line":685,"column":39}},"314":{"start":{"line":686,"column":4},"end":{"line":686,"column":null}},"315":{"start":{"line":686,"column":34},"end":{"line":686,"column":null}},"316":{"start":{"line":688,"column":4},"end":{"line":695,"column":null}},"317":{"start":{"line":689,"column":19},"end":{"line":689,"column":50}},"318":{"start":{"line":690,"column":19},"end":{"line":690,"column":50}},"319":{"start":{"line":691,"column":6},"end":{"line":691,"column":null}},"320":{"start":{"line":691,"column":38},"end":{"line":691,"column":null}},"321":{"start":{"line":692,"column":6},"end":{"line":692,"column":null}},"322":{"start":{"line":692,"column":23},"end":{"line":692,"column":null}},"323":{"start":{"line":693,"column":6},"end":{"line":693,"column":null}},"324":{"start":{"line":693,"column":23},"end":{"line":693,"column":null}},"325":{"start":{"line":694,"column":6},"end":{"line":694,"column":null}},"326":{"start":{"line":698,"column":19},"end":{"line":698,"column":212}},"327":{"start":{"line":698,"column":65},"end":{"line":698,"column":211}},"328":{"start":{"line":699,"column":23},"end":{"line":699,"column":139}},"329":{"start":{"line":699,"column":69},"end":{"line":699,"column":138}},"330":{"start":{"line":700,"column":21},"end":{"line":700,"column":170}},"331":{"start":{"line":700,"column":67},"end":{"line":700,"column":169}},"332":{"start":{"line":701,"column":24},"end":{"line":701,"column":219}},"333":{"start":{"line":701,"column":70},"end":{"line":701,"column":218}},"334":{"start":{"line":702,"column":26},"end":{"line":702,"column":105}},"335":{"start":{"line":702,"column":72},"end":{"line":702,"column":105}},"336":{"start":{"line":703,"column":28},"end":{"line":703,"column":180}},"337":{"start":{"line":703,"column":74},"end":{"line":703,"column":179}},"338":{"start":{"line":704,"column":27},"end":{"line":704,"column":141}},"339":{"start":{"line":704,"column":73},"end":{"line":704,"column":140}},"340":{"start":{"line":705,"column":25},"end":{"line":705,"column":102}},"341":{"start":{"line":705,"column":50},"end":{"line":705,"column":101}},"342":{"start":{"line":709,"column":8},"end":{"line":716,"column":24}},"343":{"start":{"line":710,"column":4},"end":{"line":715,"column":null}},"344":{"start":{"line":711,"column":6},"end":{"line":714,"column":37}},"345":{"start":{"line":718,"column":8},"end":{"line":734,"column":25}},"346":{"start":{"line":719,"column":20},"end":{"line":719,"column":null}},"347":{"start":{"line":720,"column":4},"end":{"line":731,"column":null}},"348":{"start":{"line":721,"column":6},"end":{"line":731,"column":null}},"349":{"start":{"line":722,"column":18},"end":{"line":722,"column":32}},"350":{"start":{"line":723,"column":28},"end":{"line":723,"column":null}},"351":{"start":{"line":724,"column":8},"end":{"line":724,"column":null}},"352":{"start":{"line":724,"column":25},"end":{"line":724,"column":null}},"353":{"start":{"line":725,"column":8},"end":{"line":725,"column":null}},"354":{"start":{"line":725,"column":37},"end":{"line":725,"column":null}},"355":{"start":{"line":726,"column":8},"end":{"line":726,"column":null}},"356":{"start":{"line":726,"column":30},"end":{"line":726,"column":null}},"357":{"start":{"line":727,"column":8},"end":{"line":727,"column":null}},"358":{"start":{"line":727,"column":31},"end":{"line":727,"column":null}},"359":{"start":{"line":728,"column":8},"end":{"line":728,"column":null}},"360":{"start":{"line":728,"column":28},"end":{"line":728,"column":null}},"361":{"start":{"line":729,"column":8},"end":{"line":729,"column":null}},"362":{"start":{"line":729,"column":26},"end":{"line":729,"column":null}},"363":{"start":{"line":729,"column":59},"end":{"line":729,"column":88}},"364":{"start":{"line":730,"column":8},"end":{"line":730,"column":null}},"365":{"start":{"line":730,"column":22},"end":{"line":730,"column":null}},"366":{"start":{"line":730,"column":51},"end":{"line":730,"column":71}},"367":{"start":{"line":733,"column":4},"end":{"line":733,"column":null}},"368":{"start":{"line":736,"column":2},"end":{"line":1972,"column":null}},"369":{"start":{"line":751,"column":22},"end":{"line":751,"column":null}},"370":{"start":{"line":752,"column":22},"end":{"line":752,"column":null}},"371":{"start":{"line":753,"column":22},"end":{"line":753,"column":null}},"372":{"start":{"line":790,"column":31},"end":{"line":790,"column":67}},"373":{"start":{"line":846,"column":41},"end":{"line":846,"column":68}},"374":{"start":{"line":858,"column":41},"end":{"line":858,"column":66}},"375":{"start":{"line":880,"column":32},"end":{"line":880,"column":42}},"376":{"start":{"line":881,"column":18},"end":{"line":881,"column":null}},"377":{"start":{"line":883,"column":38},"end":{"line":883,"column":53}},"378":{"start":{"line":884,"column":18},"end":{"line":884,"column":null}},"379":{"start":{"line":885,"column":18},"end":{"line":885,"column":null}},"380":{"start":{"line":887,"column":38},"end":{"line":887,"column":null}},"381":{"start":{"line":889,"column":47},"end":{"line":889,"column":null}},"382":{"start":{"line":890,"column":18},"end":{"line":896,"column":null}},"383":{"start":{"line":891,"column":20},"end":{"line":896,"column":null}},"384":{"start":{"line":892,"column":40},"end":{"line":892,"column":80}},"385":{"start":{"line":893,"column":22},"end":{"line":894,"column":null}},"386":{"start":{"line":894,"column":24},"end":{"line":894,"column":null}},"387":{"start":{"line":901,"column":48},"end":{"line":901,"column":null}},"388":{"start":{"line":902,"column":46},"end":{"line":902,"column":null}},"389":{"start":{"line":903,"column":18},"end":{"line":903,"column":null}},"390":{"start":{"line":903,"column":45},"end":{"line":903,"column":null}},"391":{"start":{"line":904,"column":18},"end":{"line":904,"column":null}},"392":{"start":{"line":904,"column":43},"end":{"line":904,"column":null}},"393":{"start":{"line":906,"column":38},"end":{"line":906,"column":null}},"394":{"start":{"line":908,"column":35},"end":{"line":908,"column":null}},"395":{"start":{"line":909,"column":35},"end":{"line":909,"column":null}},"396":{"start":{"line":910,"column":36},"end":{"line":910,"column":null}},"397":{"start":{"line":913,"column":38},"end":{"line":913,"column":null}},"398":{"start":{"line":915,"column":35},"end":{"line":917,"column":null}},"399":{"start":{"line":919,"column":18},"end":{"line":946,"column":null}},"400":{"start":{"line":926,"column":24},"end":{"line":926,"column":null}},"401":{"start":{"line":926,"column":38},"end":{"line":926,"column":null}},"402":{"start":{"line":928,"column":24},"end":{"line":928,"column":null}},"403":{"start":{"line":929,"column":24},"end":{"line":936,"column":null}},"404":{"start":{"line":930,"column":42},"end":{"line":930,"column":null}},"405":{"start":{"line":931,"column":40},"end":{"line":931,"column":null}},"406":{"start":{"line":932,"column":26},"end":{"line":932,"column":null}},"407":{"start":{"line":933,"column":26},"end":{"line":933,"column":null}},"408":{"start":{"line":935,"column":26},"end":{"line":935,"column":null}},"409":{"start":{"line":936,"column":26},"end":{"line":936,"column":null}},"410":{"start":{"line":961,"column":18},"end":{"line":961,"column":null}},"411":{"start":{"line":962,"column":18},"end":{"line":962,"column":null}},"412":{"start":{"line":990,"column":24},"end":{"line":990,"column":null}},"413":{"start":{"line":990,"column":39},"end":{"line":990,"column":null}},"414":{"start":{"line":991,"column":24},"end":{"line":1015,"column":null}},"415":{"start":{"line":992,"column":41},"end":{"line":992,"column":87}},"416":{"start":{"line":992,"column":65},"end":{"line":992,"column":87}},"417":{"start":{"line":993,"column":42},"end":{"line":993,"column":119}},"418":{"start":{"line":993,"column":65},"end":{"line":993,"column":119}},"419":{"start":{"line":994,"column":26},"end":{"line":994,"column":null}},"420":{"start":{"line":995,"column":26},"end":{"line":995,"column":null}},"421":{"start":{"line":996,"column":26},"end":{"line":996,"column":null}},"422":{"start":{"line":997,"column":26},"end":{"line":997,"column":null}},"423":{"start":{"line":999,"column":26},"end":{"line":1003,"column":null}},"424":{"start":{"line":1000,"column":34},"end":{"line":1000,"column":114}},"425":{"start":{"line":1000,"column":79},"end":{"line":1000,"column":114}},"426":{"start":{"line":1001,"column":28},"end":{"line":1001,"column":null}},"427":{"start":{"line":1001,"column":64},"end":{"line":1001,"column":null}},"428":{"start":{"line":1002,"column":28},"end":{"line":1002,"column":null}},"429":{"start":{"line":1005,"column":37},"end":{"line":1005,"column":null}},"430":{"start":{"line":1006,"column":43},"end":{"line":1006,"column":null}},"431":{"start":{"line":1007,"column":26},"end":{"line":1007,"column":null}},"432":{"start":{"line":1008,"column":26},"end":{"line":1008,"column":null}},"433":{"start":{"line":1009,"column":26},"end":{"line":1009,"column":null}},"434":{"start":{"line":1011,"column":26},"end":{"line":1015,"column":null}},"435":{"start":{"line":1012,"column":47},"end":{"line":1012,"column":64}},"436":{"start":{"line":1013,"column":28},"end":{"line":1013,"column":null}},"437":{"start":{"line":1013,"column":64},"end":{"line":1013,"column":null}},"438":{"start":{"line":1014,"column":28},"end":{"line":1014,"column":null}},"439":{"start":{"line":1027,"column":26},"end":{"line":1027,"column":null}},"440":{"start":{"line":1028,"column":26},"end":{"line":1028,"column":null}},"441":{"start":{"line":1039,"column":41},"end":{"line":1039,"column":84}},"442":{"start":{"line":1040,"column":42},"end":{"line":1040,"column":null}},"443":{"start":{"line":1041,"column":24},"end":{"line":1104,"column":null}},"444":{"start":{"line":1046,"column":45},"end":{"line":1046,"column":89}},"445":{"start":{"line":1053,"column":36},"end":{"line":1053,"column":null}},"446":{"start":{"line":1054,"column":36},"end":{"line":1054,"column":null}},"447":{"start":{"line":1055,"column":36},"end":{"line":1055,"column":null}},"448":{"start":{"line":1064,"column":56},"end":{"line":1064,"column":77}},"449":{"start":{"line":1064,"column":77},"end":{"line":1064,"column":null}},"450":{"start":{"line":1077,"column":72},"end":{"line":1077,"column":92}},"451":{"start":{"line":1081,"column":42},"end":{"line":1093,"column":null}},"452":{"start":{"line":1082,"column":60},"end":{"line":1082,"column":107}},"453":{"start":{"line":1082,"column":86},"end":{"line":1082,"column":107}},"454":{"start":{"line":1083,"column":44},"end":{"line":1083,"column":null}},"455":{"start":{"line":1084,"column":66},"end":{"line":1084,"column":null}},"456":{"start":{"line":1084,"column":90},"end":{"line":1084,"column":111}},"457":{"start":{"line":1085,"column":44},"end":{"line":1086,"column":null}},"458":{"start":{"line":1086,"column":46},"end":{"line":1086,"column":null}},"459":{"start":{"line":1088,"column":44},"end":{"line":1090,"column":null}},"460":{"start":{"line":1089,"column":46},"end":{"line":1089,"column":null}},"461":{"start":{"line":1090,"column":46},"end":{"line":1090,"column":null}},"462":{"start":{"line":1092,"column":44},"end":{"line":1092,"column":null}},"463":{"start":{"line":1093,"column":44},"end":{"line":1093,"column":null}},"464":{"start":{"line":1120,"column":32},"end":{"line":1120,"column":53}},"465":{"start":{"line":1121,"column":20},"end":{"line":1166,"column":null}},"466":{"start":{"line":1144,"column":45},"end":{"line":1144,"column":89}},"467":{"start":{"line":1151,"column":30},"end":{"line":1161,"column":null}},"468":{"start":{"line":1155,"column":34},"end":{"line":1155,"column":null}},"469":{"start":{"line":1156,"column":34},"end":{"line":1156,"column":null}},"470":{"start":{"line":1186,"column":20},"end":{"line":1195,"column":null}},"471":{"start":{"line":1187,"column":22},"end":{"line":1195,"column":null}},"472":{"start":{"line":1191,"column":44},"end":{"line":1191,"column":65}},"473":{"start":{"line":1191,"column":65},"end":{"line":1191,"column":null}},"474":{"start":{"line":1217,"column":31},"end":{"line":1217,"column":50}},"475":{"start":{"line":1225,"column":31},"end":{"line":1225,"column":51}},"476":{"start":{"line":1242,"column":52},"end":{"line":1242,"column":96}},"477":{"start":{"line":1242,"column":72},"end":{"line":1242,"column":96}},"478":{"start":{"line":1244,"column":16},"end":{"line":1248,"column":null}},"479":{"start":{"line":1245,"column":31},"end":{"line":1245,"column":44}},"480":{"start":{"line":1246,"column":18},"end":{"line":1246,"column":null}},"481":{"start":{"line":1246,"column":41},"end":{"line":1246,"column":71}},"482":{"start":{"line":1247,"column":18},"end":{"line":1247,"column":null}},"483":{"start":{"line":1256,"column":37},"end":{"line":1280,"column":null}},"484":{"start":{"line":1257,"column":16},"end":{"line":1257,"column":null}},"485":{"start":{"line":1257,"column":62},"end":{"line":1257,"column":null}},"486":{"start":{"line":1258,"column":33},"end":{"line":1258,"column":null}},"487":{"start":{"line":1259,"column":16},"end":{"line":1278,"column":null}},"488":{"start":{"line":1264,"column":36},"end":{"line":1264,"column":69}},"489":{"start":{"line":1266,"column":24},"end":{"line":1266,"column":null}},"490":{"start":{"line":1270,"column":24},"end":{"line":1275,"column":null}},"491":{"start":{"line":1271,"column":39},"end":{"line":1271,"column":50}},"492":{"start":{"line":1272,"column":26},"end":{"line":1273,"column":null}},"493":{"start":{"line":1272,"column":40},"end":{"line":1272,"column":null}},"494":{"start":{"line":1273,"column":31},"end":{"line":1273,"column":null}},"495":{"start":{"line":1274,"column":26},"end":{"line":1274,"column":null}},"496":{"start":{"line":1297,"column":35},"end":{"line":1297,"column":87}},"497":{"start":{"line":1305,"column":56},"end":{"line":1305,"column":87}},"498":{"start":{"line":1307,"column":20},"end":{"line":1311,"column":null}},"499":{"start":{"line":1308,"column":35},"end":{"line":1308,"column":48}},"500":{"start":{"line":1309,"column":22},"end":{"line":1309,"column":null}},"501":{"start":{"line":1309,"column":42},"end":{"line":1309,"column":97}},"502":{"start":{"line":1309,"column":79},"end":{"line":1309,"column":97}},"503":{"start":{"line":1310,"column":22},"end":{"line":1310,"column":null}},"504":{"start":{"line":1321,"column":39},"end":{"line":1321,"column":169}},"505":{"start":{"line":1321,"column":94},"end":{"line":1321,"column":168}},"506":{"start":{"line":1322,"column":31},"end":{"line":1322,"column":110}},"507":{"start":{"line":1322,"column":98},"end":{"line":1322,"column":106}},"508":{"start":{"line":1324,"column":16},"end":{"line":1354,"column":null}},"509":{"start":{"line":1325,"column":18},"end":{"line":1353,"column":null}},"510":{"start":{"line":1330,"column":41},"end":{"line":1330,"column":94}},"511":{"start":{"line":1335,"column":41},"end":{"line":1335,"column":112}},"512":{"start":{"line":1346,"column":37},"end":{"line":1346,"column":90}},"513":{"start":{"line":1369,"column":31},"end":{"line":1369,"column":87}},"514":{"start":{"line":1380,"column":16},"end":{"line":1432,"column":null}},"515":{"start":{"line":1391,"column":52},"end":{"line":1391,"column":54}},"516":{"start":{"line":1392,"column":24},"end":{"line":1395,"column":null}},"517":{"start":{"line":1393,"column":26},"end":{"line":1393,"column":null}},"518":{"start":{"line":1394,"column":31},"end":{"line":1395,"column":null}},"519":{"start":{"line":1395,"column":26},"end":{"line":1395,"column":null}},"520":{"start":{"line":1398,"column":46},"end":{"line":1403,"column":null}},"521":{"start":{"line":1399,"column":39},"end":{"line":1399,"column":86}},"522":{"start":{"line":1400,"column":39},"end":{"line":1400,"column":86}},"523":{"start":{"line":1401,"column":26},"end":{"line":1401,"column":null}},"524":{"start":{"line":1401,"column":58},"end":{"line":1401,"column":null}},"525":{"start":{"line":1402,"column":26},"end":{"line":1402,"column":null}},"526":{"start":{"line":1405,"column":39},"end":{"line":1405,"column":117}},"527":{"start":{"line":1405,"column":105},"end":{"line":1405,"column":113}},"528":{"start":{"line":1407,"column":24},"end":{"line":1428,"column":null}},"529":{"start":{"line":1408,"column":26},"end":{"line":1427,"column":null}},"530":{"start":{"line":1412,"column":47},"end":{"line":1412,"column":100}},"531":{"start":{"line":1420,"column":45},"end":{"line":1420,"column":98}},"532":{"start":{"line":1446,"column":35},"end":{"line":1446,"column":89}},"533":{"start":{"line":1454,"column":56},"end":{"line":1454,"column":88}},"534":{"start":{"line":1456,"column":20},"end":{"line":1460,"column":null}},"535":{"start":{"line":1457,"column":35},"end":{"line":1457,"column":48}},"536":{"start":{"line":1458,"column":22},"end":{"line":1458,"column":null}},"537":{"start":{"line":1458,"column":42},"end":{"line":1458,"column":98}},"538":{"start":{"line":1458,"column":80},"end":{"line":1458,"column":98}},"539":{"start":{"line":1459,"column":22},"end":{"line":1459,"column":null}},"540":{"start":{"line":1469,"column":127},"end":{"line":1494,"column":24}},"541":{"start":{"line":1469,"column":153},"end":{"line":1469,"column":263}},"542":{"start":{"line":1470,"column":16},"end":{"line":1470,"column":null}},"543":{"start":{"line":1470,"column":92},"end":{"line":1470,"column":null}},"544":{"start":{"line":1471,"column":36},"end":{"line":1471,"column":null}},"545":{"start":{"line":1472,"column":16},"end":{"line":1492,"column":null}},"546":{"start":{"line":1476,"column":49},"end":{"line":1476,"column":140}},"547":{"start":{"line":1479,"column":40},"end":{"line":1479,"column":61}},"548":{"start":{"line":1479,"column":61},"end":{"line":1479,"column":null}},"549":{"start":{"line":1488,"column":166},"end":{"line":1488,"column":187}},"550":{"start":{"line":1489,"column":170},"end":{"line":1489,"column":195}},"551":{"start":{"line":1489,"column":242},"end":{"line":1489,"column":262}},"552":{"start":{"line":1510,"column":35},"end":{"line":1510,"column":93}},"553":{"start":{"line":1518,"column":47},"end":{"line":1518,"column":119}},"554":{"start":{"line":1518,"column":86},"end":{"line":1518,"column":118}},"555":{"start":{"line":1520,"column":20},"end":{"line":1526,"column":null}},"556":{"start":{"line":1521,"column":35},"end":{"line":1521,"column":48}},"557":{"start":{"line":1522,"column":22},"end":{"line":1524,"column":null}},"558":{"start":{"line":1523,"column":24},"end":{"line":1523,"column":null}},"559":{"start":{"line":1523,"column":44},"end":{"line":1523,"column":100}},"560":{"start":{"line":1523,"column":82},"end":{"line":1523,"column":100}},"561":{"start":{"line":1525,"column":22},"end":{"line":1525,"column":null}},"562":{"start":{"line":1536,"column":41},"end":{"line":1542,"column":null}},"563":{"start":{"line":1537,"column":64},"end":{"line":1537,"column":140}},"564":{"start":{"line":1539,"column":33},"end":{"line":1539,"column":null}},"565":{"start":{"line":1540,"column":33},"end":{"line":1540,"column":null}},"566":{"start":{"line":1541,"column":22},"end":{"line":1541,"column":null}},"567":{"start":{"line":1543,"column":33},"end":{"line":1543,"column":112}},"568":{"start":{"line":1543,"column":100},"end":{"line":1543,"column":108}},"569":{"start":{"line":1545,"column":18},"end":{"line":1578,"column":null}},"570":{"start":{"line":1548,"column":24},"end":{"line":1576,"column":null}},"571":{"start":{"line":1553,"column":47},"end":{"line":1553,"column":138}},"572":{"start":{"line":1558,"column":47},"end":{"line":1558,"column":120}},"573":{"start":{"line":1569,"column":43},"end":{"line":1569,"column":134}},"574":{"start":{"line":1593,"column":35},"end":{"line":1593,"column":85}},"575":{"start":{"line":1601,"column":56},"end":{"line":1601,"column":131}},"576":{"start":{"line":1603,"column":20},"end":{"line":1607,"column":null}},"577":{"start":{"line":1604,"column":35},"end":{"line":1604,"column":48}},"578":{"start":{"line":1605,"column":22},"end":{"line":1605,"column":null}},"579":{"start":{"line":1605,"column":42},"end":{"line":1605,"column":141}},"580":{"start":{"line":1605,"column":123},"end":{"line":1605,"column":141}},"581":{"start":{"line":1606,"column":22},"end":{"line":1606,"column":null}},"582":{"start":{"line":1618,"column":18},"end":{"line":1655,"column":null}},"583":{"start":{"line":1629,"column":24},"end":{"line":1629,"column":null}},"584":{"start":{"line":1629,"column":98},"end":{"line":1629,"column":null}},"585":{"start":{"line":1630,"column":44},"end":{"line":1630,"column":null}},"586":{"start":{"line":1631,"column":24},"end":{"line":1651,"column":null}},"587":{"start":{"line":1635,"column":57},"end":{"line":1635,"column":146}},"588":{"start":{"line":1638,"column":48},"end":{"line":1638,"column":69}},"589":{"start":{"line":1638,"column":69},"end":{"line":1638,"column":null}},"590":{"start":{"line":1647,"column":174},"end":{"line":1647,"column":195}},"591":{"start":{"line":1648,"column":178},"end":{"line":1648,"column":203}},"592":{"start":{"line":1648,"column":250},"end":{"line":1648,"column":270}},"593":{"start":{"line":1672,"column":35},"end":{"line":1672,"column":83}},"594":{"start":{"line":1680,"column":56},"end":{"line":1680,"column":97}},"595":{"start":{"line":1682,"column":20},"end":{"line":1686,"column":null}},"596":{"start":{"line":1683,"column":35},"end":{"line":1683,"column":48}},"597":{"start":{"line":1684,"column":22},"end":{"line":1684,"column":null}},"598":{"start":{"line":1684,"column":42},"end":{"line":1684,"column":107}},"599":{"start":{"line":1684,"column":89},"end":{"line":1684,"column":107}},"600":{"start":{"line":1685,"column":22},"end":{"line":1685,"column":null}},"601":{"start":{"line":1696,"column":41},"end":{"line":1696,"column":173}},"602":{"start":{"line":1696,"column":96},"end":{"line":1696,"column":172}},"603":{"start":{"line":1697,"column":33},"end":{"line":1697,"column":112}},"604":{"start":{"line":1697,"column":100},"end":{"line":1697,"column":108}},"605":{"start":{"line":1699,"column":18},"end":{"line":1732,"column":null}},"606":{"start":{"line":1702,"column":24},"end":{"line":1730,"column":null}},"607":{"start":{"line":1707,"column":47},"end":{"line":1707,"column":138}},"608":{"start":{"line":1712,"column":47},"end":{"line":1712,"column":120}},"609":{"start":{"line":1723,"column":43},"end":{"line":1723,"column":134}},"610":{"start":{"line":1752,"column":35},"end":{"line":1757,"column":null}},"611":{"start":{"line":1759,"column":16},"end":{"line":1774,"column":null}},"612":{"start":{"line":1768,"column":58},"end":{"line":1768,"column":83}},"613":{"start":{"line":1769,"column":60},"end":{"line":1769,"column":87}},"614":{"start":{"line":1802,"column":60},"end":{"line":1802,"column":91}},"615":{"start":{"line":1819,"column":30},"end":{"line":1819,"column":null}},"616":{"start":{"line":1820,"column":24},"end":{"line":1820,"column":97}},"617":{"start":{"line":1820,"column":83},"end":{"line":1820,"column":97}},"618":{"start":{"line":1821,"column":18},"end":{"line":1821,"column":null}},"619":{"start":{"line":1821,"column":30},"end":{"line":1821,"column":null}},"620":{"start":{"line":1823,"column":43},"end":{"line":1823,"column":100}},"621":{"start":{"line":1823,"column":72},"end":{"line":1823,"column":100}},"622":{"start":{"line":1824,"column":34},"end":{"line":1824,"column":null}},"623":{"start":{"line":1825,"column":43},"end":{"line":1825,"column":null}},"624":{"start":{"line":1826,"column":34},"end":{"line":1826,"column":null}},"625":{"start":{"line":1828,"column":18},"end":{"line":1843,"column":null}},"626":{"start":{"line":1873,"column":26},"end":{"line":1873,"column":null}},"627":{"start":{"line":1874,"column":26},"end":{"line":1876,"column":null}},"628":{"start":{"line":1875,"column":28},"end":{"line":1875,"column":null}},"629":{"start":{"line":1889,"column":30},"end":{"line":1898,"column":null}},"630":{"start":{"line":1893,"column":36},"end":{"line":1895,"column":null}},"631":{"start":{"line":1915,"column":26},"end":{"line":1915,"column":null}},"632":{"start":{"line":1916,"column":26},"end":{"line":1916,"column":null}},"633":{"start":{"line":1917,"column":26},"end":{"line":1919,"column":null}},"634":{"start":{"line":1918,"column":28},"end":{"line":1918,"column":null}},"635":{"start":{"line":1932,"column":30},"end":{"line":1934,"column":null}},"636":{"start":{"line":1950,"column":20},"end":{"line":1950,"column":null}},"637":{"start":{"line":1951,"column":20},"end":{"line":1951,"column":null}},"638":{"start":{"line":1952,"column":20},"end":{"line":1952,"column":null}},"639":{"start":{"line":1963,"column":33},"end":{"line":1963,"column":80}}},"fnMap":{"0":{"name":"KpiDashboard","decl":{"start":{"line":87,"column":16},"end":{"line":87,"column":31}},"loc":{"start":{"line":87,"column":31},"end":{"line":1972,"column":null}},"line":87},"1":{"name":"(anonymous_1)","decl":{"start":{"line":103,"column":8},"end":{"line":103,"column":24}},"loc":{"start":{"line":103,"column":24},"end":{"line":103,"column":38}},"line":103},"2":{"name":"(anonymous_2)","decl":{"start":{"line":118,"column":69},"end":{"line":118,"column":83}},"loc":{"start":{"line":118,"column":83},"end":{"line":140,"column":6}},"line":118},"3":{"name":"(anonymous_3)","decl":{"start":{"line":158,"column":2},"end":{"line":158,"column":18}},"loc":{"start":{"line":158,"column":18},"end":{"line":166,"column":7}},"line":158},"4":{"name":"(anonymous_4)","decl":{"start":{"line":168,"column":8},"end":{"line":168,"column":29}},"loc":{"start":{"line":168,"column":53},"end":{"line":170,"column":null}},"line":168},"5":{"name":"(anonymous_5)","decl":{"start":{"line":176,"column":2},"end":{"line":176,"column":18}},"loc":{"start":{"line":176,"column":18},"end":{"line":231,"column":null}},"line":176},"6":{"name":"(anonymous_6)","decl":{"start":{"line":204,"column":37},"end":{"line":204,"column":49}},"loc":{"start":{"line":204,"column":49},"end":{"line":224,"column":16}},"line":204},"7":{"name":"(anonymous_7)","decl":{"start":{"line":226,"column":8},"end":{"line":226,"column":21}},"loc":{"start":{"line":226,"column":21},"end":{"line":226,"column":44}},"line":226},"8":{"name":"(anonymous_8)","decl":{"start":{"line":248,"column":8},"end":{"line":248,"column":37}},"loc":{"start":{"line":248,"column":68},"end":{"line":260,"column":null}},"line":248},"9":{"name":"(anonymous_9)","decl":{"start":{"line":250,"column":6},"end":{"line":250,"column":24}},"loc":{"start":{"line":250,"column":33},"end":{"line":250,"column":57}},"line":250},"10":{"name":"(anonymous_10)","decl":{"start":{"line":253,"column":4},"end":{"line":253,"column":22}},"loc":{"start":{"line":253,"column":30},"end":{"line":260,"column":null}},"line":253},"11":{"name":"(anonymous_11)","decl":{"start":{"line":256,"column":41},"end":{"line":256,"column":48}},"loc":{"start":{"line":256,"column":53},"end":{"line":256,"column":67}},"line":256},"12":{"name":"(anonymous_12)","decl":{"start":{"line":263,"column":8},"end":{"line":263,"column":35}},"loc":{"start":{"line":263,"column":35},"end":{"line":266,"column":null}},"line":263},"13":{"name":"(anonymous_13)","decl":{"start":{"line":269,"column":8},"end":{"line":269,"column":30}},"loc":{"start":{"line":269,"column":61},"end":{"line":277,"column":null}},"line":269},"14":{"name":"(anonymous_14)","decl":{"start":{"line":270,"column":4},"end":{"line":270,"column":22}},"loc":{"start":{"line":270,"column":30},"end":{"line":277,"column":null}},"line":270},"15":{"name":"(anonymous_15)","decl":{"start":{"line":273,"column":36},"end":{"line":273,"column":43}},"loc":{"start":{"line":273,"column":48},"end":{"line":273,"column":60}},"line":273},"16":{"name":"(anonymous_16)","decl":{"start":{"line":280,"column":8},"end":{"line":280,"column":27}},"loc":{"start":{"line":280,"column":63},"end":{"line":287,"column":null}},"line":280},"17":{"name":"(anonymous_17)","decl":{"start":{"line":281,"column":
[...]
},"end":{"line":1,"column":null}},"1":{"start":{"line":20,"column":2},"end":{"line":28,"column":null}},"2":{"start":{"line":45,"column":2},"end":{"line":58,"column":null}},"3":{"start":{"line":67,"column":2},"end":{"line":80,"column":null}},"4":{"start":{"line":89,"column":2},"end":{"line":97,"column":null}},"5":{"start":{"line":104,"column":2},"end":{"line":109,"column":null}},"6":{"start":{"line":117,"column":2},"end":{"line":125,"column":null}},"7":{"start":{"line":133,"column":2},"end":{"line":138,"column":null}},"8":{"start":{"line":146,"column":2},"end":{"line":154,"column":null}},"9":{"start":{"line":162,"column":2},"end":{"line":170,"column":null}}},"fnMap":{"0":{"name":"Command","decl":{"start":{"line":16,"column":9},"end":{"line":16,"column":17}},"loc":{"start":{"line":19,"column":50},"end":{"line":28,"column":null}},"line":19},"1":{"name":"CommandDialog","decl":{"start":{"line":32,"column":9},"end":{"line":32,"column":23}},"loc":{"start":{"line":44,"column":3},"end":{"line":58,"column":null}},"line":44},"2":{"name":"CommandInput","decl":{"start":{"line":63,"column":9},"end":{"line":63,"column":22}},"loc":{"start":{"line":66,"column":56},"end":{"line":80,"column":null}},"line":66},"3":{"name":"CommandList","decl":{"start":{"line":85,"column":9},"end":{"line":85,"column":21}},"loc":{"start":{"line":88,"column":55},"end":{"line":97,"column":null}},"line":88},"4":{"name":"CommandEmpty","decl":{"start":{"line":101,"column":9},"end":{"line":101,"column":22}},"loc":{"start":{"line":103,"column":56},"end":{"line":109,"column":null}},"line":103},"5":{"name":"CommandGroup","decl":{"start":{"line":113,"column":9},"end":{"line":113,"column":22}},"loc":{"start":{"line":116,"column":56},"end":{"line":125,"column":null}},"line":116},"6":{"name":"CommandSeparator","decl":{"start":{"line":129,"column":9},"end":{"line":129,"column":26}},"loc":{"start":{"line":132,"column":60},"end":{"line":138,"column":null}},"line":132},"7":{"name":"CommandItem","decl":{"start":{"line":142,"column":9},"end":{"line":142,"column":21}},"loc":{"start":{"line":145,"column":55},"end":{"line":154,"column":null}},"line":145},"8":{"name":"CommandShortcut","decl":{"start":{"line":158,"column":9},"end":{"line":158,"column":25}},"loc":{"start":{"line":161,"column":33},"end":{"line":170,"column":null}},"line":161}},"branchMap":{"0":{"loc":{"start":{"line":33,"column":2},"end":{"line":33,"column":null}},"type":"default-arg","locations":[{"start":{"line":33,"column":10},"end":{"line":33,"column":null}}],"line":33},"1":{"loc":{"start":{"line":34,"column":2},"end":{"line":34,"column":null}},"type":"default-arg","locations":[{"start":{"line":34,"column":16},"end":{"line":34,"column":null}}],"line":34},"2":{"loc":{"start":{"line":37,"column":2},"end":{"line":37,"column":null}},"type":"default-arg","locations":[{"start":{"line":37,"column":20},"end":{"line":37,"column":null}}],"line":37}},"s":{"0":1,"1":0,"2":0,"3":0,"4":0,"5":0,"6":0,"7":0,"8":0,"9":0},"f":{"0":0,"1":0,"2":0,"3":0,"4":0,"5":0,"6":0,"7":0,"8":0},"b":{"0":[0],"1":[0],"2":[0]},"meta":{"lastBranch":3,"lastFunction":9,"lastStatement":10,"seen":{"s:1:0:1:Infinity":0,"f:16:9:16:17":0,"s:20:2:28:Infinity":1,"f:32:9:32:23":1,"b:33:10:33:Infinity":0,"b:34:16:34:Infinity":1,"b:37:20:37:Infinity":2,"s:45:2:58:Infinity":2,"f:63:9:63:22":2,"s:67:2:80:Infinity":3,"f:85:9:85:21":3,"s:89:2:97:Infinity":4,"f:101:9:101:22":4,"s:104:2:109:Infinity":5,"f:113:9:113:22":5,"s:117:2:125:Infinity":6,"f:129:9:129:26":6,"s:133:2:138:Infinity":7,"f:142:9:142:21":7,"s:146:2:154:Infinity":8,"f:158:9:158:25":8,"s:162:2:170:Infinity":9}}}
,"/Users/chimin/Documents/script/jira-etl-dashboard/src/components/ui/dialog.tsx": {"path":"/Users/chimin/Documents/script/jira-etl-dashboard/src/components/ui/dialog.tsx","statementMap":{"0":{"start":{"line":1,"column":0},"end":{"line":1,"column":null}},"1":{"start":{"line":12,"column":2},"end":{"line":12,"column":null}},"2":{"start":{"line":18,"column":2},"end":{"line":18,"column":null}},"3":{"start":{"line":24,"column":2},"end":{"line":24,"column":null}},"4":{"start":{"line":30,"column":2},"end":{"line":30,"column":null}},"5":{"start":{"line":37,"column":2},"end":{"line":45,"column":null}},"6":{"start":{"line":57,"column":2},"end":{"line":75,"column":null}},"7":{"start":{"line":84,"column":2},"end":{"line":89,"column":null}},"8":{"start":{"line":94,"column":2},"end":{"line":102,"column":null}},"9":{"start":{"line":110,"column":2},"end":{"line":115,"column":null}},"10":{"start":{"line":123,"column":2},"end":{"line":128,"column":null}}},"fnMap":{"0":{"name":"Dialog","decl":{"start":{"line":9,"column":9},"end":{"line":9,"column":16}},"loc":{"start":{"line":11,"column":54},"end":{"line":12,"column":null}},"line":11},"1":{"name":"DialogTrigger","decl":{"start":{"line":15,"column":9},"end":{"line":15,"column":23}},"loc":{"start":{"line":17,"column":57},"end":{"line":18,"column":null}},"line":17},"2":{"name":"DialogPortal","decl":{"start":{"line":21,"column":9},"end":{"line":21,"column":22}},"loc":{"start":{"line":23,"column":56},"end":{"line":24,"column":null}},"line":23},"3":{"name":"DialogClose","decl":{"start":{"line":27,"column":9},"end":{"line":27,"column":21}},"loc":{"start":{"line":29,"column":55},"end":{"line":30,"column":null}},"line":29},"4":{"name":"DialogOverlay","decl":{"start":{"line":33,"column":9},"end":{"line":33,"column":23}},"loc":{"start":{"line":36,"column":57},"end":{"line":45,"column":null}},"line":36},"5":{"name":"DialogContent","decl":{"start":{"line":49,"column":9},"end":{"line":49,"column":23}},"loc":{"start":{"line":56,"column":3},"end":{"line":75,"column":null}},"line":56},"6":{"name":"DialogHeader","decl":{"start":{"line":83,"column":9},"end":{"line":83,"column":22}},"loc":{"start":{"line":83,"column":76},"end":{"line":89,"column":null}},"line":83},"7":{"name":"DialogFooter","decl":{"start":{"line":93,"column":9},"end":{"line":93,"column":22}},"loc":{"start":{"line":93,"column":76},"end":{"line":102,"column":null}},"line":93},"8":{"name":"DialogTitle","decl":{"start":{"line":106,"column":9},"end":{"line":106,"column":21}},"loc":{"start":{"line":109,"column":55},"end":{"line":115,"column":null}},"line":109},"9":{"name":"DialogDescription","decl":{"start":{"line":119,"column":9},"end":{"line":119,"column":27}},"loc":{"start":{"line":122,"column":61},"end":{"line":128,"column":null}},"line":122}},"branchMap":{"0":{"loc":{"start":{"line":52,"column":2},"end":{"line":52,"column":null}},"type":"default-arg","locations":[{"start":{"line":52,"column":20},"end":{"line":52,"column":null}}],"line":52},"1":{"loc":{"start":{"line":69,"column":9},"end":{"line":75,"column":null}},"type":"binary-expr","locations":[{"start":{"line":69,"column":9},"end":{"line":69,"column":null}},{"start":{"line":70,"column":10},"end":{"line":75,"column":null}}],"line":69}},"s":{"0":1,"1":0,"2":0,"3":0,"4":0,"5":0,"6":0,"7":0,"8":0,"9":0,"10":0},"f":{"0":0,"1":0,"2":0,"3":0,"4":0,"5":0,"6":0,"7":0,"8":0,"9":0},"b":{"0":[0],"1":[0,0]},"meta":{"lastBranch":2,"lastFunction":10,"lastStatement":11,"seen":{"s:1:0:1:Infinity":0,"f:9:9:9:16":0,"s:12:2:12:Infinity":1,"f:15:9:15:23":1,"s:18:2:18:Infinity":2,"f:21:9:21:22":2,"s:24:2:24:Infinity":3,"f:27:9:27:21":3,"s:30:2:30:Infinity":4,"f:33:9:33:23":4,"s:37:2:45:Infinity":5,"f:49:9:49:23":5,"b:52:20:52:Infinity":0,"s:57:2:75:Infinity":6,"b:69:9:69:Infinity:70:10:75:Infinity":1,"f:83:9:83:22":6,"s:84:2:89:Infinity":7,"f:93:9:93:22":7,"s:94:2:102:Infinity":8,"f:106:9:106:21":8,"s:110:2:115:Infinity":9,"f:119:9:119:27":9,"s:123:2:128:Infinity":10}}}
,"/Users/chimin/Documents/script/jira-etl-dashboard/src/components/ui/input.tsx": {"path":"/Users/chimin/Documents/script/jira-etl-dashboard/src/components/ui/input.tsx","statementMap":{"0":{"start":{"line":6,"column":2},"end":{"line":17,"column":null}}},"fnMap":{"0":{"name":"Input","decl":{"start":{"line":5,"column":9},"end":{"line":5,"column":15}},"loc":{"start":{"line":5,"column":77},"end":{"line":17,"column":null}},"line":5}},"branchMap":{},"s":{"0":64},"f":{"0":64},"b":{},"meta":{"lastBranch":0,"lastFunction":1,"lastStatement":1,"seen":{"f:5:9:5:15":0,"s:6:2:17:Infinity":0}}}
,"/Users/chimin/Documents/script/jira-etl-dashboard/src/components/ui/label.tsx": {"path":"/Users/chimin/Documents/script/jira-etl-dashboard/src/components/ui/label.tsx","statementMap":{"0":{"start":{"line":1,"column":0},"end":{"line":1,"column":null}},"1":{"start":{"line":12,"column":2},"end":{"line":20,"column":null}}},"fnMap":{"0":{"name":"Label","decl":{"start":{"line":8,"column":9},"end":{"line":8,"column":15}},"loc":{"start":{"line":11,"column":53},"end":{"line":20,"column":null}},"line":11}},"branchMap":{},"s":{"0":1,"1":64},"f":{"0":64},"b":{},"meta":{"lastBranch":0,"lastFunction":1,"lastStatement":2,"seen":{"s:1:0:1:Infinity":0,"f:8:9:8:15":0,"s:12:2:20:Infinity":1}}}
,"/Users/chimin/Documents/script/jira-etl-dashboard/src/components/ui/popover.tsx": {"path":"/Users/chimin/Documents/script/jira-etl-dashboard/src/components/ui/popover.tsx","statementMap":{"0":{"start":{"line":1,"column":0},"end":{"line":1,"column":null}},"1":{"start":{"line":11,"column":2},"end":{"line":11,"column":null}},"2":{"start":{"line":17,"column":2},"end":{"line":17,"column":null}},"3":{"start":{"line":26,"column":2},"end":{"line":38,"column":null}},"4":{"start":{"line":45,"column":2},"end":{"line":45,"column":null}}},"fnMap":{"0":{"name":"Popover","decl":{"start":{"line":8,"column":9},"end":{"line":8,"column":17}},"loc":{"start":{"line":10,"column":55},"end":{"line":11,"column":null}},"line":10},"1":{"name":"PopoverTrigger","decl":{"start":{"line":14,"column":9},"end":{"line":14,"column":24}},"loc":{"start":{"line":16,"column":58},"end":{"line":17,"column":null}},"line":16},"2":{"name":"PopoverContent","decl":{"start":{"line":20,"column":9},"end":{"line":20,"column":24}},"loc":{"start":{"line":25,"column":58},"end":{"line":38,"column":null}},"line":25},"3":{"name":"PopoverAnchor","decl":{"start":{"line":42,"column":9},"end":{"line":42,"column":23}},"loc":{"start":{"line":44,"column":57},"end":{"line":45,"column":null}},"line":44}},"branchMap":{"0":{"loc":{"start":{"line":22,"column":2},"end":{"line":22,"column":null}},"type":"default-arg","locations":[{"start":{"line":22,"column":10},"end":{"line":22,"column":null}}],"line":22},"1":{"loc":{"start":{"line":23,"column":2},"end":{"line":23,"column":null}},"type":"default-arg","locations":[{"start":{"line":23,"column":15},"end":{"line":23,"column":null}}],"line":23}},"s":{"0":1,"1":0,"2":0,"3":0,"4":0},"f":{"0":0,"1":0,"2":0,"3":0},"b":{"0":[0],"1":[0]},"meta":{"lastBranch":2,"lastFunction":4,"lastStatement":5,"seen":{"s:1:0:1:Infinity":0,"f:8:9:8:17":0,"s:11:2:11:Infinity":1,"f:14:9:14:24":1,"s:17:2:17:Infinity":2,"f:20:9:20:24":2,"b:22:10:22:Infinity":0,"b:23:15:23:Infinity":1,"s:26:2:38:Infinity":3,"f:42:9:42:23":3,"s:45:2:45:Infinity":4}}}
,"/Users/chimin/Documents/script/jira-etl-dashboard/src/components/ui/separator.tsx": {"path":"/Users/chimin/Documents/script/jira-etl-dashboard/src/components/ui/separator.tsx","statementMap":{"0":{"start":{"line":1,"column":0},"end":{"line":1,"column":null}},"1":{"start":{"line":14,"column":2},"end":{"line":24,"column":null}}},"fnMap":{"0":{"name":"Separator","decl":{"start":{"line":8,"column":9},"end":{"line":8,"column":19}},"loc":{"start":{"line":13,"column":57},"end":{"line":24,"column":null}},"line":13}},"branchMap":{"0":{"loc":{"start":{"line":10,"column":2},"end":{"line":10,"column":null}},"type":"default-arg","locations":[{"start":{"line":10,"column":16},"end":{"line":10,"column":null}}],"line":10},"1":{"loc":{"start":{"line":11,"column":2},"end":{"line":11,"column":null}},"type":"default-arg","locations":[{"start":{"line":11,"column":15},"end":{"line":11,"column":null}}],"line":11}},"s":{"0":1,"1":96},"f":{"0":96},"b":{"0":[96],"1":[96]},"meta":{"lastBranch":2,"lastFunction":1,"lastStatement":2,"seen":{"s:1:0:1:Infinity":0,"f:8:9:8:19":0,"b:10:16:10:Infinity":0,"b:11:15:11:Infinity":1,"s:14:2:24:Infinity":1}}}
,"/Users/chimin/Documents/script/jira-etl-dashboard/src/components/ui/sheet.tsx": {"path":"/Users/chimin/Documents/script/jira-etl-dashboard/src/components/ui/sheet.tsx","statementMap":{"0":{"start":{"line":1,"column":0},"end":{"line":1,"column":null}},"1":{"start":{"line":10,"column":2},"end":{"line":10,"column":null}},"2":{"start":{"line":16,"column":2},"end":{"line":16,"column":null}},"3":{"start":{"line":22,"column":2},"end":{"line":22,"column":null}},"4":{"start":{"line":28,"column":2},"end":{"line":28,"column":null}},"5":{"start":{"line":35,"column":2},"end":{"line":43,"column":null}},"6":{"start":{"line":55,"column":2},"end":{"line":80,"column":null}},"7":{"start":{"line":85,"column":2},"end":{"line":90,"column":null}},"8":{"start":{"line":95,"column":2},"end":{"line":100,"column":null}},"9":{"start":{"line":108,"column":2},"end":{"line":113,"column":null}},"10":{"start":{"line":121,"column":2},"end":{"line":126,"column":null}}},"fnMap":{"0":{"name":"Sheet","decl":{"start":{"line":9,"column":9},"end":{"line":9,"column":15}},"loc":{"start":{"line":9,"column":79},"end":{"line":10,"column":null}},"line":9},"1":{"name":"SheetTrigger","decl":{"start":{"line":13,"column":9},"end":{"line":13,"column":22}},"loc":{"start":{"line":15,"column":56},"end":{"line":16,"column":null}},"line":15},"2":{"name":"SheetClose","decl":{"start":{"line":19,"column":9},"end":{"line":19,"column":20}},"loc":{"start":{"line":21,"column":54},"end":{"line":22,"column":null}},"line":21},"3":{"name":"SheetPortal","decl":{"start":{"line":25,"column":9},"end":{"line":25,"column":21}},"loc":{"start":{"line":27,"column":55},"end":{"line":28,"column":null}},"line":27},"4":{"name":"SheetOverlay","decl":{"start":{"line":31,"column":9},"end":{"line":31,"column":22}},"loc":{"start":{"line":34,"column":56},"end":{"line":43,"column":null}},"line":34},"5":{"name":"SheetContent","decl":{"start":{"line":47,"column":9},"end":{"line":47,"column":22}},"loc":{"start":{"line":54,"column":3},"end":{"line":80,"column":null}},"line":54},"6":{"name":"SheetHeader","decl":{"start":{"line":84,"column":9},"end":{"line":84,"column":21}},"loc":{"start":{"line":84,"column":75},"end":{"line":90,"column":null}},"line":84},"7":{"name":"SheetFooter","decl":{"start":{"line":94,"column":9},"end":{"line":94,"column":21}},"loc":{"start":{"line":94,"column":75},"end":{"line":100,"column":null}},"line":94},"8":{"name":"SheetTitle","decl":{"start":{"line":104,"column":9},"end":{"line":104,"column":20}},"loc":{"start":{"line":107,"column":54},"end":{"line":113,"column":null}},"line":107},"9":{"name":"SheetDescription","decl":{"start":{"line":117,"column":9},"end":{"line":117,"column":26}},"loc":{"start":{"line":120,"column":60},"end":{"line":126,"column":null}},"line":120}},"branchMap":{"0":{"loc":{"start":{"line":50,"column":2},"end":{"line":50,"column":null}},"type":"default-arg","locations":[{"start":{"line":50,"column":9},"end":{"line":50,"column":null}}],"line":50},"1":{"loc":{"start":{"line":62,"column":10},"end":{"line":63,"column":null}},"type":"binary-expr","locations":[{"start":{"line":62,"column":10},"end":{"line":62,"column":null}},{"start":{"line":63,"column":12},"end":{"line":63,"column":null}}],"line":62},"2":{"loc":{"start":{"line":64,"column":10},"end":{"line":65,"column":null}},"type":"binary-expr","locations":[{"start":{"line":64,"column":10},"end":{"line":64,"column":null}},{"start":{"line":65,"column":12},"end":{"line":65,"column":null}}],"line":64},"3":{"loc":{"start":{"line":66,"column":10},"end":{"line":67,"column":null}},"type":"binary-expr","locations":[{"start":{"line":66,"column":10},"end":{"line":66,"column":null}},{"start":{"line":67,"column":12},"end":{"line":67,"column":null}}],"line":66},"4":{"loc":{"start":{"line":68,"column":10},"end":{"line":69,"column":null}},"type":"binary-expr","locations":[{"start":{"line":68,"column":10},"end":{"line":68,"column":null}},{"start":{"line":69,"column":12},"end":{"line":69,"column":null}}],"line":68}},"s":{"0":1,"1":32,"2":0,"3":0,"4":32,"5":0,"6":32,"7":0,"8":0,"9":0,"10":0},"f":{"0":32,"1":0,"2":0,"3":32,"4":0,"5":32,"6":0,"7":0,"8":0,"9":0},"b":{"0":[32],"1":[32,32],"2":[32,0],"3":[32,0],"4":[32,0]},"meta":{"lastBranch":5,"lastFunction":10,"lastStatement":11,"seen":{"s:1:0:1:Infinity":0,"f:9:9:9:15":0,"s:10:2:10:Infinity":1,"f:13:9:13:22":1,"s:16:2:16:Infinity":2,"f:19:9:19:20":2,"s:22:2:22:Infinity":3,"f:25:9:25:21":3,"s:28:2:28:Infinity":4,"f:31:9:31:22":4,"s:35:2:43:Infinity":5,"f:47:9:47:22":5,"b:50:9:50:Infinity":0,"s:55:2:80:Infinity":6,"b:62:10:62:Infinity:63:12:63:Infinity":1,"b:64:10:64:Infinity:65:12:65:Infinity":2,"b:66:10:66:Infinity:67:12:67:Infinity":3,"b:68:10:68:Infinity:69:12:69:Infinity":4,"f:84:9:84:21":6,"s:85:2:90:Infinity":7,"f:94:9:94:21":7,"s:95:2:100:Infinity":8,"f:104:9:104:20":8,"s:108:2:113:Infinity":9,"f:117:9:117:26":9,"s:121:2:126:Infinity":10}}}
,"/Users/chimin/Documents/script/jira-etl-dashboard/src/components/ui/tooltip.tsx": {"path":"/Users/chimin/Documents/script/jira-etl-dashboard/src/components/ui/tooltip.tsx","statementMap":{"0":{"start":{"line":1,"column":0},"end":{"line":1,"column":null}},"1":{"start":{"line":12,"column":2},"end":{"line":17,"column":null}},"2":{"start":{"line":24,"column":2},"end":{"line":27,"column":null}},"3":{"start":{"line":34,"column":2},"end":{"line":34,"column":null}},"4":{"start":{"line":44,"column":2},"end":{"line":58,"column":null}}},"fnMap":{"0":{"name":"TooltipProvider","decl":{"start":{"line":8,"column":9},"end":{"line":8,"column":25}},"loc":{"start":{"line":11,"column":59},"end":{"line":17,"column":null}},"line":11},"1":{"name":"Tooltip","decl":{"start":{"line":21,"column":9},"end":{"line":21,"column":17}},"loc":{"start":{"line":23,"column":55},"end":{"line":27,"column":null}},"line":23},"2":{"name":"TooltipTrigger","decl":{"start":{"line":31,"column":9},"end":{"line":31,"column":24}},"loc":{"start":{"line":33,"column":58},"end":{"line":34,"column":null}},"line":33},"3":{"name":"TooltipContent","decl":{"start":{"line":37,"column":9},"end":{"line":37,"column":24}},"loc":{"start":{"line":43,"column":84},"end":{"line":58,"column":null}},"line":43}},"branchMap":{"0":{"loc":{"start":{"line":9,"column":2},"end":{"line":9,"column":null}},"type":"default-arg","locations":[{"start":{"line":9,"column":18},"end":{"line":9,"column":null}}],"line":9},"1":{"loc":{"start":{"line":39,"column":2},"end":{"line":39,"column":null}},"type":"default-arg","locations":[{"start":{"line":39,"column":15},"end":{"line":39,"column":null}}],"line":39},"2":{"loc":{"start":{"line":40,"column":2},"end":{"line":40,"column":null}},"type":"default-arg","locations":[{"start":{"line":40,"column":14},"end":{"line":40,"column":null}}],"line":40},"3":{"loc":{"start":{"line":56,"column":9},"end":{"line":56,"column":null}},"type":"binary-expr","locations":[{"start":{"line":56,"column":9},"end":{"line":56,"column":23}},{"start":{"line":56,"column":23},"end":{"line":56,"column":null}}],"line":56}},"s":{"0":1,"1":128,"2":64,"3":64,"4":64},"f":{"0":128,"1":64,"2":64,"3":64},"b":{"0":[128],"1":[64],"2":[64],"3":[64,0]},"meta":{"lastBranch":4,"lastFunction":4,"lastStatement":5,"seen":{"s:1:0:1:Infinity":0,"f:8:9:8:25":0,"b:9:18:9:Infinity":0,"s:12:2:17:Infinity":1,"f:21:9:21:17":1,"s:24:2:27:Infinity":2,"f:31:9:31:24":2,"s:34:2:34:Infinity":3,"f:37:9:37:24":3,"b:39:15:39:Infinity":1,"b:40:14:40:Infinity":2,"s:44:2:58:Infinity":4,"b:56:9:56:23:56:23:56:Infinity":3}}}
,"/Users/chimin/Documents/script/jira-etl-dashboard/src/lib/utils.ts": {"path":"/Users/chimin/Documents/script/jira-etl-dashboard/src/lib/utils.ts","statementMap":{"0":{"start":{"line":5,"column":2},"end":{"line":5,"column":null}}},"fnMap":{"0":{"name":"cn","decl":{"start":{"line":4,"column":16},"end":{"line":4,"column":19}},"loc":{"start":{"line":4,"column":44},"end":{"line":5,"column":null}},"line":4}},"branchMap":{},"s":{"0":978},"f":{"0":978},"b":{},"meta":{"lastBranch":0,"lastFunction":1,"lastStatement":1,"seen":{"f:4:16:4:19":0,"s:5:2:5:Infinity":0}}}
}
