TN:
SF:src/hooks/useKpiCalculations.ts
FN:52,useKpiCalculations
FN:59,(anonymous_1)
FN:60,(anonymous_2)
FN:61,(anonymous_3)
FN:62,(anonymous_4)
FN:63,(anonymous_5)
FN:64,(anonymous_6)
FN:66,(anonymous_7)
FN:67,(anonymous_8)
FN:68,(anonymous_9)
FN:69,(anonymous_10)
FN:80,(anonymous_11)
FN:84,(anonymous_12)
FN:148,(anonymous_13)
FN:157,(anonymous_14)
FN:184,(anonymous_15)
FN:204,(anonymous_16)
FN:211,(anonymous_17)
FN:222,(anonymous_18)
FN:228,(anonymous_19)
FN:243,(anonymous_20)
FN:244,(anonymous_21)
FN:255,(anonymous_22)
FN:258,(anonymous_23)
FN:263,(anonymous_24)
FNF:25
FNH:19
FNDA:61,useKpiCalculations
FNDA:61,(anonymous_1)
FNDA:61,(anonymous_2)
FNDA:61,(anonymous_3)
FNDA:61,(anonymous_4)
FNDA:61,(anonymous_5)
FNDA:61,(anonymous_6)
FNDA:61,(anonymous_7)
FNDA:61,(anonymous_8)
FNDA:61,(anonymous_9)
FNDA:61,(anonymous_10)
FNDA:47,(anonymous_11)
FNDA:0,(anonymous_12)
FNDA:61,(anonymous_13)
FNDA:13,(anonymous_14)
FNDA:0,(anonymous_15)
FNDA:3,(anonymous_16)
FNDA:61,(anonymous_17)
FNDA:0,(anonymous_18)
FNDA:0,(anonymous_19)
FNDA:32,(anonymous_20)
FNDA:32,(anonymous_21)
FNDA:61,(anonymous_22)
FNDA:0,(anonymous_23)
FNDA:0,(anonymous_24)
DA:59,61
DA:60,61
DA:61,61
DA:62,61
DA:63,61
DA:64,61
DA:66,61
DA:67,61
DA:68,61
DA:69,61
DA:72,61
DA:73,61
DA:74,61
DA:75,61
DA:80,61
DA:81,47
DA:83,47
DA:84,47
DA:86,47
DA:103,45
DA:105,45
DA:106,1
DA:107,1
DA:110,40
DA:112,40
DA:113,40
DA:114,40
DA:117,0
DA:119,6
DA:120,0
DA:122,6
DA:124,6
DA:134,61
DA:148,61
DA:149,61
DA:150,0
DA:157,61
DA:158,13
DA:161,13
DA:162,1
DA:163,1
DA:166,12
DA:167,12
DA:168,12
DA:170,12
DA:171,12
DA:173,5
DA:174,5
DA:175,5
DA:178,5
DA:179,0
DA:182,5
DA:183,5
DA:184,0
DA:186,5
DA:187,5
DA:191,7
DA:192,7
DA:195,12
DA:196,12
DA:197,12
DA:204,61
DA:205,3
DA:211,61
DA:213,61
DA:214,61
DA:215,0
DA:216,0
DA:218,61
DA:222,0
DA:223,0
DA:224,0
DA:228,0
DA:229,0
DA:230,0
DA:231,0
DA:243,61
DA:244,32
DA:245,32
DA:246,0
DA:250,32
DA:255,61
DA:256,61
DA:257,61
DA:258,0
DA:259,0
DA:263,61
DA:264,0
DA:267,61
DA:270,61
DA:272,61
LF:91
LH:73
BRDA:97,0,0,47
BRDA:97,0,1,37
BRDA:98,1,0,47
BRDA:98,1,1,0
BRDA:105,2,0,1
BRDA:105,2,1,44
BRDA:112,3,0,40
BRDA:112,3,1,0
BRDA:112,4,0,40
BRDA:112,4,1,0
BRDA:119,5,0,0
BRDA:119,5,1,6
BRDA:119,6,0,6
BRDA:119,6,1,6
BRDA:132,7,0,61
BRDA:149,8,0,0
BRDA:149,8,1,61
BRDA:158,9,0,13
BRDA:158,9,1,8
BRDA:161,10,0,1
BRDA:161,10,1,12
BRDA:171,11,0,5
BRDA:171,11,1,7
BRDA:178,12,0,0
BRDA:178,12,1,5
BRDA:213,13,0,61
BRDA:213,13,1,0
BRDA:213,14,0,61
BRDA:213,14,1,0
BRDA:214,15,0,0
BRDA:214,15,1,61
BRDA:223,16,0,0
BRDA:223,16,1,0
BRDA:229,17,0,0
BRDA:229,17,1,0
BRDA:245,18,0,0
BRDA:245,18,1,32
BRDA:257,19,0,0
BRDA:257,19,1,61
BRDA:270,20,0,61
BRDA:270,20,1,28
BRF:41
BRH:26
end_of_record
