TN:
SF:src/components/dashboard/JqlAutocomplete.tsx
FN:37,(anonymous_0)
FN:50,(anonymous_1)
FN:52,(anonymous_2)
FN:56,(anonymous_3)
FN:71,(anonymous_4)
FN:83,(anonymous_5)
FN:92,(anonymous_6)
FN:136,(anonymous_7)
FN:137,(anonymous_8)
FN:138,(anonymous_9)
FN:139,(anonymous_10)
FN:140,(anonymous_11)
FN:141,(anonymous_12)
FN:142,(anonymous_13)
FN:144,(anonymous_14)
FN:148,(anonymous_15)
FN:149,(anonymous_16)
FN:152,(anonymous_17)
FN:153,(anonymous_18)
FN:157,(anonymous_19)
FN:172,(anonymous_20)
FN:190,(anonymous_21)
FN:196,(anonymous_22)
FN:197,(anonymous_23)
FN:198,(anonymous_24)
FN:199,(anonymous_25)
FN:209,(anonymous_26)
FN:214,(anonymous_27)
FN:215,(anonymous_28)
FN:220,(anonymous_29)
FN:223,(anonymous_30)
FNF:31
FNH:0
FNDA:0,(anonymous_0)
FNDA:0,(anonymous_1)
FNDA:0,(anonymous_2)
FNDA:0,(anonymous_3)
FNDA:0,(anonymous_4)
FNDA:0,(anonymous_5)
FNDA:0,(anonymous_6)
FNDA:0,(anonymous_7)
FNDA:0,(anonymous_8)
FNDA:0,(anonymous_9)
FNDA:0,(anonymous_10)
FNDA:0,(anonymous_11)
FNDA:0,(anonymous_12)
FNDA:0,(anonymous_13)
FNDA:0,(anonymous_14)
FNDA:0,(anonymous_15)
FNDA:0,(anonymous_16)
FNDA:0,(anonymous_17)
FNDA:0,(anonymous_18)
FNDA:0,(anonymous_19)
FNDA:0,(anonymous_20)
FNDA:0,(anonymous_21)
FNDA:0,(anonymous_22)
FNDA:0,(anonymous_23)
FNDA:0,(anonymous_24)
FNDA:0,(anonymous_25)
FNDA:0,(anonymous_26)
FNDA:0,(anonymous_27)
FNDA:0,(anonymous_28)
FNDA:0,(anonymous_29)
FNDA:0,(anonymous_30)
DA:1,1
DA:37,1
DA:44,0
DA:45,0
DA:46,0
DA:47,0
DA:50,0
DA:52,0
DA:53,0
DA:56,0
DA:71,0
DA:83,0
DA:84,0
DA:86,0
DA:87,0
DA:90,0
DA:92,0
DA:93,0
DA:95,0
DA:98,0
DA:99,0
DA:100,0
DA:101,0
DA:102,0
DA:110,0
DA:111,0
DA:112,0
DA:113,0
DA:114,0
DA:119,0
DA:120,0
DA:121,0
DA:123,0
DA:124,0
DA:128,0
DA:129,0
DA:132,0
DA:133,0
DA:136,0
DA:137,0
DA:138,0
DA:139,0
DA:140,0
DA:141,0
DA:142,0
DA:144,0
DA:148,0
DA:149,0
DA:151,0
DA:152,0
DA:153,0
DA:157,0
DA:158,0
DA:159,0
DA:162,0
DA:163,0
DA:165,0
DA:166,0
DA:167,0
DA:168,0
DA:171,0
DA:172,0
DA:173,0
DA:174,0
DA:175,0
DA:180,0
DA:191,0
DA:192,0
DA:193,0
DA:194,0
DA:196,0
DA:197,0
DA:198,0
DA:200,0
DA:209,0
DA:215,0
DA:216,0
DA:218,0
DA:221,0
DA:223,0
DA:249,1
LF:81
LH:3
BRDA:40,0,0,0
BRDA:42,1,0,0
BRDA:87,2,0,0
BRDA:87,2,1,0
BRDA:93,3,0,0
BRDA:93,3,1,0
BRDA:93,4,0,0
BRDA:93,4,1,0
BRDA:111,5,0,0
BRDA:111,5,1,0
BRDA:111,6,0,0
BRDA:111,6,1,0
BRDA:111,6,2,0
BRDA:112,7,0,0
BRDA:112,7,1,0
BRDA:113,8,0,0
BRDA:113,8,1,0
BRDA:113,9,0,0
BRDA:113,9,1,0
BRDA:114,10,0,0
BRDA:114,10,1,0
BRDA:119,11,0,0
BRDA:119,11,1,0
BRDA:119,12,0,0
BRDA:119,12,1,0
BRDA:121,13,0,0
BRDA:121,13,1,0
BRDA:123,14,0,0
BRDA:123,14,1,0
BRDA:124,15,0,0
BRDA:124,15,1,0
BRDA:128,16,0,0
BRDA:128,16,1,0
BRDA:132,17,0,0
BRDA:132,17,1,0
BRDA:136,18,0,0
BRDA:136,18,1,0
BRDA:137,19,0,0
BRDA:137,19,1,0
BRDA:138,20,0,0
BRDA:138,20,1,0
BRDA:139,21,0,0
BRDA:139,21,1,0
BRDA:140,22,0,0
BRDA:140,22,1,0
BRDA:141,23,0,0
BRDA:141,23,1,0
BRDA:141,24,0,0
BRDA:141,24,1,0
BRDA:142,25,0,0
BRDA:142,25,1,0
BRDA:142,26,0,0
BRDA:142,26,1,0
BRDA:163,27,0,0
BRDA:163,27,1,0
BRDA:173,28,0,0
BRDA:173,28,1,0
BRDA:182,29,0,0
BRDA:182,29,1,0
BRDA:193,30,0,0
BRDA:193,30,1,0
BRDA:194,31,0,0
BRDA:194,31,1,0
BRDA:196,32,0,0
BRDA:196,32,1,0
BRDA:197,33,0,0
BRDA:197,33,1,0
BRDA:198,34,0,0
BRDA:198,34,1,0
BRDA:200,35,0,0
BRDA:200,35,1,0
BRDA:216,36,0,0
BRDA:216,36,1,0
BRDA:233,37,0,0
BRDA:233,37,1,0
BRDA:235,38,0,0
BRDA:235,38,1,0
BRDA:235,38,2,0
BRF:78
BRH:0
end_of_record
TN:
SF:src/components/dashboard/KpiDashboard.tsx
FN:87,KpiDashboard
FN:103,(anonymous_1)
FN:118,(anonymous_2)
FN:158,(anonymous_3)
FN:168,(anonymous_4)
FN:176,(anonymous_5)
FN:204,(anonymous_6)
FN:226,(anonymous_7)
FN:248,(anonymous_8)
FN:250,(anonymous_9)
FN:253,(anonymous_10)
FN:256,(anonymous_11)
FN:263,(anonymous_12)
FN:269,(anonymous_13)
FN:270,(anonymous_14)
FN:273,(anonymous_15)
FN:280,(anonymous_16)
FN:281,(anonymous_17)
FN:290,(anonymous_18)
FN:295,(anonymous_19)
FN:296,(anonymous_20)
FN:299,(anonymous_21)
FN:300,(anonymous_22)
FN:303,(anonymous_23)
FN:304,(anonymous_24)
FN:314,(anonymous_25)
FN:321,(anonymous_26)
FN:339,(anonymous_27)
FN:341,(anonymous_28)
FN:352,(anonymous_29)
FN:360,(anonymous_30)
FN:364,(anonymous_31)
FN:375,(anonymous_32)
FN:377,(anonymous_33)
FN:382,(anonymous_34)
FN:389,(anonymous_35)
FN:425,(anonymous_36)
FN:431,(anonymous_37)
FN:444,(anonymous_38)
FN:445,(anonymous_39)
FN:448,(anonymous_40)
FN:449,(anonymous_41)
FN:457,(anonymous_42)
FN:483,(anonymous_43)
FN:485,(anonymous_44)
FN:512,(anonymous_45)
FN:517,(anonymous_46)
FN:520,(anonymous_47)
FN:548,(anonymous_48)
FN:549,(anonymous_49)
FN:564,(anonymous_50)
FN:569,(anonymous_51)
FN:570,(anonymous_52)
FN:580,(anonymous_53)
FN:590,(anonymous_54)
FN:600,(anonymous_55)
FN:612,(anonymous_56)
FN:615,(anonymous_57)
FN:617,(anonymous_58)
FN:618,(anonymous_59)
FN:628,(anonymous_60)
FN:640,(anonymous_61)
FN:652,(anonymous_62)
FN:653,(anonymous_63)
FN:672,(anonymous_64)
FN:678,(anonymous_65)
FN:681,(anonymous_66)
FN:688,(anonymous_67)
FN:698,(anonymous_68)
FN:699,(anonymous_69)
FN:700,(anonymous_70)
FN:701,(anonymous_71)
FN:702,(anonymous_72)
FN:703,(anonymous_73)
FN:704,(anonymous_74)
FN:705,(anonymous_75)
FN:709,(anonymous_76)
FN:710,(anonymous_77)
FN:718,(anonymous_78)
FN:721,(anonymous_79)
FN:729,(anonymous_80)
FN:730,(anonymous_81)
FN:750,(anonymous_82)
FN:790,(anonymous_83)
FN:846,(anonymous_84)
FN:858,(anonymous_85)
FN:879,(anonymous_86)
FN:924,(anonymous_87)
FN:960,(anonymous_88)
FN:989,(anonymous_89)
FN:992,(anonymous_90)
FN:993,(anonymous_91)
FN:999,(anonymous_92)
FN:1000,(anonymous_93)
FN:1011,(anonymous_94)
FN:1026,(anonymous_95)
FN:1038,(anonymous_96)
FN:1046,(anonymous_97)
FN:1052,(anonymous_98)
FN:1064,(anonymous_99)
FN:1077,(anonymous_100)
FN:1080,(anonymous_101)
FN:1082,(anonymous_102)
FN:1084,(anonymous_103)
FN:1120,(anonymous_104)
FN:1120,(anonymous_105)
FN:1144,(anonymous_106)
FN:1150,(anonymous_107)
FN:1154,(anonymous_108)
FN:1159,(anonymous_109)
FN:1185,(anonymous_110)
FN:1186,(anonymous_111)
FN:1191,(anonymous_112)
FN:1217,(anonymous_113)
FN:1225,(anonymous_114)
FN:1242,(anonymous_115)
FN:1242,(anonymous_116)
FN:1243,(anonymous_117)
FN:1244,(anonymous_118)
FN:1246,(anonymous_119)
FN:1256,(anonymous_120)
FN:1256,(anonymous_121)
FN:1264,(anonymous_122)
FN:1265,(anonymous_123)
FN:1269,(anonymous_124)
FN:1270,(anonymous_125)
FN:1297,(anonymous_126)
FN:1305,(anonymous_127)
FN:1306,(anonymous_128)
FN:1307,(anonymous_129)
FN:1309,(anonymous_130)
FN:1320,(anonymous_131)
FN:1321,(anonymous_132)
FN:1322,(anonymous_133)
FN:1324,(anonymous_134)
FN:1330,(anonymous_135)
FN:1335,(anonymous_136)
FN:1346,(anonymous_137)
FN:1369,(anonymous_138)
FN:1379,(anonymous_139)
FN:1389,(anonymous_140)
FN:1398,(anonymous_141)
FN:1405,(anonymous_142)
FN:1407,(anonymous_143)
FN:1412,(anonymous_144)
FN:1420,(anonymous_145)
FN:1446,(anonymous_146)
FN:1454,(anonymous_147)
FN:1455,(anonymous_148)
FN:1456,(anonymous_149)
FN:1458,(anonymous_150)
FN:1469,(anonymous_151)
FN:1469,(anonymous_152)
FN:1469,(anonymous_153)
FN:1476,(anonymous_154)
FN:1479,(anonymous_155)
FN:1488,(anonymous_156)
FN:1489,(anonymous_157)
FN:1489,(anonymous_158)
FN:1510,(anonymous_159)
FN:1518,(anonymous_160)
FN:1518,(anonymous_161)
FN:1519,(anonymous_162)
FN:1520,(anonymous_163)
FN:1522,(anonymous_164)
FN:1523,(anonymous_165)
FN:1535,(anonymous_166)
FN:1537,(anonymous_167)
FN:1538,(anonymous_168)
FN:1543,(anonymous_169)
FN:1547,(anonymous_170)
FN:1553,(anonymous_171)
FN:1558,(anonymous_172)
FN:1569,(anonymous_173)
FN:1593,(anonymous_174)
FN:1601,(anonymous_175)
FN:1602,(anonymous_176)
FN:1603,(anonymous_177)
FN:1605,(anonymous_178)
FN:1617,(anonymous_179)
FN:1628,(anonymous_180)
FN:1635,(anonymous_181)
FN:1638,(anonymous_182)
FN:1647,(anonymous_183)
FN:1648,(anonymous_184)
FN:1648,(anonymous_185)
FN:1672,(anonymous_186)
FN:1680,(anonymous_187)
FN:1681,(anonymous_188)
FN:1682,(anonymous_189)
FN:1684,(anonymous_190)
FN:1695,(anonymous_191)
FN:1696,(anonymous_192)
FN:1697,(anonymous_193)
FN:1701,(anonymous_194)
FN:1707,(anonymous_195)
FN:1712,(anonymous_196)
FN:1723,(anonymous_197)
FN:1751,(anonymous_198)
FN:1768,(anonymous_199)
FN:1769,(anonymous_200)
FN:1802,(anonymous_201)
FN:1818,(anonymous_202)
FN:1820,(anonymous_203)
FN:1823,(anonymous_204)
FN:1872,(anonymous_205)
FN:1874,(anonymous_206)
FN:1888,(anonymous_207)
FN:1892,(anonymous_208)
FN:1914,(anonymous_209)
FN:1917,(anonymous_210)
FN:1931,(anonymous_211)
FN:1949,(anonymous_212)
FN:1963,(anonymous_213)
FNF:214
FNH:30
FNDA:32,KpiDashboard
FNDA:0,(anonymous_1)
FNDA:16,(anonymous_2)
FNDA:16,(anonymous_3)
FNDA:0,(anonymous_4)
FNDA:16,(anonymous_5)
FNDA:0,(anonymous_6)
FNDA:0,(anonymous_7)
FNDA:0,(anonymous_8)
FNDA:0,(anonymous_9)
FNDA:0,(anonymous_10)
FNDA:0,(anonymous_11)
FNDA:0,(anonymous_12)
FNDA:0,(anonymous_13)
FNDA:0,(anonymous_14)
FNDA:0,(anonymous_15)
FNDA:0,(anonymous_16)
FNDA:0,(anonymous_17)
FNDA:0,(anonymous_18)
FNDA:0,(anonymous_19)
FNDA:0,(anonymous_20)
FNDA:0,(anonymous_21)
FNDA:0,(anonymous_22)
FNDA:0,(anonymous_23)
FNDA:0,(anonymous_24)
FNDA:0,(anonymous_25)
FNDA:0,(anonymous_26)
FNDA:0,(anonymous_27)
FNDA:0,(anonymous_28)
FNDA:16,(anonymous_29)
FNDA:0,(anonymous_30)
FNDA:0,(anonymous_31)
FNDA:0,(anonymous_32)
FNDA:0,(anonymous_33)
FNDA:0,(anonymous_34)
FNDA:0,(anonymous_35)
FNDA:0,(anonymous_36)
FNDA:0,(anonymous_37)
FNDA:0,(anonymous_38)
FNDA:0,(anonymous_39)
FNDA:0,(anonymous_40)
FNDA:0,(anonymous_41)
FNDA:0,(anonymous_42)
FNDA:0,(anonymous_43)
FNDA:0,(anonymous_44)
FNDA:0,(anonymous_45)
FNDA:16,(anonymous_46)
FNDA:0,(anonymous_47)
FNDA:16,(anonymous_48)
FNDA:16,(anonymous_49)
FNDA:0,(anonymous_50)
FNDA:0,(anonymous_51)
FNDA:0,(anonymous_52)
FNDA:0,(anonymous_53)
FNDA:0,(anonymous_54)
FNDA:0,(anonymous_55)
FNDA:16,(anonymous_56)
FNDA:0,(anonymous_57)
FNDA:0,(anonymous_58)
FNDA:0,(anonymous_59)
FNDA:0,(anonymous_60)
FNDA:16,(anonymous_61)
FNDA:16,(anonymous_62)
FNDA:0,(anonymous_63)
FNDA:0,(anonymous_64)
FNDA:16,(anonymous_65)
FNDA:16,(anonymous_66)
FNDA:0,(anonymous_67)
FNDA:14,(anonymous_68)
FNDA:14,(anonymous_69)
FNDA:14,(anonymous_70)
FNDA:14,(anonymous_71)
FNDA:14,(anonymous_72)
FNDA:14,(anonymous_73)
FNDA:14,(anonymous_74)
FNDA:14,(anonymous_75)
FNDA:16,(anonymous_76)
FNDA:7,(anonymous_77)
FNDA:16,(anonymous_78)
FNDA:0,(anonymous_79)
FNDA:0,(anonymous_80)
FNDA:0,(anonymous_81)
FNDA:0,(anonymous_82)
FNDA:0,(anonymous_83)
FNDA:0,(anonymous_84)
FNDA:0,(anonymous_85)
FNDA:256,(anonymous_86)
FNDA:0,(anonymous_87)
FNDA:0,(anonymous_88)
FNDA:0,(anonymous_89)
FNDA:0,(anonymous_90)
FNDA:0,(anonymous_91)
FNDA:0,(anonymous_92)
FNDA:0,(anonymous_93)
FNDA:0,(anonymous_94)
FNDA:0,(anonymous_95)
FNDA:0,(anonymous_96)
FNDA:0,(anonymous_97)
FNDA:0,(anonymous_98)
FNDA:0,(anonymous_99)
FNDA:0,(anonymous_100)
FNDA:0,(anonymous_101)
FNDA:0,(anonymous_102)
FNDA:0,(anonymous_103)
FNDA:0,(anonymous_104)
FNDA:0,(anonymous_105)
FNDA:0,(anonymous_106)
FNDA:0,(anonymous_107)
FNDA:0,(anonymous_108)
FNDA:0,(anonymous_109)
FNDA:0,(anonymous_110)
FNDA:0,(anonymous_111)
FNDA:0,(anonymous_112)
FNDA:0,(anonymous_113)
FNDA:0,(anonymous_114)
FNDA:0,(anonymous_115)
FNDA:0,(anonymous_116)
FNDA:0,(anonymous_117)
FNDA:0,(anonymous_118)
FNDA:0,(anonymous_119)
FNDA:14,(anonymous_120)
FNDA:8,(anonymous_121)
FNDA:0,(anonymous_122)
FNDA:0,(anonymous_123)
FNDA:0,(anonymous_124)
FNDA:0,(anonymous_125)
FNDA:0,(anonymous_126)
FNDA:0,(anonymous_127)
FNDA:0,(anonymous_128)
FNDA:0,(anonymous_129)
FNDA:0,(anonymous_130)
FNDA:0,(anonymous_131)
FNDA:0,(anonymous_132)
FNDA:0,(anonymous_133)
FNDA:0,(anonymous_134)
FNDA:0,(anonymous_135)
FNDA:0,(anonymous_136)
FNDA:0,(anonymous_137)
FNDA:0,(anonymous_138)
FNDA:0,(anonymous_139)
FNDA:0,(anonymous_140)
FNDA:0,(anonymous_141)
FNDA:0,(anonymous_142)
FNDA:0,(anonymous_143)
FNDA:0,(anonymous_144)
FNDA:0,(anonymous_145)
FNDA:0,(anonymous_146)
FNDA:0,(anonymous_147)
FNDA:0,(anonymous_148)
FNDA:0,(anonymous_149)
FNDA:0,(anonymous_150)
FNDA:0,(anonymous_151)
FNDA:0,(anonymous_152)
FNDA:0,(anonymous_153)
FNDA:0,(anonymous_154)
FNDA:0,(anonymous_155)
FNDA:0,(anonymous_156)
FNDA:0,(anonymous_157)
FNDA:0,(anonymous_158)
FNDA:0,(anonymous_159)
FNDA:0,(anonymous_160)
FNDA:0,(anonymous_161)
FNDA:0,(anonymous_162)
FNDA:0,(anonymous_163)
FNDA:0,(anonymous_164)
FNDA:0,(anonymous_165)
FNDA:0,(anonymous_166)
FNDA:0,(anonymous_167)
FNDA:0,(anonymous_168)
FNDA:0,(anonymous_169)
FNDA:0,(anonymous_170)
FNDA:0,(anonymous_171)
FNDA:0,(anonymous_172)
FNDA:0,(anonymous_173)
FNDA:0,(anonymous_174)
FNDA:0,(anonymous_175)
FNDA:0,(anonymous_176)
FNDA:0,(anonymous_177)
FNDA:0,(anonymous_178)
FNDA:0,(anonymous_179)
FNDA:0,(anonymous_180)
FNDA:0,(anonymous_181)
FNDA:0,(anonymous_182)
FNDA:0,(anonymous_183)
FNDA:0,(anonymous_184)
FNDA:0,(anonymous_185)
FNDA:0,(anonymous_186)
FNDA:0,(anonymous_187)
FNDA:0,(anonymous_188)
FNDA:0,(anonymous_189)
FNDA:0,(anonymous_190)
FNDA:0,(anonymous_191)
FNDA:0,(anonymous_192)
FNDA:0,(anonymous_193)
FNDA:0,(anonymous_194)
FNDA:0,(anonymous_195)
FNDA:0,(anonymous_196)
FNDA:0,(anonymous_197)
FNDA:0,(anonymous_198)
FNDA:0,(anonymous_199)
FNDA:0,(anonymous_200)
FNDA:0,(anonymous_201)
FNDA:0,(anonymous_202)
FNDA:0,(anonymous_203)
FNDA:0,(anonymous_204)
FNDA:0,(anonymous_205)
FNDA:0,(anonymous_206)
FNDA:2,(anonymous_207)
FNDA:4,(anonymous_208)
FNDA:0,(anonymous_209)
FNDA:0,(anonymous_210)
FNDA:14,(anonymous_211)
FNDA:0,(anonymous_212)
FNDA:0,(anonymous_213)
DA:1,1
DA:100,32
DA:103,32
DA:104,32
DA:105,32
DA:108,32
DA:109,32
DA:110,32
DA:111,32
DA:112,32
DA:113,32
DA:114,32
DA:118,32
DA:119,16
DA:120,16
DA:121,16
DA:122,16
DA:123,16
DA:125,16
DA:126,16
DA:128,16
DA:130,16
DA:131,16
DA:133,16
DA:135,16
DA:143,32
DA:144,32
DA:145,32
DA:148,32
DA:150,32
DA:151,32
DA:152,32
DA:154,32
DA:158,32
DA:159,16
DA:162,16
DA:163,16
DA:164,0
DA:168,32
DA:169,0
DA:170,0
DA:173,32
DA:176,32
DA:177,16
DA:178,16
DA:179,16
DA:182,0
DA:194,0
DA:195,0
DA:198,0
DA:199,0
DA:202,0
DA:203,0
DA:204,0
DA:205,0
DA:206,0
DA:214,0
DA:217,0
DA:218,0
DA:219,0
DA:222,0
DA:226,0
DA:229,0
DA:248,32
DA:249,0
DA:250,0
DA:251,0
DA:253,0
DA:254,0
DA:255,0
DA:256,0
DA:258,0
DA:263,32
DA:264,0
DA:265,0
DA:266,0
DA:269,32
DA:270,0
DA:271,0
DA:272,0
DA:273,0
DA:274,0
DA:276,0
DA:280,32
DA:281,0
DA:282,0
DA:283,0
DA:284,0
DA:285,0
DA:286,0
DA:290,32
DA:291,0
DA:292,0
DA:295,32
DA:296,0
DA:299,32
DA:300,0
DA:303,32
DA:304,0
DA:305,0
DA:306,0
DA:307,0
DA:308,0
DA:309,0
DA:310,0
DA:311,0
DA:314,32
DA:315,0
DA:316,0
DA:319,32
DA:322,0
DA:323,0
DA:337,0
DA:338,0
DA:339,0
DA:341,0
DA:352,32
DA:353,16
DA:354,0
DA:360,32
DA:361,0
DA:364,0
DA:366,0
DA:372,0
DA:374,0
DA:375,0
DA:376,0
DA:377,0
DA:378,0
DA:379,0
DA:380,0
DA:381,0
DA:382,0
DA:384,0
DA:387,0
DA:389,0
DA:390,0
DA:391,0
DA:398,0
DA:399,0
DA:400,0
DA:401,0
DA:402,0
DA:405,0
DA:414,0
DA:415,0
DA:416,0
DA:417,0
DA:418,0
DA:419,0
DA:420,0
DA:424,0
DA:425,0
DA:427,0
DA:428,0
DA:429,0
DA:430,0
DA:431,0
DA:433,0
DA:436,0
DA:438,0
DA:439,0
DA:440,0
DA:441,0
DA:442,0
DA:444,0
DA:445,0
DA:448,0
DA:449,0
DA:451,0
DA:456,0
DA:457,0
DA:458,0
DA:459,0
DA:464,0
DA:480,0
DA:481,0
DA:483,0
DA:485,0
DA:493,0
DA:494,0
DA:507,0
DA:509,0
DA:510,0
DA:512,0
DA:517,32
DA:518,16
DA:520,0
DA:521,0
DA:522,0
DA:524,0
DA:529,0
DA:536,0
DA:537,0
DA:546,32
DA:548,32
DA:549,16
DA:550,16
DA:553,16
DA:554,16
DA:555,16
DA:558,0
DA:559,0
DA:563,0
DA:564,0
DA:568,16
DA:569,0
DA:570,0
DA:571,0
DA:574,0
DA:577,0
DA:578,0
DA:580,0
DA:581,0
DA:582,0
DA:587,0
DA:588,0
DA:590,0
DA:591,0
DA:592,0
DA:598,16
DA:600,16
DA:601,0
DA:602,0
DA:604,0
DA:605,0
DA:606,0
DA:611,16
DA:612,16
DA:615,32
DA:616,0
DA:617,0
DA:618,0
DA:619,0
DA:628,0
DA:629,0
DA:630,0
DA:631,0
DA:632,0
DA:633,0
DA:634,0
DA:635,0
DA:636,0
DA:637,0
DA:640,32
DA:642,16
DA:643,0
DA:646,16
DA:647,16
DA:652,32
DA:653,16
DA:655,0
DA:656,0
DA:657,0
DA:659,0
DA:662,0
DA:663,0
DA:664,0
DA:665,0
DA:666,0
DA:669,0
DA:670,0
DA:671,0
DA:672,0
DA:673,0
DA:677,16
DA:678,16
DA:681,32
DA:682,16
DA:683,16
DA:685,0
DA:686,0
DA:688,0
DA:689,0
DA:690,0
DA:691,0
DA:692,0
DA:693,0
DA:694,0
DA:698,32
DA:699,32
DA:700,32
DA:701,32
DA:702,32
DA:703,32
DA:704,32
DA:705,32
DA:709,32
DA:710,16
DA:711,7
DA:718,32
DA:719,16
DA:720,16
DA:721,0
DA:722,0
DA:723,0
DA:724,0
DA:725,0
DA:726,0
DA:727,0
DA:728,0
DA:729,0
DA:730,0
DA:733,16
DA:736,32
DA:751,0
DA:752,0
DA:753,0
DA:790,0
DA:846,0
DA:858,0
DA:880,256
DA:881,256
DA:883,256
DA:884,256
DA:885,256
DA:887,256
DA:889,256
DA:890,256
DA:891,16
DA:892,16
DA:893,16
DA:894,16
DA:901,256
DA:902,256
DA:903,256
DA:904,256
DA:906,256
DA:908,256
DA:909,256
DA:910,256
DA:913,256
DA:915,256
DA:919,256
DA:926,0
DA:928,0
DA:929,0
DA:930,0
DA:931,0
DA:932,0
DA:933,0
DA:935,0
DA:936,0
DA:961,0
DA:962,0
DA:990,0
DA:991,0
DA:992,0
DA:993,0
DA:994,0
DA:995,0
DA:996,0
DA:997,0
DA:999,0
DA:1000,0
DA:1001,0
DA:1002,0
DA:1005,0
DA:1006,0
DA:1007,0
DA:1008,0
DA:1009,0
DA:1011,0
DA:1012,0
DA:1013,0
DA:1014,0
DA:1027,0
DA:1028,0
DA:1039,0
DA:1040,0
DA:1041,0
DA:1046,0
DA:1053,0
DA:1054,0
DA:1055,0
DA:1064,0
DA:1077,0
DA:1081,0
DA:1082,0
DA:1083,0
DA:1084,0
DA:1085,0
DA:1086,0
DA:1088,0
DA:1089,0
DA:1090,0
DA:1092,0
DA:1093,0
DA:1120,0
DA:1121,0
DA:1144,0
DA:1151,0
DA:1155,0
DA:1156,0
DA:1186,0
DA:1187,0
DA:1191,0
DA:1217,0
DA:1225,0
DA:1242,0
DA:1244,0
DA:1245,0
DA:1246,0
DA:1247,0
DA:1256,14
DA:1257,8
DA:1258,8
DA:1259,8
DA:1264,0
DA:1266,0
DA:1270,0
DA:1271,0
DA:1272,0
DA:1273,0
DA:1274,0
DA:1297,0
DA:1305,0
DA:1307,0
DA:1308,0
DA:1309,0
DA:1310,0
DA:1321,0
DA:1322,0
DA:1324,0
DA:1325,0
DA:1330,0
DA:1335,0
DA:1346,0
DA:1369,0
DA:1380,0
DA:1391,0
DA:1392,0
DA:1393,0
DA:1394,0
DA:1395,0
DA:1398,0
DA:1399,0
DA:1400,0
DA:1401,0
DA:1402,0
DA:1405,0
DA:1407,0
DA:1408,0
DA:1412,0
DA:1420,0
DA:1446,0
DA:1454,0
DA:1456,0
DA:1457,0
DA:1458,0
DA:1459,0
DA:1469,0
DA:1470,0
DA:1471,0
DA:1472,0
DA:1476,0
DA:1479,0
DA:1488,0
DA:1489,0
DA:1510,0
DA:1518,0
DA:1520,0
DA:1521,0
DA:1522,0
DA:1523,0
DA:1525,0
DA:1536,0
DA:1537,0
DA:1539,0
DA:1540,0
DA:1541,0
DA:1543,0
DA:1545,0
DA:1548,0
DA:1553,0
DA:1558,0
DA:1569,0
DA:1593,0
DA:1601,0
DA:1603,0
DA:1604,0
DA:1605,0
DA:1606,0
DA:1618,0
DA:1629,0
DA:1630,0
DA:1631,0
DA:1635,0
DA:1638,0
DA:1647,0
DA:1648,0
DA:1672,0
DA:1680,0
DA:1682,0
DA:1683,0
DA:1684,0
DA:1685,0
DA:1696,0
DA:1697,0
DA:1699,0
DA:1702,0
DA:1707,0
DA:1712,0
DA:1723,0
DA:1752,0
DA:1759,0
DA:1768,0
DA:1769,0
DA:1802,0
DA:1819,0
DA:1820,0
DA:1821,0
DA:1823,0
DA:1824,0
DA:1825,0
DA:1826,0
DA:1828,0
DA:1873,0
DA:1874,0
DA:1875,0
DA:1889,2
DA:1893,4
DA:1915,0
DA:1916,0
DA:1917,0
DA:1918,0
DA:1932,14
DA:1950,0
DA:1951,0
DA:1952,0
DA:1963,0
LF:531
LH:128
BRDA:121,0,0,16
BRDA:121,0,1,0
BRDA:122,1,0,16
BRDA:122,1,1,0
BRDA:123,2,0,16
BRDA:123,2,1,0
BRDA:123,3,0,16
BRDA:123,3,1,16
BRDA:126,4,0,16
BRDA:126,4,1,0
BRDA:128,5,0,1
BRDA:128,5,1,15
BRDA:130,6,0,16
BRDA:130,6,1,0
BRDA:131,7,0,1
BRDA:131,7,1,15
BRDA:133,8,0,16
BRDA:133,8,1,1
BRDA:133,8,2,1
BRDA:138,9,0,1
BRDA:138,9,1,15
BRDA:162,10,0,16
BRDA:162,10,1,0
BRDA:163,11,0,0
BRDA:163,11,1,16
BRDA:177,12,0,16
BRDA:177,12,1,0
BRDA:202,13,0,0
BRDA:202,13,1,0
BRDA:202,14,0,0
BRDA:202,14,1,0
BRDA:217,15,0,0
BRDA:217,15,1,0
BRDA:217,16,0,0
BRDA:217,16,1,0
BRDA:249,17,0,0
BRDA:249,17,1,0
BRDA:254,18,0,0
BRDA:254,18,1,0
BRDA:255,19,0,0
BRDA:255,19,1,0
BRDA:272,20,0,0
BRDA:272,20,1,0
BRDA:274,21,0,0
BRDA:274,21,1,0
BRDA:284,22,0,0
BRDA:284,22,1,0
BRDA:300,23,0,0
BRDA:300,23,1,0
BRDA:305,24,0,0
BRDA:305,24,1,0
BRDA:307,25,0,0
BRDA:307,25,1,0
BRDA:308,26,0,0
BRDA:308,26,1,0
BRDA:308,27,0,0
BRDA:308,27,1,0
BRDA:322,28,0,0
BRDA:322,28,1,0
BRDA:328,29,0,0
BRDA:328,29,1,0
BRDA:338,30,0,0
BRDA:338,30,1,0
BRDA:338,31,0,0
BRDA:338,31,1,0
BRDA:343,32,0,0
BRDA:343,32,1,0
BRDA:344,33,0,0
BRDA:344,33,1,0
BRDA:348,34,0,32
BRDA:348,34,1,30
BRDA:349,35,0,0
BRDA:349,35,1,32
BRDA:353,36,0,0
BRDA:353,36,1,16
BRDA:361,37,0,0
BRDA:361,37,1,0
BRDA:361,38,0,0
BRDA:361,38,1,0
BRDA:374,39,0,0
BRDA:374,39,1,0
BRDA:374,40,0,0
BRDA:374,40,1,0
BRDA:374,40,2,0
BRDA:376,41,0,0
BRDA:376,41,1,0
BRDA:376,42,0,0
BRDA:376,42,1,0
BRDA:378,43,0,0
BRDA:378,43,1,0
BRDA:380,44,0,0
BRDA:380,44,1,0
BRDA:380,45,0,0
BRDA:380,45,1,0
BRDA:381,46,0,0
BRDA:381,46,1,0
BRDA:382,47,0,0
BRDA:382,47,1,0
BRDA:382,47,2,0
BRDA:382,47,3,0
BRDA:384,48,0,0
BRDA:384,48,1,0
BRDA:384,48,2,0
BRDA:384,48,3,0
BRDA:384,48,4,0
BRDA:387,49,0,0
BRDA:387,49,1,0
BRDA:391,50,0,0
BRDA:391,50,1,0
BRDA:398,51,0,0
BRDA:398,51,1,0
BRDA:398,52,0,0
BRDA:398,52,1,0
BRDA:416,53,0,0
BRDA:416,53,1,0
BRDA:419,54,0,0
BRDA:419,54,1,0
BRDA:419,55,0,0
BRDA:419,55,1,0
BRDA:424,56,0,0
BRDA:424,56,1,0
BRDA:424,57,0,0
BRDA:424,57,1,0
BRDA:424,57,2,0
BRDA:427,58,0,0
BRDA:427,58,1,0
BRDA:429,59,0,0
BRDA:429,59,1,0
BRDA:429,60,0,0
BRDA:429,60,1,0
BRDA:430,61,0,0
BRDA:430,61,1,0
BRDA:431,62,0,0
BRDA:431,62,1,0
BRDA:431,62,2,0
BRDA:431,62,3,0
BRDA:433,63,0,0
BRDA:433,63,1,0
BRDA:433,63,2,0
BRDA:433,63,3,0
BRDA:433,63,4,0
BRDA:436,64,0,0
BRDA:436,64,1,0
BRDA:438,65,0,0
BRDA:438,65,1,0
BRDA:438,65,2,0
BRDA:438,65,3,0
BRDA:438,65,4,0
BRDA:438,65,5,0
BRDA:438,65,6,0
BRDA:458,66,0,0
BRDA:458,66,1,0
BRDA:458,66,2,0
BRDA:458,67,0,0
BRDA:458,67,1,0
BRDA:458,67,2,0
BRDA:474,68,0,0
BRDA:474,68,1,0
BRDA:474,69,0,0
BRDA:474,69,1,0
BRDA:481,70,0,0
BRDA:481,70,1,0
BRDA:481,71,0,0
BRDA:481,71,1,0
BRDA:487,72,0,0
BRDA:487,72,1,0
BRDA:488,73,0,0
BRDA:488,73,1,0
BRDA:502,74,0,0
BRDA:502,74,1,0
BRDA:502,75,0,0
BRDA:502,75,1,0
BRDA:518,76,0,16
BRDA:518,76,1,0
BRDA:518,77,0,16
BRDA:518,77,1,16
BRDA:522,78,0,0
BRDA:522,78,1,0
BRDA:524,79,0,0
BRDA:524,79,1,0
BRDA:529,80,0,0
BRDA:529,80,1,0
BRDA:529,80,2,0
BRDA:529,80,3,0
BRDA:529,80,4,0
BRDA:529,80,5,0
BRDA:536,81,0,0
BRDA:536,81,1,0
BRDA:550,82,0,16
BRDA:550,82,1,0
BRDA:553,83,0,16
BRDA:553,83,1,0
BRDA:563,84,0,0
BRDA:563,84,1,0
BRDA:568,85,0,0
BRDA:568,85,1,16
BRDA:570,86,0,0
BRDA:570,86,1,0
BRDA:571,87,0,0
BRDA:571,87,1,0
BRDA:571,88,0,0
BRDA:571,88,1,0
BRDA:577,89,0,0
BRDA:577,89,1,0
BRDA:578,90,0,0
BRDA:578,90,1,0
BRDA:581,91,0,0
BRDA:581,91,1,0
BRDA:587,92,0,0
BRDA:587,92,1,0
BRDA:588,93,0,0
BRDA:588,93,1,0
BRDA:590,94,0,0
BRDA:590,94,1,0
BRDA:591,95,0,0
BRDA:591,95,1,0
BRDA:601,96,0,0
BRDA:601,96,1,0
BRDA:605,97,0,0
BRDA:605,97,1,0
BRDA:622,98,0,0
BRDA:622,98,1,0
BRDA:642,99,0,0
BRDA:642,99,1,16
BRDA:646,100,0,16
BRDA:646,100,1,0
BRDA:655,101,0,0
BRDA:655,101,1,0
BRDA:655,102,0,0
BRDA:655,102,1,0
BRDA:656,103,0,0
BRDA:656,103,1,0
BRDA:662,104,0,0
BRDA:662,104,1,0
BRDA:669,105,0,0
BRDA:669,105,1,0
BRDA:682,106,0,16
BRDA:682,106,1,0
BRDA:683,107,0,16
BRDA:683,107,1,0
BRDA:686,108,0,0
BRDA:686,108,1,0
BRDA:691,109,0,0
BRDA:691,109,1,0
BRDA:691,110,0,0
BRDA:691,110,1,0
BRDA:692,111,0,0
BRDA:692,111,1,0
BRDA:693,112,0,0
BRDA:693,112,1,0
BRDA:698,113,0,14
BRDA:698,113,1,14
BRDA:698,113,2,14
BRDA:698,113,3,14
BRDA:699,114,0,14
BRDA:699,114,1,0
BRDA:700,115,0,14
BRDA:700,115,1,0
BRDA:700,115,2,0
BRDA:701,116,0,14
BRDA:701,116,1,0
BRDA:701,116,2,0
BRDA:701,116,3,0
BRDA:703,117,0,14
BRDA:703,117,1,0
BRDA:703,117,2,0
BRDA:704,118,0,14
BRDA:704,118,1,0
BRDA:711,119,0,7
BRDA:711,119,1,7
BRDA:711,119,2,7
BRDA:711,119,3,7
BRDA:720,120,0,0
BRDA:720,120,1,16
BRDA:722,121,0,0
BRDA:722,121,1,0
BRDA:723,122,0,0
BRDA:723,122,1,0
BRDA:724,123,0,0
BRDA:724,123,1,0
BRDA:725,124,0,0
BRDA:725,124,1,0
BRDA:726,125,0,0
BRDA:726,125,1,0
BRDA:727,126,0,0
BRDA:727,126,1,0
BRDA:728,127,0,0
BRDA:728,127,1,0
BRDA:729,128,0,0
BRDA:729,128,1,0
BRDA:730,129,0,0
BRDA:730,129,1,0
BRDA:758,130,0,0
BRDA:758,130,1,32
BRDA:767,131,0,32
BRDA:767,131,1,2
BRDA:771,132,0,2
BRDA:771,132,1,0
BRDA:772,133,0,2
BRDA:772,133,1,0
BRDA:791,134,0,0
BRDA:791,134,1,32
BRDA:793,135,0,2
BRDA:793,135,1,30
BRDA:795,136,0,32
BRDA:795,136,1,2
BRDA:819,137,0,32
BRDA:819,137,1,0
BRDA:845,138,0,32
BRDA:845,138,1,0
BRDA:857,139,0,32
BRDA:857,139,1,0
BRDA:887,140,0,16
BRDA:887,140,1,240
BRDA:890,141,0,16
BRDA:890,141,1,240
BRDA:893,142,0,16
BRDA:893,142,1,0
BRDA:901,143,0,16
BRDA:901,143,1,240
BRDA:902,144,0,16
BRDA:902,144,1,240
BRDA:903,145,0,16
BRDA:903,145,1,240
BRDA:904,146,0,16
BRDA:904,146,1,240
BRDA:906,147,0,32
BRDA:906,147,1,224
BRDA:906,148,0,224
BRDA:906,148,1,14
BRDA:910,149,0,16
BRDA:910,149,1,240
BRDA:913,150,0,256
BRDA:913,150,1,16
BRDA:913,150,2,0
BRDA:915,151,0,32
BRDA:915,151,1,224
BRDA:917,152,0,224
BRDA:917,152,1,224
BRDA:917,152,2,0
BRDA:922,153,0,0
BRDA:922,153,1,256
BRDA:926,154,0,0
BRDA:926,154,1,0
BRDA:929,155,0,0
BRDA:929,155,1,0
BRDA:929,156,0,0
BRDA:929,156,1,0
BRDA:939,157,0,0
BRDA:939,157,1,256
BRDA:942,158,0,34
BRDA:942,158,1,222
BRDA:953,159,0,32
BRDA:953,159,1,0
BRDA:972,160,0,0
BRDA:972,160,1,0
BRDA:990,161,0,0
BRDA:990,161,1,0
BRDA:991,162,0,0
BRDA:991,162,1,0
BRDA:993,163,0,0
BRDA:993,163,1,0
BRDA:1000,164,0,0
BRDA:1000,164,1,0
BRDA:1000,165,0,0
BRDA:1000,165,1,0
BRDA:1001,166,0,0
BRDA:1001,166,1,0
BRDA:1012,167,0,0
BRDA:1012,167,1,0
BRDA:1013,168,0,0
BRDA:1013,168,1,0
BRDA:1019,169,0,0
BRDA:1019,169,1,0
BRDA:1021,170,0,0
BRDA:1021,170,1,0
BRDA:1036,171,0,0
BRDA:1036,171,1,0
BRDA:1044,172,0,0
BRDA:1044,172,1,0
BRDA:1045,173,0,0
BRDA:1045,173,1,0
BRDA:1045,174,0,0
BRDA:1045,174,1,0
BRDA:1081,175,0,0
BRDA:1081,175,1,0
BRDA:1085,176,0,0
BRDA:1085,176,1,0
BRDA:1085,177,0,0
BRDA:1085,177,1,0
BRDA:1088,178,0,0
BRDA:1088,178,1,0
BRDA:1131,179,0,0
BRDA:1131,179,1,0
BRDA:1133,180,0,0
BRDA:1133,180,1,0
BRDA:1133,181,0,0
BRDA:1133,181,1,0
BRDA:1183,182,0,0
BRDA:1183,182,1,0
BRDA:1205,183,0,32
BRDA:1205,183,1,8
BRDA:1215,184,0,8
BRDA:1215,184,1,0
BRDA:1218,185,0,8
BRDA:1218,185,1,0
BRDA:1223,186,0,0
BRDA:1223,186,1,8
BRDA:1226,187,0,0
BRDA:1226,187,1,8
BRDA:1242,188,0,8
BRDA:1242,188,1,0
BRDA:1254,189,0,8
BRDA:1254,189,1,0
BRDA:1257,190,0,0
BRDA:1257,190,1,8
BRDA:1265,191,0,0
BRDA:1265,191,1,6
BRDA:1266,192,0,0
BRDA:1266,192,1,0
BRDA:1272,193,0,0
BRDA:1272,193,1,0
BRDA:1290,194,0,8
BRDA:1290,194,1,0
BRDA:1299,195,0,0
BRDA:1299,195,1,0
BRDA:1300,196,0,0
BRDA:1300,196,1,0
BRDA:1302,197,0,0
BRDA:1302,197,1,0
BRDA:1305,198,0,0
BRDA:1305,198,1,0
BRDA:1309,199,0,0
BRDA:1309,199,1,0
BRDA:1318,200,0,0
BRDA:1318,200,1,0
BRDA:1321,201,0,0
BRDA:1321,201,1,0
BRDA:1330,202,0,0
BRDA:1330,202,1,0
BRDA:1335,203,0,0
BRDA:1335,203,1,0
BRDA:1346,204,0,0
BRDA:1346,204,1,0
BRDA:1361,205,0,8
BRDA:1361,205,1,0
BRDA:1371,206,0,0
BRDA:1371,206,1,0
BRDA:1372,207,0,0
BRDA:1372,207,1,0
BRDA:1374,208,0,0
BRDA:1374,208,1,0
BRDA:1377,209,0,0
BRDA:1377,209,1,0
BRDA:1392,210,0,0
BRDA:1392,210,1,0
BRDA:1394,211,0,0
BRDA:1394,211,1,0
BRDA:1399,212,0,0
BRDA:1399,212,1,0
BRDA:1400,213,0,0
BRDA:1400,213,1,0
BRDA:1401,214,0,0
BRDA:1401,214,1,0
BRDA:1401,215,0,0
BRDA:1401,215,1,0
BRDA:1412,216,0,0
BRDA:1412,216,1,0
BRDA:1414,217,0,0
BRDA:1414,217,1,0
BRDA:1420,218,0,0
BRDA:1420,218,1,0
BRDA:1439,219,0,8
BRDA:1439,219,1,0
BRDA:1448,220,0,0
BRDA:1448,220,1,0
BRDA:1449,221,0,0
BRDA:1449,221,1,0
BRDA:1451,222,0,0
BRDA:1451,222,1,0
BRDA:1454,223,0,0
BRDA:1454,223,1,0
BRDA:1458,224,0,0
BRDA:1458,224,1,0
BRDA:1467,225,0,0
BRDA:1467,225,1,0
BRDA:1469,226,0,0
BRDA:1469,226,1,0
BRDA:1469,227,0,0
BRDA:1469,227,1,0
BRDA:1470,228,0,0
BRDA:1470,228,1,0
BRDA:1471,229,0,0
BRDA:1471,229,1,0
BRDA:1475,230,0,0
BRDA:1475,230,1,0
BRDA:1476,231,0,0
BRDA:1476,231,1,0
BRDA:1476,232,0,0
BRDA:1476,232,1,0
BRDA:1479,233,0,0
BRDA:1479,233,1,0
BRDA:1485,234,0,0
BRDA:1485,234,1,0
BRDA:1485,235,0,0
BRDA:1485,235,1,0
BRDA:1485,236,0,0
BRDA:1485,236,1,0
BRDA:1486,237,0,0
BRDA:1486,237,1,0
BRDA:1488,238,0,0
BRDA:1488,238,1,0
BRDA:1489,239,0,0
BRDA:1489,239,1,0
BRDA:1489,240,0,0
BRDA:1489,240,1,0
BRDA:1500,241,0,8
BRDA:1500,241,1,0
BRDA:1512,242,0,0
BRDA:1512,242,1,0
BRDA:1513,243,0,0
BRDA:1513,243,1,0
BRDA:1515,244,0,0
BRDA:1515,244,1,0
BRDA:1518,245,0,0
BRDA:1518,245,1,0
BRDA:1523,246,0,0
BRDA:1523,246,1,0
BRDA:1533,247,0,0
BRDA:1533,247,1,0
BRDA:1537,248,0,0
BRDA:1537,248,1,0
BRDA:1539,249,0,0
BRDA:1539,249,1,0
BRDA:1540,250,0,0
BRDA:1540,250,1,0
BRDA:1553,251,0,0
BRDA:1553,251,1,0
BRDA:1555,252,0,0
BRDA:1555,252,1,0
BRDA:1558,253,0,0
BRDA:1558,253,1,0
BRDA:1569,254,0,0
BRDA:1569,254,1,0
BRDA:1586,255,0,8
BRDA:1586,255,1,0
BRDA:1595,256,0,0
BRDA:1595,256,1,0
BRDA:1596,257,0,0
BRDA:1596,257,1,0
BRDA:1598,258,0,0
BRDA:1598,258,1,0
BRDA:1601,259,0,0
BRDA:1601,259,1,0
BRDA:1601,260,0,0
BRDA:1601,260,1,0
BRDA:1605,261,0,0
BRDA:1605,261,1,0
BRDA:1605,262,0,0
BRDA:1605,262,1,0
BRDA:1615,263,0,0
BRDA:1615,263,1,0
BRDA:1619,264,0,0
BRDA:1619,264,1,0
BRDA:1622,265,0,0
BRDA:1622,265,1,0
BRDA:1629,266,0,0
BRDA:1629,266,1,0
BRDA:1630,267,0,0
BRDA:1630,267,1,0
BRDA:1634,268,0,0
BRDA:1634,268,1,0
BRDA:1635,269,0,0
BRDA:1635,269,1,0
BRDA:1635,270,0,0
BRDA:1635,270,1,0
BRDA:1638,271,0,0
BRDA:1638,271,1,0
BRDA:1644,272,0,0
BRDA:1644,272,1,0
BRDA:1644,273,0,0
BRDA:1644,273,1,0
BRDA:1644,274,0,0
BRDA:1644,274,1,0
BRDA:1645,275,0,0
BRDA:1645,275,1,0
BRDA:1647,276,0,0
BRDA:1647,276,1,0
BRDA:1648,277,0,0
BRDA:1648,277,1,0
BRDA:1648,278,0,0
BRDA:1648,278,1,0
BRDA:1662,279,0,8
BRDA:1662,279,1,0
BRDA:1674,280,0,0
BRDA:1674,280,1,0
BRDA:1675,281,0,0
BRDA:1675,281,1,0
BRDA:1677,282,0,0
BRDA:1677,282,1,0
BRDA:1680,283,0,0
BRDA:1680,283,1,0
BRDA:1684,284,0,0
BRDA:1684,284,1,0
BRDA:1693,285,0,0
BRDA:1693,285,1,0
BRDA:1696,286,0,0
BRDA:1696,286,1,0
BRDA:1707,287,0,0
BRDA:1707,287,1,0
BRDA:1709,288,0,0
BRDA:1709,288,1,0
BRDA:1712,289,0,0
BRDA:1712,289,1,0
BRDA:1723,290,0,0
BRDA:1723,290,1,0
BRDA:1741,291,0,8
BRDA:1741,291,1,8
BRDA:1768,292,0,0
BRDA:1768,292,1,0
BRDA:1769,293,0,0
BRDA:1769,293,1,0
BRDA:1779,294,0,8
BRDA:1779,294,1,8
BRDA:1797,295,0,32
BRDA:1797,295,1,24
BRDA:1797,295,2,24
BRDA:1802,296,0,0
BRDA:1802,296,1,0
BRDA:1810,297,0,32
BRDA:1810,297,1,32
BRDA:1814,298,0,32
BRDA:1814,298,1,0
BRDA:1820,299,0,0
BRDA:1820,299,1,0
BRDA:1821,300,0,0
BRDA:1821,300,1,0
BRDA:1824,301,0,0
BRDA:1824,301,1,0
BRDA:1825,302,0,0
BRDA:1825,302,1,0
BRDA:1826,303,0,0
BRDA:1826,303,1,0
BRDA:1835,304,0,0
BRDA:1835,304,1,0
BRDA:1837,305,0,0
BRDA:1837,305,1,0
BRDA:1839,306,0,0
BRDA:1839,306,1,0
BRDA:1839,306,2,0
BRDA:1840,307,0,0
BRDA:1840,307,1,0
BRDA:1853,308,0,32
BRDA:1853,308,1,32
BRDA:1853,308,2,32
BRDA:1864,309,0,32
BRDA:1864,309,1,0
BRDA:1864,310,0,32
BRDA:1864,310,1,32
BRDA:1886,311,0,2
BRDA:1886,311,1,30
BRDA:1929,312,0,8
BRDA:1929,312,1,24
BRDA:1956,313,0,0
BRDA:1956,313,1,32
BRF:665
BRH:127
end_of_record
TN:
SF:src/components/dashboard/KpiErrorBoundary.tsx
FN:24,(anonymous_0)
FN:37,(anonymous_1)
FN:29,(anonymous_2)
FN:33,(anonymous_3)
FN:41,(anonymous_4)
FNF:5
FNH:3
FNDA:4,(anonymous_0)
FNDA:0,(anonymous_1)
FNDA:1,(anonymous_2)
FNDA:0,(anonymous_3)
FNDA:8,(anonymous_4)
DA:1,1
DA:25,4
DA:26,4
DA:30,0
DA:34,0
DA:37,4
DA:38,0
DA:42,8
DA:43,0
DA:45,0
DA:51,0
DA:55,0
DA:75,8
LF:13
LH:6
BRDA:42,0,0,0
BRDA:42,0,1,8
BRDA:43,1,0,0
BRDA:43,1,1,0
BRDA:45,2,0,0
BRDA:45,2,1,0
BRDA:51,3,0,0
BRDA:51,3,1,0
BRF:8
BRH:1
end_of_record
TN:
SF:src/components/ui/alert-dialog.tsx
FN:9,AlertDialog
FN:15,AlertDialogTrigger
FN:23,AlertDialogPortal
FN:31,AlertDialogOverlay
FN:47,AlertDialogContent
FN:66,AlertDialogHeader
FN:79,AlertDialogFooter
FN:95,AlertDialogTitle
FN:108,AlertDialogDescription
FN:121,AlertDialogAction
FN:133,AlertDialogCancel
FNF:11
FNH:0
FNDA:0,AlertDialog
FNDA:0,AlertDialogTrigger
FNDA:0,AlertDialogPortal
FNDA:0,AlertDialogOverlay
FNDA:0,AlertDialogContent
FNDA:0,AlertDialogHeader
FNDA:0,AlertDialogFooter
FNDA:0,AlertDialogTitle
FNDA:0,AlertDialogDescription
FNDA:0,AlertDialogAction
FNDA:0,AlertDialogCancel
DA:1,1
DA:12,0
DA:18,0
DA:26,0
DA:35,0
DA:51,0
DA:70,0
DA:83,0
DA:99,0
DA:112,0
DA:125,0
DA:137,0
LF:12
LH:1
BRF:0
BRH:0
end_of_record
TN:
SF:src/components/ui/badge.tsx
FN:28,Badge
FNF:1
FNH:1
FNDA:2,Badge
DA:7,1
DA:35,2
DA:37,2
LF:3
LH:3
BRDA:31,0,0,2
BRDA:35,1,0,0
BRDA:35,1,1,2
BRF:3
BRH:2
end_of_record
TN:
SF:src/components/ui/button.tsx
FN:38,Button
FNF:1
FNH:1
FNDA:448,Button
DA:7,1
DA:48,448
DA:50,448
LF:3
LH:3
BRDA:42,0,0,448
BRDA:48,1,0,0
BRDA:48,1,1,448
BRF:3
BRH:2
end_of_record
TN:
SF:src/components/ui/card.tsx
FN:9,(anonymous_0)
FN:24,CardHeader
FN:37,CardTitle
FN:47,CardDescription
FN:57,CardAction
FN:70,CardContent
FN:80,CardFooter
FNF:7
FNH:5
FNDA:56,(anonymous_0)
FNDA:32,CardHeader
FNDA:32,CardTitle
FNDA:32,CardDescription
FNDA:0,CardAction
FNDA:56,CardContent
FNDA:0,CardFooter
DA:9,1
DA:11,56
DA:22,1
DA:25,32
DA:38,32
DA:48,32
DA:58,0
DA:71,56
DA:81,0
LF:9
LH:7
BRF:0
BRH:0
end_of_record
TN:
SF:src/components/ui/checkbox.tsx
FN:9,Checkbox
FNF:1
FNH:0
FNDA:0,Checkbox
DA:1,1
DA:13,0
LF:2
LH:1
BRF:0
BRH:0
end_of_record
TN:
SF:src/components/ui/command.tsx
FN:16,Command
FN:32,CommandDialog
FN:63,CommandInput
FN:85,CommandList
FN:101,CommandEmpty
FN:113,CommandGroup
FN:129,CommandSeparator
FN:142,CommandItem
FN:158,CommandShortcut
FNF:9
FNH:0
FNDA:0,Command
FNDA:0,CommandDialog
FNDA:0,CommandInput
FNDA:0,CommandList
FNDA:0,CommandEmpty
FNDA:0,CommandGroup
FNDA:0,CommandSeparator
FNDA:0,CommandItem
FNDA:0,CommandShortcut
DA:1,1
DA:20,0
DA:45,0
DA:67,0
DA:89,0
DA:104,0
DA:117,0
DA:133,0
DA:146,0
DA:162,0
LF:10
LH:1
BRDA:33,0,0,0
BRDA:34,1,0,0
BRDA:37,2,0,0
BRF:3
BRH:0
end_of_record
TN:
SF:src/components/ui/dialog.tsx
FN:9,Dialog
FN:15,DialogTrigger
FN:21,DialogPortal
FN:27,DialogClose
FN:33,DialogOverlay
FN:49,DialogContent
FN:83,DialogHeader
FN:93,DialogFooter
FN:106,DialogTitle
FN:119,DialogDescription
FNF:10
FNH:0
FNDA:0,Dialog
FNDA:0,DialogTrigger
FNDA:0,DialogPortal
FNDA:0,DialogClose
FNDA:0,DialogOverlay
FNDA:0,DialogContent
FNDA:0,DialogHeader
FNDA:0,DialogFooter
FNDA:0,DialogTitle
FNDA:0,DialogDescription
DA:1,1
DA:12,0
DA:18,0
DA:24,0
DA:30,0
DA:37,0
DA:57,0
DA:84,0
DA:94,0
DA:110,0
DA:123,0
LF:11
LH:1
BRDA:52,0,0,0
BRDA:69,1,0,0
BRDA:69,1,1,0
BRF:3
BRH:0
end_of_record
TN:
SF:src/components/ui/input.tsx
FN:5,Input
FNF:1
FNH:1
FNDA:64,Input
DA:6,64
LF:1
LH:1
BRF:0
BRH:0
end_of_record
TN:
SF:src/components/ui/label.tsx
FN:8,Label
FNF:1
FNH:1
FNDA:64,Label
DA:1,1
DA:12,64
LF:2
LH:2
BRF:0
BRH:0
end_of_record
TN:
SF:src/components/ui/popover.tsx
FN:8,Popover
FN:14,PopoverTrigger
FN:20,PopoverContent
FN:42,PopoverAnchor
FNF:4
FNH:0
FNDA:0,Popover
FNDA:0,PopoverTrigger
FNDA:0,PopoverContent
FNDA:0,PopoverAnchor
DA:1,1
DA:11,0
DA:17,0
DA:26,0
DA:45,0
LF:5
LH:1
BRDA:22,0,0,0
BRDA:23,1,0,0
BRF:2
BRH:0
end_of_record
TN:
SF:src/components/ui/separator.tsx
FN:8,Separator
FNF:1
FNH:1
FNDA:96,Separator
DA:1,1
DA:14,96
LF:2
LH:2
BRDA:10,0,0,96
BRDA:11,1,0,96
BRF:2
BRH:2
end_of_record
TN:
SF:src/components/ui/sheet.tsx
FN:9,Sheet
FN:13,SheetTrigger
FN:19,SheetClose
FN:25,SheetPortal
FN:31,SheetOverlay
FN:47,SheetContent
FN:84,SheetHeader
FN:94,SheetFooter
FN:104,SheetTitle
FN:117,SheetDescription
FNF:10
FNH:3
FNDA:32,Sheet
FNDA:0,SheetTrigger
FNDA:0,SheetClose
FNDA:32,SheetPortal
FNDA:0,SheetOverlay
FNDA:32,SheetContent
FNDA:0,SheetHeader
FNDA:0,SheetFooter
FNDA:0,SheetTitle
FNDA:0,SheetDescription
DA:1,1
DA:10,32
DA:16,0
DA:22,0
DA:28,32
DA:35,0
DA:55,32
DA:85,0
DA:95,0
DA:108,0
DA:121,0
LF:11
LH:4
BRDA:50,0,0,32
BRDA:62,1,0,32
BRDA:62,1,1,32
BRDA:64,2,0,32
BRDA:64,2,1,0
BRDA:66,3,0,32
BRDA:66,3,1,0
BRDA:68,4,0,32
BRDA:68,4,1,0
BRF:9
BRH:6
end_of_record
TN:
SF:src/components/ui/tooltip.tsx
FN:8,TooltipProvider
FN:21,Tooltip
FN:31,TooltipTrigger
FN:37,TooltipContent
FNF:4
FNH:4
FNDA:128,TooltipProvider
FNDA:64,Tooltip
FNDA:64,TooltipTrigger
FNDA:64,TooltipContent
DA:1,1
DA:12,128
DA:24,64
DA:34,64
DA:44,64
LF:5
LH:5
BRDA:9,0,0,128
BRDA:39,1,0,64
BRDA:40,2,0,64
BRDA:56,3,0,64
BRDA:56,3,1,0
BRF:5
BRH:4
end_of_record
TN:
SF:src/lib/utils.ts
FN:4,cn
FNF:1
FNH:1
FNDA:978,cn
DA:5,978
LF:1
LH:1
BRF:0
BRH:0
end_of_record
